#
# A fatal error has been detected by the Java Runtime Environment:
#
#  EXCEPTION_ACCESS_VIOLATION (0xc0000005) at pc=0x00000211ea2a05ac, pid=576, tid=9316
#
# JRE version: Java(TM) SE Runtime Environment (18.0.2.1+1) (build 18.0.2.1+1-1)
# Java VM: Java HotSpot(TM) 64-Bit Server VM (18.0.2.1+1-1, mixed mode, sharing, tiered, compressed oops, compressed class ptrs, g1 gc, windows-amd64)
# Problematic frame:
# v  ~BufferBlob::MethodHandles adapters
#
# No core dump will be written. Minidumps are not enabled by default on client versions of Windows
#
# If you would like to submit a bug report, please visit:
#   https://bugreport.java.com/bugreport/crash.jsp
#

---------------  S U M M A R Y ------------

Command Line: -XX:+ShowCodeDetailsInExceptionMessages -agentlib:jdwp=transport=dt_socket,suspend=y,address=localhost:61364 -ea -Dfile.encoding=UTF-8 org.testng.remote.RemoteTestNG -serport 61363 -protocol json -d C:\Users\CodeTez\eclipse-workspace\RajeshAdvisory\test-output C:\Users\CodeTez\AppData\Local\Temp\testng-eclipse--1483561414\testng-customsuite.xml

Host: Intel(R) Core(TM) i3-10105F CPU @ 3.70GHz, 8 cores, 7G,  Windows 10 , 64 bit Build 19041 (10.0.19041.1889)
Time: Thu Oct 13 18:20:38 2022 India Standard Time elapsed time: 107.363909 seconds (0d 0h 1m 47s)

---------------  T H R E A D  ---------------

Current thread (0x00000211e08dbfe0):  JavaThread "main" [_thread_in_Java, id=9316, stack(0x000000ae42600000,0x000000ae42700000)]

Stack: [0x000000ae42600000,0x000000ae42700000],  sp=0x000000ae426fdf48,  free space=1015k
Native frames: (J=compiled Java code, j=interpreted, Vv=VM code, C=native code)
C  0x00000211ea2a05ac


siginfo: EXCEPTION_ACCESS_VIOLATION (0xc0000005), reading address 0xffffffffffffffff


Register to memory mapping:

RIP=0x00000211ea2a05ac is at begin+68 in a stub
MethodHandle::interpreter_entry::_linkToSpecial [0x00000211ea2a0568, 0x00000211ea2a05b7] (79 bytes)
RAX=0x00000211ea269efa is at code_begin+3482 in an Interpreter codelet
return entry points  [0x00000211ea269160, 0x00000211ea26b380]  8736 bytes
RBX=0x842b781000000000 is an unknown value
RCX=0x000000ae426fdf50 is pointing into the stack for thread: 0x00000211e08dbfe0
RDX=0x0000000000000002 is an unknown value
RSP=0x000000ae426fdf48 is pointing into the stack for thread: 0x00000211e08dbfe0
RBP=0x000000ae426fdf98 is pointing into the stack for thread: 0x00000211e08dbfe0
RSI=0x00000211ffb97588 points into unknown readable memory: 0x88002e005221a945 | 45 a9 21 52 00 2e 00 88
RDI=0x00000211863d9d80 points into unknown readable memory: 0x0000001800000070 | 70 00 00 00 18 00 00 00
R8 =0x0000000000000002 is an unknown value
R9 =0x0000000000000002 is an unknown value
R10=0x0000000800000000 is pointing into metadata
R11={method} {0x00000008000c8c50} 'newInvokeSpecial' '(Ljava/lang/Object;)Ljava/lang/Object;' in 'java/lang/invoke/DirectMethodHandle$Holder'
R12=0x0 is NULL
R13=0x000000ae426fdf48 is pointing into the stack for thread: 0x00000211e08dbfe0
R14=0x000000ae426fdfb8 is pointing into the stack for thread: 0x00000211e08dbfe0
R15=0x00000211e08dbfe0 is a thread


Registers:
RAX=0x00000211ea269efa, RBX=0x842b781000000000, RCX=0x000000ae426fdf50, RDX=0x0000000000000002
RSP=0x000000ae426fdf48, RBP=0x000000ae426fdf98, RSI=0x00000211ffb97588, RDI=0x00000211863d9d80
R8 =0x0000000000000002, R9 =0x0000000000000002, R10=0x0000000800000000, R11=0x00000008000c8c48
R12=0x0000000000000000, R13=0x000000ae426fdf48, R14=0x000000ae426fdfb8, R15=0x00000211e08dbfe0
RIP=0x00000211ea2a05ac, EFLAGS=0x0000000000010202

Top of Stack: (sp=0x000000ae426fdf48)
0x000000ae426fdf48:   00000211ea269efa 000000ae426fdf50
0x000000ae426fdf58:   00000008006df1ef 000000ae426fdfb8
0x000000ae426fdf68:   00000008000c4a00 0000021182aeda08
0x000000ae426fdf78:   0000000081b7cbb8 00000008000c8c48
0x000000ae426fdf88:   000000ae426fdf48 000000ae426fdfc0
0x000000ae426fdf98:   000000ae426fe2a8 00000211eab62036
0x000000ae426fdfa8:   00000000842b7718 00000000842b77c0
0x000000ae426fdfb8:   00000000842b7778 0000000000000000
0x000000ae426fdfc8:   000000ae426fdfe0 000000ae426fe038
0x000000ae426fdfd8:   00000211ea26a42c 00000000842b7778
0x000000ae426fdfe8:   00000000842b77a8 000000ae426fdff0
0x000000ae426fdff8:   00000008007e899e 00000000842b77a8
0x000000ae426fe008:   0000000000000000 000000ae426fe010
0x000000ae426fe018:   00000008006250d8 000000ae426fe078
0x000000ae426fe028:   0000000800046d90 0000000000000000
0x000000ae426fe038:   0000000081bc31d0 00000008000488a0 

Instructions: (pc=0x00000211ea2a05ac)
0x00000211ea2a04ac:   8b 59 14 8b 5b 28 8b 5b 24 48 8b 5b 10 48 85 db
0x00000211ea2a04bc:   0f 84 10 00 00 00 41 80 bf 80 04 00 00 00 74 03
0x00000211ea2a04cc:   ff 63 38 ff 63 50 e9 29 16 00 00 66 0f 1f 84 00
0x00000211ea2a04dc:   00 00 00 00 48 8b 53 08 0f b7 52 2c 48 8b 0c d4
0x00000211ea2a04ec:   58 5b 50 44 8b 51 08 49 bb 00 00 00 00 08 00 00
0x00000211ea2a04fc:   00 4d 03 d3 4c 8b 5b 10 4b 8b 9c da b8 01 00 00
0x00000211ea2a050c:   48 85 db 0f 84 10 00 00 00 41 80 bf 80 04 00 00
0x00000211ea2a051c:   00 74 03 ff 63 38 ff 63 50 e9 d6 15 00 00 66 66
0x00000211ea2a052c:   66 0f 1f 84 00 00 00 00 00 66 66 66 90 0f 1f 80
0x00000211ea2a053c:   00 00 00 00 58 5b 50 8b 5b 24 48 8b 5b 10 48 85
0x00000211ea2a054c:   db 0f 84 10 00 00 00 41 80 bf 80 04 00 00 00 74
0x00000211ea2a055c:   03 ff 63 38 ff 63 50 e9 98 15 00 00 66 66 66 0f
0x00000211ea2a056c:   1f 84 00 00 00 00 00 66 66 66 90 66 0f 1f 84 00
0x00000211ea2a057c:   00 00 00 00 48 8b 53 08 0f b7 52 2c 48 8b 0c d4
0x00000211ea2a058c:   58 5b 50 48 3b 01 8b 5b 24 48 8b 5b 10 48 85 db
0x00000211ea2a059c:   0f 84 10 00 00 00 41 80 bf 80 04 00 00 00 74 03
0x00000211ea2a05ac:   ff 63 38 ff 63 50 e9 49 15 00 00 66 0f 1f 84 00
0x00000211ea2a05bc:   00 00 00 00 48 8b 53 08 0f b7 52 2c 48 8b 0c d4
0x00000211ea2a05cc:   58 5b 50 44 8b 51 08 49 bb 00 00 00 00 08 00 00
0x00000211ea2a05dc:   00 4d 03 d3 8b 43 18 48 8b 40 10 48 8b 5b 10 45
0x00000211ea2a05ec:   8b 9a a0 00 00 00 4f 8d 9c da b8 01 00 00 4d 8d
0x00000211ea2a05fc:   14 da 49 8b 1b 48 3b c3 74 15 48 85 db 0f 84 32
0x00000211ea2a060c:   00 00 00 49 83 c3 10 49 8b 1b 48 3b c3 75 eb 45
0x00000211ea2a061c:   8b 5b 08 4b 8b 1c 1a 48 85 db 0f 84 10 00 00 00
0x00000211ea2a062c:   41 80 bf 80 04 00 00 00 74 03 ff 63 38 ff 63 50
0x00000211ea2a063c:   e9 bf 14 00 00 e9 ba 11 00 00 f4 00 00 00 00 00
0x00000211ea2a064c:   00 00 00 00 00 00 00 00 00 00 00 00 00 00 00 00
0x00000211ea2a065c:   00 00 00 00 00 00 00 00 00 00 00 00 00 00 00 00
0x00000211ea2a066c:   00 00 00 00 00 00 00 00 00 00 00 00 00 00 00 00
0x00000211ea2a067c:   00 00 00 00 00 00 00 00 00 00 00 00 00 00 00 00
0x00000211ea2a068c:   00 00 00 00 00 00 00 00 00 00 00 00 00 00 00 00
0x00000211ea2a069c:   00 00 00 00 00 00 00 00 00 00 00 00 00 00 00 00 


Stack slot to memory mapping:
stack at sp + 0 slots: 0x00000211ea269efa is at code_begin+3482 in an Interpreter codelet
return entry points  [0x00000211ea269160, 0x00000211ea26b380]  8736 bytes
stack at sp + 1 slots: 0x000000ae426fdf50 is pointing into the stack for thread: 0x00000211e08dbfe0
stack at sp + 2 slots: 0x00000008006df1ef is pointing into metadata
stack at sp + 3 slots: 0x000000ae426fdfb8 is pointing into the stack for thread: 0x00000211e08dbfe0
stack at sp + 4 slots: 0x00000008000c4a00 is pointing into metadata
stack at sp + 5 slots: 0x0000021182aeda08 is pointing into metadata
stack at sp + 6 slots: 0x0000000081b7cbb8 is an oop: java.lang.Class 
{0x0000000081b7cbb8} - klass: 'java/lang/Class'
 - ---- fields (total size 14 words):
 - private volatile transient 'classRedefinedCount' 'I' @12  0
 - abstract internal 'klass' 'J' @16  34360542752 (c4620 8)
 - abstract internal 'array_klass' 'J' @24  0 (0 0)
 - abstract internal 'oop_size' 'I' @32  14 (e)
 - abstract internal 'static_oop_field_count' 'I' @36  0
 - private volatile transient 'cachedConstructor' 'Ljava/lang/reflect/Constructor;' @40  NULL (0)
 - private transient 'name' 'Ljava/lang/String;' @44  NULL (0)
 - private transient 'module' 'Ljava/lang/Module;' @48  a 'java/lang/Module'{0x0000000081b59668} (81b59668)
 - private final 'classLoader' 'Ljava/lang/ClassLoader;' @52  NULL (0)
 - private transient 'classData' 'Ljava/lang/Object;' @56  NULL (0)
 - private transient 'packageName' 'Ljava/lang/String;' @60  NULL (0)
 - private final 'componentType' 'Ljava/lang/Class;' @64  NULL (0)
 - private volatile transient 'reflectionData' 'Ljava/lang/ref/SoftReference;' @68  NULL (0)
 - private volatile transient 'genericInfo' 'Lsun/reflect/generics/repository/ClassRepository;' @72  NULL (0)
 - private volatile transient 'enumConstants' '[Ljava/lang/Object;' @76  NULL (0)
 - private volatile transient 'enumConstantDirectory' 'Ljava/util/Map;' @80  NULL (0)
 - private volatile transient 'annotationData' 'Ljava/lang/Class$AnnotationData;' @84  NULL (0)
 - private volatile transient 'annotationType' 'Lsun/reflect/annotation/AnnotationType;' @88  NULL (0)
 - transient 'classValueMap' 'Ljava/lang/ClassValue$ClassValueMap;' @92  NULL (0)
 - abstract internal 'protection_domain' 'Ljava/lang/Object;' @96  NULL (0)
 - abstract internal 'signers_name' 'Ljava/lang/Object;' @100  NULL (0)
 - abstract internal 'source_file' 'Ljava/lang/Object;' @104  NULL (0)
 - signature: Ljava/lang/invoke/DirectMethodHandle$Holder;
 - ---- static fields (0):
stack at sp + 7 slots: {method} {0x00000008000c8c50} 'newInvokeSpecial' '(Ljava/lang/Object;)Ljava/lang/Object;' in 'java/lang/invoke/DirectMethodHandle$Holder'

MethodHandle::interpreter_entry::_linkToSpecial [0x00000211ea2a0568, 0x00000211ea2a05b7] (79 bytes)
[MachCode]
  0x00000211ea2a0568: 6666 660f | 1f84 0000 | 0000 0066 | 6666 9066 | 0f1f 8400 | 0000 0000 | 488b 5308 | 0fb7 522c 
  0x00000211ea2a0588: 488b 0cd4 | 585b 5048 | 3b01 8b5b | 2448 8b5b | 1048 85db | 0f84 1000 | 0000 4180 | bf80 0400 
  0x00000211ea2a05a8: 0000 7403 | ff63 38ff | 6350 e949 | 
[/MachCode]

---------------  P R O C E S S  ---------------

Threads class SMR info:
_java_thread_list=0x000002118699c1a0, length=26, elements={
0x00000211e08dbfe0, 0x00000211feafe760, 0x00000211feb01570, 0x00000211feb1a970,
0x00000211feb1b370, 0x00000211feb1bc20, 0x00000211feb1da00, 0x00000211feb33590,
0x00000211feb382c0, 0x00000211feb407b0, 0x00000211fed81580, 0x00000211fed793c0,
0x00000211fed7bc40, 0x00000211fed8e410, 0x00000211fed8e8e0, 0x00000211fed90a90,
0x00000211fed8fc20, 0x00000211fed91430, 0x00000211fed90f60, 0x00000211fed8df40,
0x00000211fed900f0, 0x00000211fed8f280, 0x00000211fed905c0, 0x0000021186360170,
0x0000021186362cc0, 0x00000211863661b0
}

Java Threads: ( => current thread )
=>0x00000211e08dbfe0 JavaThread "main" [_thread_in_Java, id=9316, stack(0x000000ae42600000,0x000000ae42700000)]
  0x00000211feafe760 JavaThread "Reference Handler" daemon [_thread_blocked, id=24852, stack(0x000000ae42d00000,0x000000ae42e00000)]
  0x00000211feb01570 JavaThread "Finalizer" daemon [_thread_blocked, id=27592, stack(0x000000ae42e00000,0x000000ae42f00000)]
  0x00000211feb1a970 JavaThread "Signal Dispatcher" daemon [_thread_blocked, id=5988, stack(0x000000ae42f00000,0x000000ae43000000)]
  0x00000211feb1b370 JavaThread "Attach Listener" daemon [_thread_blocked, id=6632, stack(0x000000ae43000000,0x000000ae43100000)]
  0x00000211feb1bc20 JavaThread "Service Thread" daemon [_thread_blocked, id=36160, stack(0x000000ae43100000,0x000000ae43200000)]
  0x00000211feb1da00 JavaThread "Monitor Deflation Thread" daemon [_thread_blocked, id=21656, stack(0x000000ae43200000,0x000000ae43300000)]
  0x00000211feb33590 JavaThread "C2 CompilerThread0" daemon [_thread_blocked, id=30836, stack(0x000000ae43300000,0x000000ae43400000)]
  0x00000211feb382c0 JavaThread "C1 CompilerThread0" daemon [_thread_blocked, id=10016, stack(0x000000ae43400000,0x000000ae43500000)]
  0x00000211feb407b0 JavaThread "Sweeper thread" daemon [_thread_blocked, id=20032, stack(0x000000ae43500000,0x000000ae43600000)]
  0x00000211fed81580 JavaThread "JDWP Transport Listener: dt_socket" daemon [_thread_blocked, id=17524, stack(0x000000ae43600000,0x000000ae43700000)]
  0x00000211fed793c0 JavaThread "JDWP Event Helper Thread" daemon [_thread_blocked, id=12644, stack(0x000000ae43700000,0x000000ae43800000)]
  0x00000211fed7bc40 JavaThread "JDWP Command Reader" daemon [_thread_in_native, id=17924, stack(0x000000ae43800000,0x000000ae43900000)]
  0x00000211fed8e410 JavaThread "Notification Thread" daemon [_thread_blocked, id=28544, stack(0x000000ae43900000,0x000000ae43a00000)]
  0x00000211fed8e8e0 JavaThread "Common-Cleaner" daemon [_thread_blocked, id=3888, stack(0x000000ae43b00000,0x000000ae43c00000)]
  0x00000211fed90a90 JavaThread "ReaderThread" [_thread_in_native, id=10492, stack(0x000000ae43d00000,0x000000ae43e00000)]
  0x00000211fed8fc20 JavaThread "ForkJoinPool.commonPool-worker-2" daemon [_thread_blocked, id=7620, stack(0x000000ae44000000,0x000000ae44100000)]
  0x00000211fed91430 JavaThread "AsyncHttpClient-1-1" daemon [_thread_blocked, id=35940, stack(0x000000ae44800000,0x000000ae44900000)]
  0x00000211fed90f60 JavaThread "Exec Default Executor" daemon [_thread_in_native, id=23556, stack(0x000000ae44a00000,0x000000ae44b00000)]
  0x00000211fed8df40 JavaThread "Driver Service Executor" daemon [_thread_blocked, id=13316, stack(0x000000ae44b00000,0x000000ae44c00000)]
  0x00000211fed900f0 JavaThread "Driver Service Executor" daemon [_thread_blocked, id=28612, stack(0x000000ae44c00000,0x000000ae44d00000)]
  0x00000211fed8f280 JavaThread "Exec Stream Pumper" daemon [_thread_in_native, id=6444, stack(0x000000ae44e00000,0x000000ae44f00000)]
  0x00000211fed905c0 JavaThread "Exec Stream Pumper" daemon [_thread_in_native, id=26000, stack(0x000000ae44f00000,0x000000ae45000000)]
  0x0000021186360170 JavaThread "AsyncHttpClient-1-2" daemon [_thread_in_native, id=24632, stack(0x000000ae45100000,0x000000ae45200000)]
  0x0000021186362cc0 JavaThread "AsyncHttpClient-1-3" daemon [_thread_in_native, id=29716, stack(0x000000ae43e00000,0x000000ae43f00000)]
  0x00000211863661b0 JavaThread "AsyncHttpClient-1-4" daemon [_thread_in_native, id=24496, stack(0x000000ae44900000,0x000000ae44a00000)]

Other Threads:
  0x00000211e299d070 VMThread "VM Thread" [stack: 0x000000ae42c00000,0x000000ae42d00000] [id=16632]
  0x00000211fed7cd40 WatcherThread "VM Periodic Task Thread" [stack: 0x000000ae43a00000,0x000000ae43b00000] [id=9076]
  0x00000211e29821d0 WorkerThread "GC Thread#0" [stack: 0x000000ae42700000,0x000000ae42800000] [id=35376]
  0x00000211860a76d0 WorkerThread "GC Thread#1" [stack: 0x000000ae44100000,0x000000ae44200000] [id=22212]
  0x000002118614b2a0 WorkerThread "GC Thread#2" [stack: 0x000000ae44200000,0x000000ae44300000] [id=36420]
  0x000002118614b540 WorkerThread "GC Thread#3" [stack: 0x000000ae44300000,0x000000ae44400000] [id=5812]
  0x000002118613df80 WorkerThread "GC Thread#4" [stack: 0x000000ae44400000,0x000000ae44500000] [id=5176]
  0x000002118614b7e0 WorkerThread "GC Thread#5" [stack: 0x000000ae44500000,0x000000ae44600000] [id=21252]
  0x000002118604f850 WorkerThread "GC Thread#6" [stack: 0x000000ae44600000,0x000000ae44700000] [id=36532]
  0x00000211ffba0ea0 WorkerThread "GC Thread#7" [stack: 0x000000ae44700000,0x000000ae44800000] [id=35852]
  0x00000211e2995620 ConcurrentGCThread "G1 Main Marker" [stack: 0x000000ae42800000,0x000000ae42900000] [id=5972]
  0x00000211e2995f20 WorkerThread "G1 Conc#0" [stack: 0x000000ae42900000,0x000000ae42a00000] [id=32520]
  0x00000211ffaa63d0 WorkerThread "G1 Conc#1" [stack: 0x000000ae45200000,0x000000ae45300000] [id=18824]
  0x00000211e29e0a70 ConcurrentGCThread "G1 Refine#0" [stack: 0x000000ae42a00000,0x000000ae42b00000] [id=20180]
  0x00000211e29e1290 ConcurrentGCThread "G1 Service" [stack: 0x000000ae42b00000,0x000000ae42c00000] [id=12372]

Threads with active compile tasks:

VM state: not at safepoint (normal execution)

VM Mutex/Monitor currently owned by a thread: None

Heap address: 0x0000000081800000, size: 2024 MB, Compressed Oops mode: 32-bit

CDS archive(s) mapped at: [0x0000000800000000-0x0000000800ba0000-0x0000000800ba0000), size 12189696, SharedBaseAddress: 0x0000000800000000, ArchiveRelocationMode: 0.
Compressed class space mapped at: 0x0000000800c00000-0x0000000840c00000, reserved size: 1073741824
Narrow klass base: 0x0000000800000000, Narrow klass shift: 0, Narrow klass range: 0x100000000

GC Precious Log:
 CardTable entry size: 512
 Card Set container configuration: InlinePtr #cards 5 size 8 Array Of Cards #cards 12 size 40 Howl #buckets 4 coarsen threshold 1843 Howl Bitmap #cards 512 size 80 coarsen threshold 460 Card regions per heap region 1 cards per card region 2048
 CPUs: 8 total, 8 available
 Memory: 8089M
 Large Page Support: Disabled
 NUMA Support: Disabled
 Compressed Oops: Enabled (32-bit)
 Heap Region Size: 1M
 Heap Min Capacity: 8M
 Heap Initial Capacity: 128M
 Heap Max Capacity: 2024M
 Pre-touch: Disabled
 Parallel Workers: 8
 Concurrent Workers: 2
 Concurrent Refinement Workers: 8
 Periodic GC: Disabled

Heap:
 garbage-first heap   total 58368K, used 27854K [0x0000000081800000, 0x0000000100000000)
  region size 1024K, 17 young (17408K), 4 survivors (4096K)
 Metaspace       used 23519K, committed 23936K, reserved 1114112K
  class space    used 2888K, committed 3072K, reserved 1048576K

Heap Regions: E=young(eden), S=young(survivor), O=old, HS=humongous(starts), HC=humongous(continues), CS=collection set, F=free, OA=open archive, CA=closed archive, TAMS=top-at-mark-start (previous, next)
|   0|0x0000000081800000, 0x0000000081900000, 0x0000000081900000|100%|HS|  |TAMS 0x0000000081900000, 0x0000000081800000| Complete 
|   1|0x0000000081900000, 0x0000000081a00000, 0x0000000081a00000|100%|HC|  |TAMS 0x0000000081a00000, 0x0000000081900000| Complete 
|   2|0x0000000081a00000, 0x0000000081b00000, 0x0000000081b00000|100%| O|  |TAMS 0x0000000081b00000, 0x0000000081a00000| Untracked 
|   3|0x0000000081b00000, 0x0000000081c00000, 0x0000000081c00000|100%| O|  |TAMS 0x0000000081c00000, 0x0000000081b00000| Untracked 
|   4|0x0000000081c00000, 0x0000000081d00000, 0x0000000081d00000|100%| O|  |TAMS 0x0000000081d00000, 0x0000000081c00000| Untracked 
|   5|0x0000000081d00000, 0x0000000081e00000, 0x0000000081e00000|100%| O|  |TAMS 0x0000000081e00000, 0x0000000081d00000| Untracked 
|   6|0x0000000081e00000, 0x0000000081e50a00, 0x0000000081f00000| 31%| O|  |TAMS 0x0000000081e50a00, 0x0000000081e00000| Complete 
|   7|0x0000000081f00000, 0x0000000082000000, 0x0000000082000000|100%|HS|  |TAMS 0x0000000081f00000, 0x0000000081f00000| Complete 
|   8|0x0000000082000000, 0x0000000082100000, 0x0000000082100000|100%|HC|  |TAMS 0x0000000082000000, 0x0000000082000000| Complete 
|   9|0x0000000082100000, 0x0000000082200000, 0x0000000082200000|100%|HC|  |TAMS 0x0000000082100000, 0x0000000082100000| Complete 
|  10|0x0000000082200000, 0x0000000082300000, 0x0000000082300000|100%|HC|  |TAMS 0x0000000082200000, 0x0000000082200000| Complete 
|  11|0x0000000082300000, 0x0000000082400000, 0x0000000082400000|100%|HC|  |TAMS 0x0000000082300000, 0x0000000082300000| Complete 
|  12|0x0000000082400000, 0x0000000082400000, 0x0000000082500000|  0%| F|  |TAMS 0x0000000082400000, 0x0000000082400000| Untracked 
|  13|0x0000000082500000, 0x0000000082500000, 0x0000000082600000|  0%| F|  |TAMS 0x0000000082500000, 0x0000000082500000| Untracked 
|  14|0x0000000082600000, 0x0000000082600000, 0x0000000082700000|  0%| F|  |TAMS 0x0000000082600000, 0x0000000082600000| Untracked 
|  15|0x0000000082700000, 0x0000000082700000, 0x0000000082800000|  0%| F|  |TAMS 0x0000000082700000, 0x0000000082700000| Untracked 
|  16|0x0000000082800000, 0x0000000082800000, 0x0000000082900000|  0%| F|  |TAMS 0x0000000082800000, 0x0000000082800000| Untracked 
|  17|0x0000000082900000, 0x0000000082900000, 0x0000000082a00000|  0%| F|  |TAMS 0x0000000082900000, 0x0000000082900000| Untracked 
|  18|0x0000000082a00000, 0x0000000082a00000, 0x0000000082b00000|  0%| F|  |TAMS 0x0000000082a00000, 0x0000000082a00000| Untracked 
|  19|0x0000000082b00000, 0x0000000082b00000, 0x0000000082c00000|  0%| F|  |TAMS 0x0000000082b00000, 0x0000000082b00000| Untracked 
|  20|0x0000000082c00000, 0x0000000082c00000, 0x0000000082d00000|  0%| F|  |TAMS 0x0000000082c00000, 0x0000000082c00000| Untracked 
|  21|0x0000000082d00000, 0x0000000082d00000, 0x0000000082e00000|  0%| F|  |TAMS 0x0000000082d00000, 0x0000000082d00000| Untracked 
|  22|0x0000000082e00000, 0x0000000082e00000, 0x0000000082f00000|  0%| F|  |TAMS 0x0000000082e00000, 0x0000000082e00000| Untracked 
|  23|0x0000000082f00000, 0x0000000082f00000, 0x0000000083000000|  0%| F|  |TAMS 0x0000000082f00000, 0x0000000082f00000| Untracked 
|  24|0x0000000083000000, 0x0000000083000000, 0x0000000083100000|  0%| F|  |TAMS 0x0000000083000000, 0x0000000083000000| Untracked 
|  25|0x0000000083100000, 0x0000000083100000, 0x0000000083200000|  0%| F|  |TAMS 0x0000000083100000, 0x0000000083100000| Untracked 
|  26|0x0000000083200000, 0x0000000083200000, 0x0000000083300000|  0%| F|  |TAMS 0x0000000083200000, 0x0000000083200000| Untracked 
|  27|0x0000000083300000, 0x0000000083300000, 0x0000000083400000|  0%| F|  |TAMS 0x0000000083300000, 0x0000000083300000| Untracked 
|  28|0x0000000083400000, 0x0000000083400000, 0x0000000083500000|  0%| F|  |TAMS 0x0000000083400000, 0x0000000083400000| Untracked 
|  29|0x0000000083500000, 0x0000000083500000, 0x0000000083600000|  0%| F|  |TAMS 0x0000000083500000, 0x0000000083500000| Untracked 
|  30|0x0000000083600000, 0x0000000083600000, 0x0000000083700000|  0%| F|  |TAMS 0x0000000083600000, 0x0000000083600000| Untracked 
|  31|0x0000000083700000, 0x0000000083700000, 0x0000000083800000|  0%| F|  |TAMS 0x0000000083700000, 0x0000000083700000| Untracked 
|  32|0x0000000083800000, 0x0000000083800000, 0x0000000083900000|  0%| F|  |TAMS 0x0000000083800000, 0x0000000083800000| Untracked 
|  33|0x0000000083900000, 0x0000000083900000, 0x0000000083a00000|  0%| F|  |TAMS 0x0000000083900000, 0x0000000083900000| Untracked 
|  34|0x0000000083a00000, 0x0000000083a00000, 0x0000000083b00000|  0%| F|  |TAMS 0x0000000083a00000, 0x0000000083a00000| Untracked 
|  35|0x0000000083b00000, 0x0000000083b00000, 0x0000000083c00000|  0%| F|  |TAMS 0x0000000083b00000, 0x0000000083b00000| Untracked 
|  36|0x0000000083c00000, 0x0000000083c00000, 0x0000000083d00000|  0%| F|  |TAMS 0x0000000083c00000, 0x0000000083c00000| Untracked 
|  37|0x0000000083d00000, 0x0000000083d00000, 0x0000000083e00000|  0%| F|  |TAMS 0x0000000083d00000, 0x0000000083d00000| Untracked 
|  38|0x0000000083e00000, 0x0000000083e00000, 0x0000000083f00000|  0%| F|  |TAMS 0x0000000083e00000, 0x0000000083e00000| Untracked 
|  39|0x0000000083f00000, 0x0000000083f00000, 0x0000000084000000|  0%| F|  |TAMS 0x0000000083f00000, 0x0000000083f00000| Untracked 
|  40|0x0000000084000000, 0x0000000084000800, 0x0000000084100000|  0%| E|  |TAMS 0x0000000084000000, 0x0000000084000000| Complete 
|  41|0x0000000084100000, 0x0000000084200000, 0x0000000084200000|100%| E|CS|TAMS 0x0000000084100000, 0x0000000084100000| Complete 
|  42|0x0000000084200000, 0x0000000084300000, 0x0000000084300000|100%| E|CS|TAMS 0x0000000084200000, 0x0000000084200000| Complete 
|  43|0x0000000084300000, 0x0000000084400000, 0x0000000084400000|100%| E|CS|TAMS 0x0000000084300000, 0x0000000084300000| Complete 
|  44|0x0000000084400000, 0x0000000084500000, 0x0000000084500000|100%| E|CS|TAMS 0x0000000084400000, 0x0000000084400000| Complete 
|  45|0x0000000084500000, 0x0000000084600000, 0x0000000084600000|100%| E|CS|TAMS 0x0000000084500000, 0x0000000084500000| Complete 
|  46|0x0000000084600000, 0x0000000084700000, 0x0000000084700000|100%| E|CS|TAMS 0x0000000084600000, 0x0000000084600000| Complete 
|  47|0x0000000084700000, 0x0000000084800000, 0x0000000084800000|100%| E|CS|TAMS 0x0000000084700000, 0x0000000084700000| Complete 
|  48|0x0000000084800000, 0x0000000084900000, 0x0000000084900000|100%| E|CS|TAMS 0x0000000084800000, 0x0000000084800000| Complete 
|  49|0x0000000084900000, 0x0000000084a00000, 0x0000000084a00000|100%| E|CS|TAMS 0x0000000084900000, 0x0000000084900000| Complete 
|  50|0x0000000084a00000, 0x0000000084b00000, 0x0000000084b00000|100%| E|CS|TAMS 0x0000000084a00000, 0x0000000084a00000| Complete 
|  51|0x0000000084b00000, 0x0000000084c00000, 0x0000000084c00000|100%| E|CS|TAMS 0x0000000084b00000, 0x0000000084b00000| Complete 
| 118|0x0000000088e00000, 0x0000000088ee2f80, 0x0000000088f00000| 88%| S|CS|TAMS 0x0000000088e00000, 0x0000000088e00000| Complete 
| 119|0x0000000088f00000, 0x0000000089000000, 0x0000000089000000|100%| S|CS|TAMS 0x0000000088f00000, 0x0000000088f00000| Complete 
| 120|0x0000000089000000, 0x0000000089100000, 0x0000000089100000|100%| S|CS|TAMS 0x0000000089000000, 0x0000000089000000| Complete 
| 121|0x0000000089100000, 0x0000000089200000, 0x0000000089200000|100%| S|CS|TAMS 0x0000000089100000, 0x0000000089100000| Complete 
| 127|0x0000000089700000, 0x0000000089800000, 0x0000000089800000|100%| E|CS|TAMS 0x0000000089700000, 0x0000000089700000| Complete 

Card table byte_map: [0x00000211f99b0000,0x00000211f9db0000] _byte_map_base: 0x00000211f95a4000

Marking Bits (Prev, Next): (CMBitMap*) 0x00000211e2984740, (CMBitMap*) 0x00000211e2984700
 Prev Bits: [0x00000211fc150000, 0x00000211fe0f0000)
 Next Bits: [0x00000211fa1b0000, 0x00000211fc150000)

Polling page: 0x00000211e0a70000

Metaspace:

Usage:
  Non-class:     20.15 MB used.
      Class:      2.82 MB used.
       Both:     22.97 MB used.

Virtual space:
  Non-class space:       64.00 MB reserved,      20.38 MB ( 32%) committed,  1 nodes.
      Class space:        1.00 GB reserved,       3.00 MB ( <1%) committed,  1 nodes.
             Both:        1.06 GB reserved,      23.38 MB (  2%) committed. 

Chunk freelists:
   Non-Class:  2.80 MB
       Class:  999.00 KB
        Both:  3.77 MB

MaxMetaspaceSize: unlimited
CompressedClassSpaceSize: 1.00 GB
Initial GC threshold: 21.00 MB
Current GC threshold: 35.12 MB
CDS: on
MetaspaceReclaimPolicy: balanced
 - commit_granule_bytes: 65536.
 - commit_granule_words: 8192.
 - virtual_space_node_default_size: 8388608.
 - enlarge_chunks_in_place: 1.
 - new_chunks_are_fully_committed: 0.
 - uncommit_free_chunks: 1.
 - use_allocation_guard: 0.


Internal statistics:

num_allocs_failed_limit: 3.
num_arena_births: 378.
num_arena_deaths: 0.
num_vsnodes_births: 2.
num_vsnodes_deaths: 0.
num_space_committed: 374.
num_space_uncommitted: 0.
num_chunks_returned_to_freelist: 3.
num_chunks_taken_from_freelist: 1013.
num_chunk_merges: 3.
num_chunk_splits: 687.
num_chunks_enlarged: 512.
num_inconsistent_stats: 0.

CodeHeap 'non-profiled nmethods': size=120000Kb used=894Kb max_used=894Kb free=119105Kb
 bounds [0x00000211f1d30000, 0x00000211f1fa0000, 0x00000211f9260000]
CodeHeap 'profiled nmethods': size=120000Kb used=4809Kb max_used=4809Kb free=115190Kb
 bounds [0x00000211ea800000, 0x00000211eacc0000, 0x00000211f1d30000]
CodeHeap 'non-nmethods': size=5760Kb used=1362Kb max_used=1379Kb free=4397Kb
 bounds [0x00000211ea260000, 0x00000211ea4d0000, 0x00000211ea800000]
 total_blobs=3062 nmethods=2460 adapters=514
 compilation: enabled
              stopped_count=0, restarted_count=0
 full_count=0

Compilation events (20 events):
Event: 62.642 Thread 0x00000211feb382c0 2451       3       jdk.internal.org.objectweb.asm.Type::getObjectType (31 bytes)
Event: 62.642 Thread 0x00000211feb382c0 nmethod 2451 0x00000211eacaf290 code [0x00000211eacaf4c0, 0x00000211eacafd18]
Event: 63.840 Thread 0x00000211feb382c0 2452       3       sun.misc.Unsafe::putOrderedLong (11 bytes)
Event: 63.840 Thread 0x00000211feb382c0 nmethod 2452 0x00000211eacb0110 code [0x00000211eacb02c0, 0x00000211eacb04a8]
Event: 70.338 Thread 0x00000211feb382c0 2453       3       org.asynchttpclient.netty.channel.DefaultChannelPool::access$500 (4 bytes)
Event: 70.338 Thread 0x00000211feb382c0 nmethod 2453 0x00000211eacb0590 code [0x00000211eacb0720, 0x00000211eacb0818]
Event: 72.543 Thread 0x00000211feb382c0 2454       1       java.util.Collections$EmptyList::size (2 bytes)
Event: 72.543 Thread 0x00000211feb382c0 nmethod 2454 0x00000211f1e0f690 code [0x00000211f1e0f820, 0x00000211f1e0f8f8]
Event: 72.543 Thread 0x00000211feb382c0 2455       3       sun.misc.Unsafe::compareAndSwapLong (13 bytes)
Event: 72.544 Thread 0x00000211feb382c0 nmethod 2455 0x00000211eacb0890 code [0x00000211eacb0a20, 0x00000211eacb0b58]
Event: 76.941 Thread 0x00000211feb382c0 2456       3       java.util.concurrent.ConcurrentLinkedDeque$AbstractItr::advance (80 bytes)
Event: 76.942 Thread 0x00000211feb382c0 nmethod 2456 0x00000211eacb0c10 code [0x00000211eacb0e00, 0x00000211eacb1468]
Event: 76.942 Thread 0x00000211feb382c0 2457       3       java.util.concurrent.ConcurrentLinkedDeque$AbstractItr::hasNext (13 bytes)
Event: 76.942 Thread 0x00000211feb382c0 nmethod 2457 0x00000211eacb1590 code [0x00000211eacb1720, 0x00000211eacb1898]
Event: 81.437 Thread 0x00000211feb382c0 2458       3       io.netty.util.internal.shaded.org.jctools.queues.BaseMpscLinkedArrayQueueConsumerFields::soConsumerIndex (12 bytes)
Event: 81.438 Thread 0x00000211feb382c0 nmethod 2458 0x00000211eacb1910 code [0x00000211eacb1ac0, 0x00000211eacb1cc8]
Event: 91.238 Thread 0x00000211feb382c0 2459       3       java.util.concurrent.ConcurrentHashMap$Traverser::<init> (36 bytes)
Event: 91.238 Thread 0x00000211feb382c0 nmethod 2459 0x00000211eacb1e10 code [0x00000211eacb1fa0, 0x00000211eacb2198]
Event: 95.640 Thread 0x00000211feb382c0 2460       3       java.util.concurrent.ConcurrentHashMap$BaseIterator::<init> (21 bytes)
Event: 95.640 Thread 0x00000211feb382c0 nmethod 2460 0x00000211eacb2290 code [0x00000211eacb2440, 0x00000211eacb2658]

GC Heap History (6 events):
Event: 0.732 GC heap before
{Heap before GC invocations=0 (full 0):
 garbage-first heap   total 131072K, used 25600K [0x0000000081800000, 0x0000000100000000)
  region size 1024K, 23 young (23552K), 0 survivors (0K)
 Metaspace       used 8700K, committed 8960K, reserved 1114112K
  class space    used 967K, committed 1088K, reserved 1048576K
}
Event: 0.739 GC heap after
{Heap after GC invocations=1 (full 0):
 garbage-first heap   total 131072K, used 6500K [0x0000000081800000, 0x0000000100000000)
  region size 1024K, 3 young (3072K), 3 survivors (3072K)
 Metaspace       used 8700K, committed 8960K, reserved 1114112K
  class space    used 967K, committed 1088K, reserved 1048576K
}
Event: 1.337 GC heap before
{Heap before GC invocations=1 (full 0):
 garbage-first heap   total 131072K, used 35172K [0x0000000081800000, 0x0000000100000000)
  region size 1024K, 31 young (31744K), 3 survivors (3072K)
 Metaspace       used 19327K, committed 19648K, reserved 1114112K
  class space    used 2290K, committed 2432K, reserved 1048576K
}
Event: 1.343 GC heap after
{Heap after GC invocations=2 (full 0):
 garbage-first heap   total 131072K, used 9902K [0x0000000081800000, 0x0000000100000000)
  region size 1024K, 4 young (4096K), 4 survivors (4096K)
 Metaspace       used 19327K, committed 19648K, reserved 1114112K
  class space    used 2290K, committed 2432K, reserved 1048576K
}
Event: 1.438 GC heap before
{Heap before GC invocations=2 (full 0):
 garbage-first heap   total 131072K, used 15022K [0x0000000081800000, 0x0000000100000000)
  region size 1024K, 10 young (10240K), 4 survivors (4096K)
 Metaspace       used 21212K, committed 21504K, reserved 1114112K
  class space    used 2547K, committed 2688K, reserved 1048576K
}
Event: 1.441 GC heap after
{Heap after GC invocations=3 (full 0):
 garbage-first heap   total 131072K, used 10446K [0x0000000081800000, 0x0000000100000000)
  region size 1024K, 4 young (4096K), 4 survivors (4096K)
 Metaspace       used 21212K, committed 21504K, reserved 1114112K
  class space    used 2547K, committed 2688K, reserved 1048576K
}

Deoptimization events (20 events):
Event: 5.578 Thread 0x00000211e08dbfe0 DEOPT PACKING pc=0x00000211eac2a224 sp=0x000000ae426fe1b0
Event: 5.578 Thread 0x00000211e08dbfe0 DEOPT UNPACKING pc=0x00000211ea2b2b43 sp=0x000000ae426fd6f8 mode 1
Event: 10.072 Thread 0x00000211e08dbfe0 DEOPT PACKING pc=0x00000211eab78d34 sp=0x000000ae426fdff0
Event: 10.072 Thread 0x00000211e08dbfe0 DEOPT UNPACKING pc=0x00000211ea2b2b43 sp=0x000000ae426fd538 mode 1
Event: 10.073 Thread 0x00000211e08dbfe0 Uncommon trap: trap_request=0xffffffde fr.pc=0x00000211f1d92fc4 relative=0x0000000000000fa4
Event: 10.073 Thread 0x00000211e08dbfe0 Uncommon trap: reason=class_check action=maybe_recompile pc=0x00000211f1d92fc4 method=java.util.concurrent.ConcurrentHashMap.putVal(Ljava/lang/Object;Ljava/lang/Object;Z)Ljava/lang/Object; @ 242 c2
Event: 10.073 Thread 0x00000211e08dbfe0 DEOPT PACKING pc=0x00000211f1d92fc4 sp=0x000000ae426fded0
Event: 10.073 Thread 0x00000211e08dbfe0 DEOPT UNPACKING pc=0x00000211ea2b23a3 sp=0x000000ae426fde60 mode 2
Event: 10.076 Thread 0x00000211e08dbfe0 DEOPT PACKING pc=0x00000211eab78d34 sp=0x000000ae426fdff0
Event: 10.076 Thread 0x00000211e08dbfe0 DEOPT UNPACKING pc=0x00000211ea2b2b43 sp=0x000000ae426fd538 mode 1
Event: 10.077 Thread 0x00000211e08dbfe0 Uncommon trap: trap_request=0xffffffde fr.pc=0x00000211f1d92fc4 relative=0x0000000000000fa4
Event: 10.077 Thread 0x00000211e08dbfe0 Uncommon trap: reason=class_check action=maybe_recompile pc=0x00000211f1d92fc4 method=java.util.concurrent.ConcurrentHashMap.putVal(Ljava/lang/Object;Ljava/lang/Object;Z)Ljava/lang/Object; @ 242 c2
Event: 10.077 Thread 0x00000211e08dbfe0 DEOPT PACKING pc=0x00000211f1d92fc4 sp=0x000000ae426fdec0
Event: 10.077 Thread 0x00000211e08dbfe0 DEOPT UNPACKING pc=0x00000211ea2b23a3 sp=0x000000ae426fde50 mode 2
Event: 10.078 Thread 0x00000211e08dbfe0 DEOPT PACKING pc=0x00000211eab78d34 sp=0x000000ae426fe040
Event: 10.078 Thread 0x00000211e08dbfe0 DEOPT UNPACKING pc=0x00000211ea2b2b43 sp=0x000000ae426fd570 mode 1
Event: 10.078 Thread 0x00000211e08dbfe0 DEOPT PACKING pc=0x00000211eac2a224 sp=0x000000ae426fe150
Event: 10.078 Thread 0x00000211e08dbfe0 DEOPT UNPACKING pc=0x00000211ea2b2b43 sp=0x000000ae426fd698 mode 1
Event: 107.332 Thread 0x00000211e08dbfe0 DEOPT PACKING pc=0x00000211eab53524 sp=0x000000ae426fdf50
Event: 107.332 Thread 0x00000211e08dbfe0 DEOPT UNPACKING pc=0x00000211ea2b2b43 sp=0x000000ae426fd408 mode 0

Classes loaded (20 events):
Event: 2.139 Loading class java/util/stream/SortedOps$AbstractRefSortingSink
Event: 2.139 Loading class java/util/concurrent/ConcurrentLinkedDeque$AbstractItr
Event: 2.139 Loading class java/util/stream/SortedOps$AbstractRefSortingSink done
Event: 2.139 Loading class java/util/stream/SortedOps$SizedRefSortingSink done
Event: 2.139 Loading class java/util/concurrent/ConcurrentLinkedDeque$AbstractItr done
Event: 2.139 Loading class java/util/concurrent/ConcurrentLinkedDeque$Itr done
Event: 5.575 Loading class jdk/internal/reflect/MethodHandleLongFieldAccessorImpl
Event: 5.575 Loading class jdk/internal/reflect/MethodHandleLongFieldAccessorImpl done
Event: 5.583 Loading class java/lang/annotation/ElementType
Event: 5.583 Loading class java/lang/annotation/ElementType done
Event: 5.589 Loading class java/util/AbstractList$ListItr
Event: 5.589 Loading class java/util/AbstractList$ListItr done
Event: 8.608 Loading class java/net/URLEncoder
Event: 8.608 Loading class java/net/URLEncoder done
Event: 8.608 Loading class java/io/CharArrayWriter
Event: 8.608 Loading class java/io/CharArrayWriter done
Event: 10.074 Loading class java/util/concurrent/ConcurrentLinkedQueue$Itr
Event: 10.074 Loading class java/util/concurrent/ConcurrentLinkedQueue$Itr done
Event: 10.078 Loading class java/lang/invoke/WrongMethodTypeException
Event: 10.078 Loading class java/lang/invoke/WrongMethodTypeException done

Classes unloaded (0 events):
No events

Classes redefined (2 events):
Event: 71.620 Thread 0x00000211e299d070 redefined class name=rajeshTestCases.SourceSetTestCase, count=1
Event: 107.350 Thread 0x00000211e299d070 redefined class name=rajeshObjects.SourceSetObject, count=1

Internal exceptions (20 events):
Event: 1.192 Thread 0x00000211fed90f60 Exception <a 'java/lang/NoSuchMethodError'{0x00000000882e87e8}: 'java.lang.Object java.lang.invoke.DirectMethodHandle$Holder.invokeStaticInit(java.lang.Object, java.lang.Object, long, java.lang.Object)'> (0x00000000882e87e8) 
thrown [s\open\src\hotspot\share\interpreter\linkResolver.cpp, line 759]
Event: 1.193 Thread 0x00000211fed8edb0 Exception <a 'java/net/ConnectException'{0x0000000088107bc8}: Connection refused: no further information> (0x0000000088107bc8) 
thrown [s\open\src\hotspot\share\prims\jni.cpp, line 535]
Event: 1.193 Thread 0x00000211fed8edb0 Exception <a 'java/net/SocketException'{0x0000000088107f00}: Socket is not connected: shutdown> (0x0000000088107f00) 
thrown [s\open\src\hotspot\share\prims\jni.cpp, line 535]
Event: 1.193 Thread 0x00000211fed90f60 Exception <a 'java/lang/NoSuchMethodError'{0x00000000882ee830}: 'java.lang.Object java.lang.invoke.DirectMethodHandle$Holder.newInvokeSpecial(java.lang.Object, java.lang.Object, long)'> (0x00000000882ee830) 
thrown [s\open\src\hotspot\share\interpreter\linkResolver.cpp, line 759]
Event: 1.211 Thread 0x00000211fed8edb0 Exception <a 'java/net/ConnectException'{0x0000000088108f68}: Connection refused: no further information> (0x0000000088108f68) 
thrown [s\open\src\hotspot\share\prims\jni.cpp, line 535]
Event: 1.211 Thread 0x00000211fed8edb0 Exception <a 'java/net/SocketException'{0x00000000881092a0}: Socket is not connected: shutdown> (0x00000000881092a0) 
thrown [s\open\src\hotspot\share\prims\jni.cpp, line 535]
Event: 1.254 Thread 0x00000211e08dbfe0 Exception <a 'java/lang/NoSuchMethodError'{0x00000000881b3fc0}: 'double java.lang.invoke.DirectMethodHandle$Holder.invokeVirtual(java.lang.Object, java.lang.Object)'> (0x00000000881b3fc0) 
thrown [s\open\src\hotspot\share\interpreter\linkResolver.cpp, line 759]
Event: 1.254 Thread 0x00000211e08dbfe0 Exception <a 'java/lang/NoSuchMethodError'{0x00000000881ba648}: 'float java.lang.invoke.DirectMethodHandle$Holder.invokeVirtual(java.lang.Object, java.lang.Object)'> (0x00000000881ba648) 
thrown [s\open\src\hotspot\share\interpreter\linkResolver.cpp, line 759]
Event: 1.255 Thread 0x00000211e08dbfe0 Exception <a 'java/lang/NoSuchMethodError'{0x00000000881c37b0}: 'long java.lang.invoke.DirectMethodHandle$Holder.invokeVirtual(java.lang.Object, java.lang.Object)'> (0x00000000881c37b0) 
thrown [s\open\src\hotspot\share\interpreter\linkResolver.cpp, line 759]
Event: 1.257 Thread 0x00000211e08dbfe0 Exception <a 'java/lang/NoSuchMethodError'{0x00000000881ef778}: 'java.lang.Object java.lang.invoke.DirectMethodHandle$Holder.invokeVirtual(java.lang.Object, java.lang.Object, java.lang.Object)'> (0x00000000881ef778) 
thrown [s\open\src\hotspot\share\interpreter\linkResolver.cpp, line 759]
Event: 1.273 Thread 0x00000211e08dbfe0 Exception <a 'java/lang/NoSuchMethodError'{0x0000000087dfd838}: 'void java.lang.invoke.DirectMethodHandle$Holder.invokeSpecial(java.lang.Object, java.lang.Object, java.lang.Object, java.lang.Object, java.lang.Object)'> (0x0000000087dfd838) 
thrown [s\open\src\hotspot\share\interpreter\linkResolver.cpp, line 759]
Event: 1.274 Thread 0x00000211e08dbfe0 Exception <a 'java/lang/NoSuchMethodError'{0x0000000087c04b10}: 'void java.lang.invoke.DirectMethodHandle$Holder.invokeStatic(java.lang.Object, java.lang.Object, int)'> (0x0000000087c04b10) 
thrown [s\open\src\hotspot\share\interpreter\linkResolver.cpp, line 759]
Event: 1.305 Thread 0x00000211e08dbfe0 Exception <a 'java/lang/NoSuchMethodError'{0x0000000087a04010}: 'int java.lang.invoke.DirectMethodHandle$Holder.invokeSpecialIFC(java.lang.Object, java.lang.Object, java.lang.Object)'> (0x0000000087a04010) 
thrown [s\open\src\hotspot\share\interpreter\linkResolver.cpp, line 759]
Event: 1.363 Thread 0x00000211e08dbfe0 Exception <a 'java/lang/NoSuchMethodError'{0x0000000089633a90}: 'void java.lang.invoke.DirectMethodHandle$Holder.invokeSpecial(java.lang.Object, java.lang.Object, java.lang.Object, java.lang.Object, java.lang.Object, java.lang.Object)'> (0x0000000089633a90) 
thrown [s\open\src\hotspot\share\interpreter\linkResolver.cpp, line 759]
Event: 2.086 Thread 0x00000211e08dbfe0 Exception <a 'java/lang/NoSuchMethodError'{0x0000000084a158f8}: 'java.lang.Object java.lang.invoke.DirectMethodHandle$Holder.invokeSpecialIFC(java.lang.Object, java.lang.Object, java.lang.Object)'> (0x0000000084a158f8) 
thrown [s\open\src\hotspot\share\interpreter\linkResolver.cpp, line 759]
Event: 5.567 Thread 0x00000211e08dbfe0 Exception <a 'java/lang/NoSuchMethodError'{0x000000008441ed90}: 'void java.lang.invoke.DirectMethodHandle$Holder.invokeInterface(java.lang.Object, java.lang.Object)'> (0x000000008441ed90) 
thrown [s\open\src\hotspot\share\interpreter\linkResolver.cpp, line 759]
Event: 5.575 Thread 0x00000211e08dbfe0 Exception <a 'java/lang/NoSuchMethodError'{0x00000000844a9a88}: 'long java.lang.invoke.DelegatingMethodHandle$Holder.reinvoke_L(java.lang.Object, java.lang.Object)'> (0x00000000844a9a88) 
thrown [s\open\src\hotspot\share\interpreter\linkResolver.cpp, line 759]
Event: 5.576 Thread 0x00000211e08dbfe0 Exception <a 'java/lang/NoSuchMethodError'{0x00000000844b3d60}: 'void java.lang.invoke.DelegatingMethodHandle$Holder.reinvoke_L(java.lang.Object, java.lang.Object, long)'> (0x00000000844b3d60) 
thrown [s\open\src\hotspot\share\interpreter\linkResolver.cpp, line 759]
Event: 5.576 Thread 0x00000211e08dbfe0 Exception <a 'java/lang/NoSuchMethodError'{0x00000000844babb8}: 'long java.lang.invoke.Invokers$Holder.invokeExact_MT(java.lang.Object, java.lang.Object, java.lang.Object)'> (0x00000000844babb8) 
thrown [s\open\src\hotspot\share\interpreter\linkResolver.cpp, line 759]
Event: 5.589 Thread 0x00000211e08dbfe0 Exception <a 'java/lang/NoSuchMethodError'{0x0000000084377ea8}: 'void java.lang.invoke.Invokers$Holder.invokeExact_MT(java.lang.Object, java.lang.Object, java.lang.Object)'> (0x0000000084377ea8) 
thrown [s\open\src\hotspot\share\interpreter\linkResolver.cpp, line 759]

VM Operations (20 events):
Event: 10.491 Executing VM operation: get/set locals
Event: 10.491 Executing VM operation: get/set locals done
Event: 10.491 Executing VM operation: get/set locals
Event: 10.491 Executing VM operation: get/set locals done
Event: 10.491 Executing VM operation: get/set locals
Event: 10.491 Executing VM operation: get/set locals done
Event: 10.492 Executing VM operation: get/set locals
Event: 10.492 Executing VM operation: get/set locals done
Event: 71.617 Executing VM operation: RedefineClasses
Event: 71.630 Executing VM operation: RedefineClasses done
Event: 78.687 Executing VM operation: Cleanup
Event: 78.687 Executing VM operation: Cleanup done
Event: 107.331 Executing VM operation: ChangeSingleStep
Event: 107.331 Executing VM operation: ChangeSingleStep done
Event: 107.332 Executing VM operation: ChangeSingleStep
Event: 107.332 Executing VM operation: ChangeSingleStep done
Event: 107.346 Executing VM operation: RedefineClasses
Event: 107.361 Executing VM operation: RedefineClasses done
Event: 107.362 Executing VM operation: ChangeSingleStep
Event: 107.362 Executing VM operation: ChangeSingleStep done

Events (20 events):
Event: 0.912 Loaded shared library C:\Program Files\Java\jdk-18.0.2.1\bin\management.dll
Event: 0.917 Loaded shared library C:\Program Files\Java\jdk-18.0.2.1\bin\management_ext.dll
Event: 0.937 Thread 0x00000211fed91430 Thread added: 0x00000211fed91430
Event: 0.958 Loaded shared library C:\Program Files\Java\jdk-18.0.2.1\bin\sunmscapi.dll
Event: 1.012 Thread 0x00000211861d8a40 Thread added: 0x00000211861d8a40
Event: 1.180 Thread 0x00000211fed90f60 Thread added: 0x00000211fed90f60
Event: 1.183 Thread 0x00000211fed8df40 Thread added: 0x00000211fed8df40
Event: 1.184 Thread 0x00000211fed900f0 Thread added: 0x00000211fed900f0
Event: 1.186 Thread 0x00000211fed8edb0 Thread added: 0x00000211fed8edb0
Event: 1.195 Thread 0x00000211fed8f280 Thread added: 0x00000211fed8f280
Event: 1.195 Thread 0x00000211fed905c0 Thread added: 0x00000211fed905c0
Event: 1.245 Thread 0x0000021186363b30 Thread added: 0x0000021186363b30
Event: 1.406 Thread 0x0000021186360170 Thread added: 0x0000021186360170
Event: 2.063 Thread 0x00000211861d8a40 Thread exited: 0x00000211861d8a40
Event: 2.063 Thread 0x00000211ff07e840 Thread exited: 0x00000211ff07e840
Event: 2.107 Thread 0x0000021186362cc0 Thread added: 0x0000021186362cc0
Event: 2.117 Thread 0x00000211863661b0 Thread added: 0x00000211863661b0
Event: 6.248 Thread 0x0000021186363b30 Thread exited: 0x0000021186363b30
Event: 61.261 Thread 0x00000211fed8edb0 Thread exited: 0x00000211fed8edb0
Event: 62.117 Thread 0x00000211fed8f750 Thread exited: 0x00000211fed8f750


Dynamic libraries:
0x00007ff6b4540000 - 0x00007ff6b4550000 	C:\Program Files\Java\jdk-18.0.2.1\bin\javaw.exe
0x00007ff818510000 - 0x00007ff818708000 	C:\Windows\SYSTEM32\ntdll.dll
0x00007ff8171c0000 - 0x00007ff81727d000 	C:\Windows\System32\KERNEL32.DLL
0x00007ff816200000 - 0x00007ff8164d3000 	C:\Windows\System32\KERNELBASE.dll
0x00007ff815d70000 - 0x00007ff815e70000 	C:\Windows\System32\ucrtbase.dll
0x00007ff809d70000 - 0x00007ff809d88000 	C:\Program Files\Java\jdk-18.0.2.1\bin\jli.dll
0x00007ff808320000 - 0x00007ff80833a000 	C:\Program Files\Java\jdk-18.0.2.1\bin\VCRUNTIME140.dll
0x00007ff818090000 - 0x00007ff81813e000 	C:\Windows\System32\ADVAPI32.dll
0x00007ff817280000 - 0x00007ff81731e000 	C:\Windows\System32\msvcrt.dll
0x00007ff817110000 - 0x00007ff8171ac000 	C:\Windows\System32\sechost.dll
0x00007ff816a50000 - 0x00007ff816b75000 	C:\Windows\System32\RPCRT4.dll
0x00007ff817ef0000 - 0x00007ff81808e000 	C:\Windows\System32\USER32.dll
0x00007ff816100000 - 0x00007ff816122000 	C:\Windows\System32\win32u.dll
0x00007ff805c80000 - 0x00007ff805f1a000 	C:\Windows\WinSxS\amd64_microsoft.windows.common-controls_6595b64144ccf1df_6.0.19041.1110_none_60b5254171f9507e\COMCTL32.dll
0x00007ff8173c0000 - 0x00007ff8173ec000 	C:\Windows\System32\GDI32.dll
0x00007ff815f30000 - 0x00007ff816044000 	C:\Windows\System32\gdi32full.dll
0x00007ff816160000 - 0x00007ff8161fd000 	C:\Windows\System32\msvcp_win.dll
0x00007ff80d0f0000 - 0x00007ff80d0fa000 	C:\Windows\SYSTEM32\VERSION.dll
0x00007ff818340000 - 0x00007ff818370000 	C:\Windows\System32\IMM32.DLL
0x00007ff80edd0000 - 0x00007ff80eddc000 	C:\Program Files\Java\jdk-18.0.2.1\bin\vcruntime140_1.dll
0x00007ffffabb0000 - 0x00007ffffac3d000 	C:\Program Files\Java\jdk-18.0.2.1\bin\msvcp140.dll
0x00007fffb7120000 - 0x00007fffb7d31000 	C:\Program Files\Java\jdk-18.0.2.1\bin\server\jvm.dll
0x00007ff816c30000 - 0x00007ff816c38000 	C:\Windows\System32\PSAPI.DLL
0x00007ff80cf00000 - 0x00007ff80cf27000 	C:\Windows\SYSTEM32\WINMM.dll
0x00007ff80ec70000 - 0x00007ff80ec79000 	C:\Windows\SYSTEM32\WSOCK32.dll
0x00007ff8181a0000 - 0x00007ff81820b000 	C:\Windows\System32\WS2_32.dll
0x00007ff813af0000 - 0x00007ff813b02000 	C:\Windows\SYSTEM32\kernel.appcore.dll
0x00007ff8087a0000 - 0x00007ff8087aa000 	C:\Program Files\Java\jdk-18.0.2.1\bin\jimage.dll
0x00007ff80f970000 - 0x00007ff80fb54000 	C:\Windows\SYSTEM32\DBGHELP.DLL
0x00007ff80f910000 - 0x00007ff80f93c000 	C:\Windows\SYSTEM32\dbgcore.DLL
0x00007ff8164e0000 - 0x00007ff816562000 	C:\Windows\System32\bcryptPrimitives.dll
0x00007ff80f790000 - 0x00007ff80f7cb000 	C:\Program Files\Java\jdk-18.0.2.1\bin\jdwp.dll
0x00007ff807db0000 - 0x00007ff807dd5000 	C:\Program Files\Java\jdk-18.0.2.1\bin\java.dll
0x00007ffffa390000 - 0x00007ffffa466000 	C:\Program Files\Java\jdk-18.0.2.1\bin\jsvml.dll
0x00007ff817670000 - 0x00007ff817db3000 	C:\Windows\System32\SHELL32.dll
0x00007ff813cf0000 - 0x00007ff814484000 	C:\Windows\SYSTEM32\windows.storage.dll
0x00007ff8166f0000 - 0x00007ff816a44000 	C:\Windows\System32\combase.dll
0x00007ff815670000 - 0x00007ff8156a0000 	C:\Windows\SYSTEM32\Wldp.dll
0x00007ff816b80000 - 0x00007ff816c2d000 	C:\Windows\System32\SHCORE.dll
0x00007ff818140000 - 0x00007ff818195000 	C:\Windows\System32\shlwapi.dll
0x00007ff815b50000 - 0x00007ff815b6f000 	C:\Windows\SYSTEM32\profapi.dll
0x00007ff80ede0000 - 0x00007ff80edec000 	C:\Program Files\Java\jdk-18.0.2.1\bin\dt_socket.dll
0x00007ff815070000 - 0x00007ff8150ab000 	C:\Windows\SYSTEM32\IPHLPAPI.DLL
0x00007ff8153d0000 - 0x00007ff81543a000 	C:\Windows\system32\mswsock.dll
0x00007ff8150b0000 - 0x00007ff81517a000 	C:\Windows\SYSTEM32\DNSAPI.dll
0x00007ff8173b0000 - 0x00007ff8173b8000 	C:\Windows\System32\NSI.dll
0x00007ff810490000 - 0x00007ff81049a000 	C:\Windows\System32\rasadhlp.dll
0x00007ff8100f0000 - 0x00007ff810170000 	C:\Windows\System32\fwpuclnt.dll
0x00007ff816130000 - 0x00007ff816157000 	C:\Windows\System32\bcrypt.dll
0x00007ff807d90000 - 0x00007ff807da3000 	C:\Program Files\Java\jdk-18.0.2.1\bin\net.dll
0x00007ff810500000 - 0x00007ff81060d000 	C:\Windows\SYSTEM32\WINHTTP.dll
0x00007ff806580000 - 0x00007ff806596000 	C:\Program Files\Java\jdk-18.0.2.1\bin\nio.dll
0x00007ff806070000 - 0x00007ff806088000 	C:\Program Files\Java\jdk-18.0.2.1\bin\zip.dll
0x00007ff807d80000 - 0x00007ff807d90000 	C:\Program Files\Java\jdk-18.0.2.1\bin\verify.dll
0x00007ff8155c0000 - 0x00007ff8155d8000 	C:\Windows\SYSTEM32\CRYPTSP.dll
0x00007ff814c80000 - 0x00007ff814cb4000 	C:\Windows\system32\rsaenh.dll
0x00007ff815b10000 - 0x00007ff815b3e000 	C:\Windows\SYSTEM32\USERENV.dll
0x00007ff8155e0000 - 0x00007ff8155ec000 	C:\Windows\SYSTEM32\CRYPTBASE.dll
0x00007ff811020000 - 0x00007ff811037000 	C:\Windows\SYSTEM32\dhcpcsvc6.DLL
0x00007ff811000000 - 0x00007ff81101d000 	C:\Windows\SYSTEM32\dhcpcsvc.DLL
0x00007ff811920000 - 0x00007ff811929000 	C:\Program Files\Java\jdk-18.0.2.1\bin\management.dll
0x00007ff811910000 - 0x00007ff81191b000 	C:\Program Files\Java\jdk-18.0.2.1\bin\management_ext.dll
0x00007ff807cd0000 - 0x00007ff807cde000 	C:\Program Files\Java\jdk-18.0.2.1\bin\sunmscapi.dll
0x00007ff815c10000 - 0x00007ff815d66000 	C:\Windows\System32\CRYPT32.dll
0x00007ff8156e0000 - 0x00007ff815707000 	C:\Windows\SYSTEM32\ncrypt.dll
0x00007ff8156a0000 - 0x00007ff8156db000 	C:\Windows\SYSTEM32\NTASN1.dll
0x00007ff808450000 - 0x00007ff808467000 	C:\Windows\system32\napinsp.dll
0x00007ff808140000 - 0x00007ff80815b000 	C:\Windows\system32\pnrpnsp.dll
0x00007ff809190000 - 0x00007ff8091a5000 	C:\Windows\system32\wshbth.dll
0x00007ff8110c0000 - 0x00007ff8110dd000 	C:\Windows\system32\NLAapi.dll
0x00007ff807cb0000 - 0x00007ff807cc2000 	C:\Windows\System32\winrnr.dll

dbghelp: loaded successfully - version: 4.0.5 - missing functions: none
symbol engine: initialized successfully - sym options: 0x614 - pdb path: .;C:\Program Files\Java\jdk-18.0.2.1\bin;C:\Windows\SYSTEM32;C:\Windows\WinSxS\amd64_microsoft.windows.common-controls_6595b64144ccf1df_6.0.19041.1110_none_60b5254171f9507e;C:\Program Files\Java\jdk-18.0.2.1\bin\server

VM Arguments:
jvm_args: -XX:+ShowCodeDetailsInExceptionMessages -agentlib:jdwp=transport=dt_socket,suspend=y,address=localhost:61364 -ea -Dfile.encoding=UTF-8 
java_command: org.testng.remote.RemoteTestNG -serport 61363 -protocol json -d C:\Users\CodeTez\eclipse-workspace\RajeshAdvisory\test-output C:\Users\CodeTez\AppData\Local\Temp\testng-eclipse--1483561414\testng-customsuite.xml
java_class_path (initial): C:\Users\CodeTez\eclipse\java-2022-06\eclipse\configuration\org.eclipse.osgi\429\0\.cp\lib\testng-remote.jar;C:\Users\CodeTez\eclipse-workspace\RajeshAdvisory\bin;C:\Users\CodeTez\eclipse-workspace\RajeshAdvisory\Jars\ExtentReport\bson-3.3.0.jar;C:\Users\CodeTez\eclipse-workspace\RajeshAdvisory\Jars\ExtentReport\commons-codec-1.9.jar;C:\Users\CodeTez\eclipse-workspace\RajeshAdvisory\Jars\ExtentReport\commons-logging-1.2.jar;C:\Users\CodeTez\eclipse-workspace\RajeshAdvisory\Jars\ExtentReport\extentreports-3.1.2.jar;C:\Users\CodeTez\eclipse-workspace\RajeshAdvisory\Jars\ExtentReport\freemarker-2.3.23.jar;C:\Users\CodeTez\eclipse-workspace\RajeshAdvisory\Jars\ExtentReport\gson-2.8.0.jar;C:\Users\CodeTez\eclipse-workspace\RajeshAdvisory\Jars\ExtentReport\httpclient-4.5.2.jar;C:\Users\CodeTez\eclipse-workspace\RajeshAdvisory\Jars\ExtentReport\httpcore-4.4.4.jar;C:\Users\CodeTez\eclipse-workspace\RajeshAdvisory\Jars\ExtentReport\httpmime-4.5.2.jar;C:\Users\CodeTez\eclipse-workspace\RajeshAdvisory\Jars\ExtentReport\jsoup-1.9.2.jar;C:\Users\CodeTez\eclipse-workspace\RajeshAdvisory\Jars\ExtentReport\mongodb-driver-3.3.0.jar;C:\Users\CodeTez\eclipse-workspace\RajeshAdvisory\Jars\ExtentReport\mongodb-driver-core-3.3.0.jar;C:\Users\CodeTez\eclipse-workspace\RajeshAdvisory\Jars\TestNG\jcommander-1.82.jar;C:\Users\CodeTez\eclipse-workspace\RajeshAdvisory\Jars\TestNG\jquery-3.6.0.jar;C:\Users\CodeTez\eclipse-workspace\RajeshAdvisory\Jars\TestNG\jsr305-3.0.2.jar;C:\Users\CodeTez\eclipse-workspace\RajeshAdvisory\Jars\TestNG\slf4j-api-1.7.36.jar;C:\Users\CodeTez\eclipse-workspace\RajeshAdvisory\Jars\TestNG\testng-7.6.0.jar;C:\Users\CodeTez\eclipse-workspace\RajeshAdvisory\Jars\Selenium\selenium-server-4.4.0.jar
Launcher Type: SUN_STANDARD

[Global flags]
     intx CICompilerCount                          = 4                                         {product} {ergonomic}
     uint ConcGCThreads                            = 2                                         {product} {ergonomic}
     uint G1ConcRefinementThreads                  = 8                                         {product} {ergonomic}
   size_t G1HeapRegionSize                         = 1048576                                   {product} {ergonomic}
    uintx GCDrainStackTargetSize                   = 64                                        {product} {ergonomic}
   size_t InitialHeapSize                          = 134217728                                 {product} {ergonomic}
   size_t MarkStackSize                            = 4194304                                   {product} {ergonomic}
   size_t MaxHeapSize                              = 2122317824                                {product} {ergonomic}
   size_t MaxNewSize                               = 1272971264                                {product} {ergonomic}
   size_t MinHeapDeltaBytes                        = 1048576                                   {product} {ergonomic}
   size_t MinHeapSize                              = 8388608                                   {product} {ergonomic}
    uintx NonNMethodCodeHeapSize                   = 5839372                                {pd product} {ergonomic}
    uintx NonProfiledCodeHeapSize                  = 122909434                              {pd product} {ergonomic}
    uintx ProfiledCodeHeapSize                     = 122909434                              {pd product} {ergonomic}
    uintx ReservedCodeCacheSize                    = 251658240                              {pd product} {ergonomic}
     bool SegmentedCodeCache                       = true                                      {product} {ergonomic}
     bool ShowCodeDetailsInExceptionMessages       = true                                   {manageable} {command line}
   size_t SoftMaxHeapSize                          = 2122317824                             {manageable} {ergonomic}
     bool UseCompressedClassPointers               = true                           {product lp64_product} {ergonomic}
     bool UseCompressedOops                        = true                           {product lp64_product} {ergonomic}
     bool UseG1GC                                  = true                                      {product} {ergonomic}
     bool UseLargePagesIndividualAllocation        = false                                  {pd product} {ergonomic}

Logging:
Log output configuration:
 #0: stdout all=warning uptime,level,tags foldmultilines=false
 #1: stderr all=off uptime,level,tags foldmultilines=false

Environment Variables:
JAVA_HOME=C:\Program Files\Java\jdk-18.0.2.1
PATH=C:\Program Files\Common Files\Oracle\Java\javapath;C:\Program Files (x86)\NVIDIA Corporation\PhysX\Common;C:\Windows\system32;C:\Windows;C:\Windows\System32\Wbem;C:\Windows\System32\WindowsPowerShell\v1.0\;C:\Windows\System32\OpenSSH\;C:\Program Files\Java\jdk-18.0.2.1\bin;C:\Program Files\Java\jdk-18.0.2.1\bin;C:\Users\CodeTez\AppData\Local\Microsoft\WindowsApps;
USERNAME=CodeTez
OS=Windows_NT
PROCESSOR_IDENTIFIER=Intel64 Family 6 Model 165 Stepping 3, GenuineIntel



---------------  S Y S T E M  ---------------

OS:
 Windows 10 , 64 bit Build 19041 (10.0.19041.1889)
OS uptime: 8 days 0:46 hours

CPU: total 8 (initial active 8) (4 cores per cpu, 2 threads per core) family 6 model 165 stepping 3 microcode 0xe0, cx8, cmov, fxsr, ht, mmx, 3dnowpref, sse, sse2, sse3, ssse3, sse4.1, sse4.2, popcnt, lzcnt, tsc, tscinvbit, avx, avx2, aes, erms, clmul, bmi1, bmi2, adx, fma, vzeroupper, clflush, clflushopt

Memory: 4k page, system-wide physical 8089M (2102M free)
TotalPageFile size 14104M (AvailPageFile size 4175M)
current process WorkingSet (physical memory assigned to process): 113M, peak: 133M
current process commit charge ("private bytes"): 186M, peak: 260M

vm_info: Java HotSpot(TM) 64-Bit Server VM (18.0.2.1+1-1) for windows-amd64 JRE (18.0.2.1+1-1), built on Aug 16 2022 01:46:33 by "mach5one" with MS VC++ 16.8 / 16.9 (VS2019)

END.
