#
# A fatal error has been detected by the Java Runtime Environment:
#
#  EXCEPTION_ACCESS_VIOLATION (0xc0000005) at pc=0x0000022fbadc05ac, pid=20368, tid=3140
#
# JRE version: Java(TM) SE Runtime Environment (18.0.2.1+1) (build 18.0.2.1+1-1)
# Java VM: Java HotSpot(TM) 64-Bit Server VM (18.0.2.1+1-1, mixed mode, sharing, tiered, compressed oops, compressed class ptrs, g1 gc, windows-amd64)
# Problematic frame:
# v  ~BufferBlob::MethodHandles adapters
#
# No core dump will be written. Minidumps are not enabled by default on client versions of Windows
#
# If you would like to submit a bug report, please visit:
#   https://bugreport.java.com/bugreport/crash.jsp
#

---------------  S U M M A R Y ------------

Command Line: -XX:+ShowCodeDetailsInExceptionMessages -agentlib:jdwp=transport=dt_socket,suspend=y,address=localhost:61272 -ea -Dfile.encoding=UTF-8 org.testng.remote.RemoteTestNG -serport 61271 -protocol json -d C:\Users\CodeTez\eclipse-workspace\RajeshAdvisory\test-output C:\Users\CodeTez\AppData\Local\Temp\testng-eclipse--646039680\testng-customsuite.xml

Host: Intel(R) Core(TM) i3-10105F CPU @ 3.70GHz, 8 cores, 7G,  Windows 10 , 64 bit Build 19041 (10.0.19041.1889)
Time: Thu Oct 13 18:20:38 2022 India Standard Time elapsed time: 165.062981 seconds (0d 0h 2m 45s)

---------------  T H R E A D  ---------------

Current thread (0x0000022fb34439b0):  JavaThread "main" [_thread_in_Java, id=3140, stack(0x0000006b09a00000,0x0000006b09b00000)]

Stack: [0x0000006b09a00000,0x0000006b09b00000],  sp=0x0000006b09afded8,  free space=1015k
Native frames: (J=compiled Java code, j=interpreted, Vv=VM code, C=native code)
C  0x0000022fbadc05ac


siginfo: EXCEPTION_ACCESS_VIOLATION (0xc0000005), reading address 0xffffffffffffffff


Register to memory mapping:

RIP=0x0000022fbadc05ac is at begin+68 in a stub
MethodHandle::interpreter_entry::_linkToSpecial [0x0000022fbadc0568, 0x0000022fbadc05b7] (79 bytes)
RAX=0x0000022fbad89efa is at code_begin+3482 in an Interpreter codelet
return entry points  [0x0000022fbad89160, 0x0000022fbad8b380]  8736 bytes
RBX=0x831920c800000000 is an unknown value
RCX=0x0000006b09afdee0 is pointing into the stack for thread: 0x0000022fb34439b0
RDX=0x0000000000000002 is an unknown value
RSP=0x0000006b09afded8 is pointing into the stack for thread: 0x0000022fb34439b0
RBP=0x0000006b09afdf28 is pointing into the stack for thread: 0x0000022fb34439b0
RSI=0x0000022fd695b3f8 points into unknown readable memory: 0x800012006f27a468 | 68 a4 27 6f 00 12 00 80
RDI=0x0000022fb12469c0 points into unknown readable memory: 0x0000001800000070 | 70 00 00 00 18 00 00 00
R8 =0x0000000000000002 is an unknown value
R9 =0x0000000000000002 is an unknown value
R10=0x0000000800000000 is pointing into metadata
R11={method} {0x00000008000c8c50} 'newInvokeSpecial' '(Ljava/lang/Object;)Ljava/lang/Object;' in 'java/lang/invoke/DirectMethodHandle$Holder'
R12=0x0 is NULL
R13=0x0000006b09afded8 is pointing into the stack for thread: 0x0000022fb34439b0
R14=0x0000006b09afdf48 is pointing into the stack for thread: 0x0000022fb34439b0
R15=0x0000022fb34439b0 is a thread


Registers:
RAX=0x0000022fbad89efa, RBX=0x831920c800000000, RCX=0x0000006b09afdee0, RDX=0x0000000000000002
RSP=0x0000006b09afded8, RBP=0x0000006b09afdf28, RSI=0x0000022fd695b3f8, RDI=0x0000022fb12469c0
R8 =0x0000000000000002, R9 =0x0000000000000002, R10=0x0000000800000000, R11=0x00000008000c8c48
R12=0x0000000000000000, R13=0x0000006b09afded8, R14=0x0000006b09afdf48, R15=0x0000022fb34439b0
RIP=0x0000022fbadc05ac, EFLAGS=0x0000000000010202

Top of Stack: (sp=0x0000006b09afded8)
0x0000006b09afded8:   0000022fbad89efa 0000006b09afdee0
0x0000006b09afdee8:   00000008006df1ef 0000006b09afdf48
0x0000006b09afdef8:   00000008000c4a00 0000022fd228d430
0x0000006b09afdf08:   0000000081b8c218 00000008000c8c48
0x0000006b09afdf18:   0000006b09afded8 0000006b09afdf50
0x0000006b09afdf28:   0000006b09afe238 0000022fbb682736
0x0000006b09afdf38:   0000000083191fd0 0000000083192078
0x0000006b09afdf48:   0000000083192030 0000000000000000
0x0000006b09afdf58:   0000006b09afdf70 0000006b09afdfc8
0x0000006b09afdf68:   0000022fbad8a42c 0000000083192030
0x0000006b09afdf78:   0000000083192060 0000006b09afdf80
0x0000006b09afdf88:   00000008007e899e 0000000083192060
0x0000006b09afdf98:   0000000000000000 0000006b09afdfa0
0x0000006b09afdfa8:   00000008006250d8 0000006b09afe008
0x0000006b09afdfb8:   0000000800046d90 0000000000000000
0x0000006b09afdfc8:   0000000081b931e0 00000008000488a0 

Instructions: (pc=0x0000022fbadc05ac)
0x0000022fbadc04ac:   8b 59 14 8b 5b 28 8b 5b 24 48 8b 5b 10 48 85 db
0x0000022fbadc04bc:   0f 84 10 00 00 00 41 80 bf 80 04 00 00 00 74 03
0x0000022fbadc04cc:   ff 63 38 ff 63 50 e9 29 16 00 00 66 0f 1f 84 00
0x0000022fbadc04dc:   00 00 00 00 48 8b 53 08 0f b7 52 2c 48 8b 0c d4
0x0000022fbadc04ec:   58 5b 50 44 8b 51 08 49 bb 00 00 00 00 08 00 00
0x0000022fbadc04fc:   00 4d 03 d3 4c 8b 5b 10 4b 8b 9c da b8 01 00 00
0x0000022fbadc050c:   48 85 db 0f 84 10 00 00 00 41 80 bf 80 04 00 00
0x0000022fbadc051c:   00 74 03 ff 63 38 ff 63 50 e9 d6 15 00 00 66 66
0x0000022fbadc052c:   66 0f 1f 84 00 00 00 00 00 66 66 66 90 0f 1f 80
0x0000022fbadc053c:   00 00 00 00 58 5b 50 8b 5b 24 48 8b 5b 10 48 85
0x0000022fbadc054c:   db 0f 84 10 00 00 00 41 80 bf 80 04 00 00 00 74
0x0000022fbadc055c:   03 ff 63 38 ff 63 50 e9 98 15 00 00 66 66 66 0f
0x0000022fbadc056c:   1f 84 00 00 00 00 00 66 66 66 90 66 0f 1f 84 00
0x0000022fbadc057c:   00 00 00 00 48 8b 53 08 0f b7 52 2c 48 8b 0c d4
0x0000022fbadc058c:   58 5b 50 48 3b 01 8b 5b 24 48 8b 5b 10 48 85 db
0x0000022fbadc059c:   0f 84 10 00 00 00 41 80 bf 80 04 00 00 00 74 03
0x0000022fbadc05ac:   ff 63 38 ff 63 50 e9 49 15 00 00 66 0f 1f 84 00
0x0000022fbadc05bc:   00 00 00 00 48 8b 53 08 0f b7 52 2c 48 8b 0c d4
0x0000022fbadc05cc:   58 5b 50 44 8b 51 08 49 bb 00 00 00 00 08 00 00
0x0000022fbadc05dc:   00 4d 03 d3 8b 43 18 48 8b 40 10 48 8b 5b 10 45
0x0000022fbadc05ec:   8b 9a a0 00 00 00 4f 8d 9c da b8 01 00 00 4d 8d
0x0000022fbadc05fc:   14 da 49 8b 1b 48 3b c3 74 15 48 85 db 0f 84 32
0x0000022fbadc060c:   00 00 00 49 83 c3 10 49 8b 1b 48 3b c3 75 eb 45
0x0000022fbadc061c:   8b 5b 08 4b 8b 1c 1a 48 85 db 0f 84 10 00 00 00
0x0000022fbadc062c:   41 80 bf 80 04 00 00 00 74 03 ff 63 38 ff 63 50
0x0000022fbadc063c:   e9 bf 14 00 00 e9 ba 11 00 00 f4 00 00 00 00 00
0x0000022fbadc064c:   00 00 00 00 00 00 00 00 00 00 00 00 00 00 00 00
0x0000022fbadc065c:   00 00 00 00 00 00 00 00 00 00 00 00 00 00 00 00
0x0000022fbadc066c:   00 00 00 00 00 00 00 00 00 00 00 00 00 00 00 00
0x0000022fbadc067c:   00 00 00 00 00 00 00 00 00 00 00 00 00 00 00 00
0x0000022fbadc068c:   00 00 00 00 00 00 00 00 00 00 00 00 00 00 00 00
0x0000022fbadc069c:   00 00 00 00 00 00 00 00 00 00 00 00 00 00 00 00 


Stack slot to memory mapping:
stack at sp + 0 slots: 0x0000022fbad89efa is at code_begin+3482 in an Interpreter codelet
return entry points  [0x0000022fbad89160, 0x0000022fbad8b380]  8736 bytes
stack at sp + 1 slots: 0x0000006b09afdee0 is pointing into the stack for thread: 0x0000022fb34439b0
stack at sp + 2 slots: 0x00000008006df1ef is pointing into metadata
stack at sp + 3 slots: 0x0000006b09afdf48 is pointing into the stack for thread: 0x0000022fb34439b0
stack at sp + 4 slots: 0x00000008000c4a00 is pointing into metadata
stack at sp + 5 slots: 0x0000022fd228d430 is pointing into metadata
stack at sp + 6 slots: 0x0000000081b8c218 is an oop: java.lang.Class 
{0x0000000081b8c218} - klass: 'java/lang/Class'
 - ---- fields (total size 14 words):
 - private volatile transient 'classRedefinedCount' 'I' @12  0
 - abstract internal 'klass' 'J' @16  34360542752 (c4620 8)
 - abstract internal 'array_klass' 'J' @24  0 (0 0)
 - abstract internal 'oop_size' 'I' @32  14 (e)
 - abstract internal 'static_oop_field_count' 'I' @36  0
 - private volatile transient 'cachedConstructor' 'Ljava/lang/reflect/Constructor;' @40  NULL (0)
 - private transient 'name' 'Ljava/lang/String;' @44  NULL (0)
 - private transient 'module' 'Ljava/lang/Module;' @48  a 'java/lang/Module'{0x0000000081b69248} (81b69248)
 - private final 'classLoader' 'Ljava/lang/ClassLoader;' @52  NULL (0)
 - private transient 'classData' 'Ljava/lang/Object;' @56  NULL (0)
 - private transient 'packageName' 'Ljava/lang/String;' @60  NULL (0)
 - private final 'componentType' 'Ljava/lang/Class;' @64  NULL (0)
 - private volatile transient 'reflectionData' 'Ljava/lang/ref/SoftReference;' @68  NULL (0)
 - private volatile transient 'genericInfo' 'Lsun/reflect/generics/repository/ClassRepository;' @72  NULL (0)
 - private volatile transient 'enumConstants' '[Ljava/lang/Object;' @76  NULL (0)
 - private volatile transient 'enumConstantDirectory' 'Ljava/util/Map;' @80  NULL (0)
 - private volatile transient 'annotationData' 'Ljava/lang/Class$AnnotationData;' @84  NULL (0)
 - private volatile transient 'annotationType' 'Lsun/reflect/annotation/AnnotationType;' @88  NULL (0)
 - transient 'classValueMap' 'Ljava/lang/ClassValue$ClassValueMap;' @92  NULL (0)
 - abstract internal 'protection_domain' 'Ljava/lang/Object;' @96  NULL (0)
 - abstract internal 'signers_name' 'Ljava/lang/Object;' @100  NULL (0)
 - abstract internal 'source_file' 'Ljava/lang/Object;' @104  NULL (0)
 - signature: Ljava/lang/invoke/DirectMethodHandle$Holder;
 - ---- static fields (0):
stack at sp + 7 slots: {method} {0x00000008000c8c50} 'newInvokeSpecial' '(Ljava/lang/Object;)Ljava/lang/Object;' in 'java/lang/invoke/DirectMethodHandle$Holder'

MethodHandle::interpreter_entry::_linkToSpecial [0x0000022fbadc0568, 0x0000022fbadc05b7] (79 bytes)
[MachCode]
  0x0000022fbadc0568: 6666 660f | 1f84 0000 | 0000 0066 | 6666 9066 | 0f1f 8400 | 0000 0000 | 488b 5308 | 0fb7 522c 
  0x0000022fbadc0588: 488b 0cd4 | 585b 5048 | 3b01 8b5b | 2448 8b5b | 1048 85db | 0f84 1000 | 0000 4180 | bf80 0400 
  0x0000022fbadc05a8: 0000 7403 | ff63 38ff | 6350 e949 | 
[/MachCode]

---------------  P R O C E S S  ---------------

Threads class SMR info:
_java_thread_list=0x0000022fd66862e0, length=25, elements={
0x0000022fb34439b0, 0x0000022fd15cf320, 0x0000022fd15d24c0, 0x0000022fd15ecca0,
0x0000022fd15ed550, 0x0000022fd15ee5a0, 0x0000022fd15f52a0, 0x0000022fd15f6620,
0x0000022fd15f96c0, 0x0000022fd160af10, 0x0000022fd58c6120, 0x0000022fd58c69e0,
0x0000022fd58c92e0, 0x0000022fd58d3d00, 0x0000022fd58d59e0, 0x0000022fd58d6380,
0x0000022fd58d41d0, 0x0000022fd58d4b70, 0x0000022fd58d5040, 0x0000022fd58d5510,
0x0000022fd58d3360, 0x0000022fd58d3830, 0x0000022fd677fa00, 0x0000022fd6780d40,
0x0000022fd677f060
}

Java Threads: ( => current thread )
=>0x0000022fb34439b0 JavaThread "main" [_thread_in_Java, id=3140, stack(0x0000006b09a00000,0x0000006b09b00000)]
  0x0000022fd15cf320 JavaThread "Reference Handler" daemon [_thread_blocked, id=1088, stack(0x0000006b0a100000,0x0000006b0a200000)]
  0x0000022fd15d24c0 JavaThread "Finalizer" daemon [_thread_blocked, id=37472, stack(0x0000006b0a200000,0x0000006b0a300000)]
  0x0000022fd15ecca0 JavaThread "Signal Dispatcher" daemon [_thread_blocked, id=32576, stack(0x0000006b0a300000,0x0000006b0a400000)]
  0x0000022fd15ed550 JavaThread "Attach Listener" daemon [_thread_blocked, id=30924, stack(0x0000006b0a400000,0x0000006b0a500000)]
  0x0000022fd15ee5a0 JavaThread "Service Thread" daemon [_thread_blocked, id=7444, stack(0x0000006b0a500000,0x0000006b0a600000)]
  0x0000022fd15f52a0 JavaThread "Monitor Deflation Thread" daemon [_thread_blocked, id=20964, stack(0x0000006b0a600000,0x0000006b0a700000)]
  0x0000022fd15f6620 JavaThread "C2 CompilerThread0" daemon [_thread_blocked, id=19080, stack(0x0000006b0a700000,0x0000006b0a800000)]
  0x0000022fd15f96c0 JavaThread "C1 CompilerThread0" daemon [_thread_blocked, id=22332, stack(0x0000006b0a800000,0x0000006b0a900000)]
  0x0000022fd160af10 JavaThread "Sweeper thread" daemon [_thread_blocked, id=23340, stack(0x0000006b0a900000,0x0000006b0aa00000)]
  0x0000022fd58c6120 JavaThread "JDWP Transport Listener: dt_socket" daemon [_thread_blocked, id=7880, stack(0x0000006b0aa00000,0x0000006b0ab00000)]
  0x0000022fd58c69e0 JavaThread "JDWP Event Helper Thread" daemon [_thread_blocked, id=6220, stack(0x0000006b0ab00000,0x0000006b0ac00000)]
  0x0000022fd58c92e0 JavaThread "JDWP Command Reader" daemon [_thread_in_native, id=17412, stack(0x0000006b0ac00000,0x0000006b0ad00000)]
  0x0000022fd58d3d00 JavaThread "Notification Thread" daemon [_thread_blocked, id=34476, stack(0x0000006b0ad00000,0x0000006b0ae00000)]
  0x0000022fd58d59e0 JavaThread "Common-Cleaner" daemon [_thread_blocked, id=30672, stack(0x0000006b0af00000,0x0000006b0b000000)]
  0x0000022fd58d6380 JavaThread "ReaderThread" [_thread_in_native, id=32480, stack(0x0000006b0b100000,0x0000006b0b200000)]
  0x0000022fd58d41d0 JavaThread "AsyncHttpClient-1-1" daemon [_thread_blocked, id=14784, stack(0x0000006b0bc00000,0x0000006b0bd00000)]
  0x0000022fd58d4b70 JavaThread "Exec Default Executor" daemon [_thread_in_native, id=30356, stack(0x0000006b0be00000,0x0000006b0bf00000)]
  0x0000022fd58d5040 JavaThread "Driver Service Executor" daemon [_thread_blocked, id=1996, stack(0x0000006b0bf00000,0x0000006b0c000000)]
  0x0000022fd58d5510 JavaThread "Driver Service Executor" daemon [_thread_blocked, id=1272, stack(0x0000006b0c000000,0x0000006b0c100000)]
  0x0000022fd58d3360 JavaThread "Exec Stream Pumper" daemon [_thread_in_native, id=28032, stack(0x0000006b0c200000,0x0000006b0c300000)]
  0x0000022fd58d3830 JavaThread "Exec Stream Pumper" daemon [_thread_in_native, id=39560, stack(0x0000006b0c300000,0x0000006b0c400000)]
  0x0000022fd677fa00 JavaThread "AsyncHttpClient-1-2" daemon [_thread_in_native, id=35112, stack(0x0000006b0bd00000,0x0000006b0be00000)]
  0x0000022fd6780d40 JavaThread "AsyncHttpClient-1-3" daemon [_thread_in_native, id=26908, stack(0x0000006b0b200000,0x0000006b0b300000)]
  0x0000022fd677f060 JavaThread "AsyncHttpClient-1-4" daemon [_thread_in_native, id=13148, stack(0x0000006b0c600000,0x0000006b0c700000)]

Other Threads:
  0x0000022fd15cbdd0 VMThread "VM Thread" [stack: 0x0000006b0a000000,0x0000006b0a100000] [id=1008]
  0x0000022fd58ce210 WatcherThread "VM Periodic Task Thread" [stack: 0x0000006b0ae00000,0x0000006b0af00000] [id=15400]
  0x0000022fb34a1ec0 WorkerThread "GC Thread#0" [stack: 0x0000006b09b00000,0x0000006b09c00000] [id=39488]
  0x0000022fd665b240 WorkerThread "GC Thread#1" [stack: 0x0000006b0b500000,0x0000006b0b600000] [id=3308]
  0x0000022fd62b1f10 WorkerThread "GC Thread#2" [stack: 0x0000006b0b600000,0x0000006b0b700000] [id=20716]
  0x0000022fd62b21b0 WorkerThread "GC Thread#3" [stack: 0x0000006b0b700000,0x0000006b0b800000] [id=19064]
  0x0000022fd62bb250 WorkerThread "GC Thread#4" [stack: 0x0000006b0b800000,0x0000006b0b900000] [id=4760]
  0x0000022fd668f880 WorkerThread "GC Thread#5" [stack: 0x0000006b0b900000,0x0000006b0ba00000] [id=16484]
  0x0000022fd6694740 WorkerThread "GC Thread#6" [stack: 0x0000006b0ba00000,0x0000006b0bb00000] [id=24936]
  0x0000022fd66949e0 WorkerThread "GC Thread#7" [stack: 0x0000006b0bb00000,0x0000006b0bc00000] [id=37924]
  0x0000022fb34b5310 ConcurrentGCThread "G1 Main Marker" [stack: 0x0000006b09c00000,0x0000006b09d00000] [id=6868]
  0x0000022fb34b5c10 WorkerThread "G1 Conc#0" [stack: 0x0000006b09d00000,0x0000006b09e00000] [id=29968]
  0x0000022fd69b5690 WorkerThread "G1 Conc#1" [stack: 0x0000006b0c500000,0x0000006b0c600000] [id=37796]
  0x0000022fb35054f0 ConcurrentGCThread "G1 Refine#0" [stack: 0x0000006b09e00000,0x0000006b09f00000] [id=23876]
  0x0000022fb3506bc0 ConcurrentGCThread "G1 Service" [stack: 0x0000006b09f00000,0x0000006b0a000000] [id=34960]

Threads with active compile tasks:

VM state: not at safepoint (normal execution)

VM Mutex/Monitor currently owned by a thread: None

Heap address: 0x0000000081800000, size: 2024 MB, Compressed Oops mode: 32-bit

CDS archive(s) mapped at: [0x0000000800000000-0x0000000800ba0000-0x0000000800ba0000), size 12189696, SharedBaseAddress: 0x0000000800000000, ArchiveRelocationMode: 0.
Compressed class space mapped at: 0x0000000800c00000-0x0000000840c00000, reserved size: 1073741824
Narrow klass base: 0x0000000800000000, Narrow klass shift: 0, Narrow klass range: 0x100000000

GC Precious Log:
 CardTable entry size: 512
 Card Set container configuration: InlinePtr #cards 5 size 8 Array Of Cards #cards 12 size 40 Howl #buckets 4 coarsen threshold 1843 Howl Bitmap #cards 512 size 80 coarsen threshold 460 Card regions per heap region 1 cards per card region 2048
 CPUs: 8 total, 8 available
 Memory: 8089M
 Large Page Support: Disabled
 NUMA Support: Disabled
 Compressed Oops: Enabled (32-bit)
 Heap Region Size: 1M
 Heap Min Capacity: 8M
 Heap Initial Capacity: 128M
 Heap Max Capacity: 2024M
 Pre-touch: Disabled
 Parallel Workers: 8
 Concurrent Workers: 2
 Concurrent Refinement Workers: 8
 Periodic GC: Disabled

Heap:
 garbage-first heap   total 40960K, used 26949K [0x0000000081800000, 0x0000000100000000)
  region size 1024K, 16 young (16384K), 4 survivors (4096K)
 Metaspace       used 23536K, committed 23872K, reserved 1114112K
  class space    used 2888K, committed 3072K, reserved 1048576K

Heap Regions: E=young(eden), S=young(survivor), O=old, HS=humongous(starts), HC=humongous(continues), CS=collection set, F=free, OA=open archive, CA=closed archive, TAMS=top-at-mark-start (previous, next)
|   0|0x0000000081800000, 0x0000000081900000, 0x0000000081900000|100%|HS|  |TAMS 0x0000000081900000, 0x0000000081800000| Complete 
|   1|0x0000000081900000, 0x0000000081a00000, 0x0000000081a00000|100%|HC|  |TAMS 0x0000000081a00000, 0x0000000081900000| Complete 
|   2|0x0000000081a00000, 0x0000000081b00000, 0x0000000081b00000|100%| O|  |TAMS 0x0000000081b00000, 0x0000000081a00000| Untracked 
|   3|0x0000000081b00000, 0x0000000081c00000, 0x0000000081c00000|100%| O|  |TAMS 0x0000000081c00000, 0x0000000081b00000| Untracked 
|   4|0x0000000081c00000, 0x0000000081d00000, 0x0000000081d00000|100%| O|  |TAMS 0x0000000081d00000, 0x0000000081c00000| Untracked 
|   5|0x0000000081d00000, 0x0000000081e00000, 0x0000000081e00000|100%| O|  |TAMS 0x0000000081e00000, 0x0000000081d00000| Untracked 
|   6|0x0000000081e00000, 0x0000000081e93400, 0x0000000081f00000| 57%| O|  |TAMS 0x0000000081e93400, 0x0000000081e00000| Complete 
|   7|0x0000000081f00000, 0x0000000082000000, 0x0000000082000000|100%|HS|  |TAMS 0x0000000081f00000, 0x0000000081f00000| Complete 
|   8|0x0000000082000000, 0x0000000082100000, 0x0000000082100000|100%|HC|  |TAMS 0x0000000082000000, 0x0000000082000000| Complete 
|   9|0x0000000082100000, 0x0000000082200000, 0x0000000082200000|100%|HC|  |TAMS 0x0000000082100000, 0x0000000082100000| Complete 
|  10|0x0000000082200000, 0x0000000082300000, 0x0000000082300000|100%|HC|  |TAMS 0x0000000082200000, 0x0000000082200000| Complete 
|  11|0x0000000082300000, 0x0000000082400000, 0x0000000082400000|100%|HC|  |TAMS 0x0000000082300000, 0x0000000082300000| Complete 
|  12|0x0000000082400000, 0x0000000082400000, 0x0000000082500000|  0%| F|  |TAMS 0x0000000082400000, 0x0000000082400000| Untracked 
|  13|0x0000000082500000, 0x0000000082500000, 0x0000000082600000|  0%| F|  |TAMS 0x0000000082500000, 0x0000000082500000| Untracked 
|  14|0x0000000082600000, 0x0000000082600000, 0x0000000082700000|  0%| F|  |TAMS 0x0000000082600000, 0x0000000082600000| Untracked 
|  15|0x0000000082700000, 0x0000000082700000, 0x0000000082800000|  0%| F|  |TAMS 0x0000000082700000, 0x0000000082700000| Untracked 
|  16|0x0000000082800000, 0x0000000082800000, 0x0000000082900000|  0%| F|  |TAMS 0x0000000082800000, 0x0000000082800000| Untracked 
|  17|0x0000000082900000, 0x0000000082900000, 0x0000000082a00000|  0%| F|  |TAMS 0x0000000082900000, 0x0000000082900000| Untracked 
|  18|0x0000000082a00000, 0x0000000082a00000, 0x0000000082b00000|  0%| F|  |TAMS 0x0000000082a00000, 0x0000000082a00000| Untracked 
|  19|0x0000000082b00000, 0x0000000082b00000, 0x0000000082c00000|  0%| F|  |TAMS 0x0000000082b00000, 0x0000000082b00000| Untracked 
|  20|0x0000000082c00000, 0x0000000082c00000, 0x0000000082d00000|  0%| F|  |TAMS 0x0000000082c00000, 0x0000000082c00000| Untracked 
|  21|0x0000000082d00000, 0x0000000082d00000, 0x0000000082e00000|  0%| F|  |TAMS 0x0000000082d00000, 0x0000000082d00000| Untracked 
|  22|0x0000000082e00000, 0x0000000082e00000, 0x0000000082f00000|  0%| F|  |TAMS 0x0000000082e00000, 0x0000000082e00000| Untracked 
|  23|0x0000000082f00000, 0x0000000082f00000, 0x0000000083000000|  0%| F|  |TAMS 0x0000000082f00000, 0x0000000082f00000| Untracked 
|  24|0x0000000083000000, 0x0000000083100000, 0x0000000083100000|100%| E|  |TAMS 0x0000000083000000, 0x0000000083000000| Complete 
|  25|0x0000000083100000, 0x0000000083200000, 0x0000000083200000|100%| E|CS|TAMS 0x0000000083100000, 0x0000000083100000| Complete 
|  26|0x0000000083200000, 0x0000000083300000, 0x0000000083300000|100%| E|CS|TAMS 0x0000000083200000, 0x0000000083200000| Complete 
|  27|0x0000000083300000, 0x0000000083400000, 0x0000000083400000|100%| E|CS|TAMS 0x0000000083300000, 0x0000000083300000| Complete 
|  28|0x0000000083400000, 0x0000000083500000, 0x0000000083500000|100%| E|CS|TAMS 0x0000000083400000, 0x0000000083400000| Complete 
|  29|0x0000000083500000, 0x0000000083600000, 0x0000000083600000|100%| E|CS|TAMS 0x0000000083500000, 0x0000000083500000| Complete 
|  30|0x0000000083600000, 0x0000000083700000, 0x0000000083700000|100%| E|CS|TAMS 0x0000000083600000, 0x0000000083600000| Complete 
|  31|0x0000000083700000, 0x0000000083800000, 0x0000000083800000|100%| E|CS|TAMS 0x0000000083700000, 0x0000000083700000| Complete 
|  32|0x0000000083800000, 0x0000000083900000, 0x0000000083900000|100%| E|CS|TAMS 0x0000000083800000, 0x0000000083800000| Complete 
|  33|0x0000000083900000, 0x0000000083a00000, 0x0000000083a00000|100%| E|CS|TAMS 0x0000000083900000, 0x0000000083900000| Complete 
|  34|0x0000000083a00000, 0x0000000083b00000, 0x0000000083b00000|100%| E|CS|TAMS 0x0000000083a00000, 0x0000000083a00000| Complete 
| 118|0x0000000088e00000, 0x0000000088ebe208, 0x0000000088f00000| 74%| S|CS|TAMS 0x0000000088e00000, 0x0000000088e00000| Complete 
| 119|0x0000000088f00000, 0x0000000089000000, 0x0000000089000000|100%| S|CS|TAMS 0x0000000088f00000, 0x0000000088f00000| Complete 
| 120|0x0000000089000000, 0x0000000089100000, 0x0000000089100000|100%| S|CS|TAMS 0x0000000089000000, 0x0000000089000000| Complete 
| 121|0x0000000089100000, 0x0000000089200000, 0x0000000089200000|100%| S|CS|TAMS 0x0000000089100000, 0x0000000089100000| Complete 
| 127|0x0000000089700000, 0x0000000089800000, 0x0000000089800000|100%| E|CS|TAMS 0x0000000089700000, 0x0000000089700000| Complete 

Card table byte_map: [0x0000022fca4c0000,0x0000022fca8c0000] _byte_map_base: 0x0000022fca0b4000

Marking Bits (Prev, Next): (CMBitMap*) 0x0000022fb34a4430, (CMBitMap*) 0x0000022fb34a43f0
 Prev Bits: [0x0000022fccc60000, 0x0000022fcec00000)
 Next Bits: [0x0000022fcacc0000, 0x0000022fccc60000)

Polling page: 0x0000022fb13b0000

Metaspace:

Usage:
  Non-class:     20.16 MB used.
      Class:      2.82 MB used.
       Both:     22.98 MB used.

Virtual space:
  Non-class space:       64.00 MB reserved,      20.31 MB ( 32%) committed,  1 nodes.
      Class space:        1.00 GB reserved,       3.00 MB ( <1%) committed,  1 nodes.
             Both:        1.06 GB reserved,      23.31 MB (  2%) committed. 

Chunk freelists:
   Non-Class:  3.56 MB
       Class:  999.00 KB
        Both:  4.54 MB

MaxMetaspaceSize: unlimited
CompressedClassSpaceSize: 1.00 GB
Initial GC threshold: 21.00 MB
Current GC threshold: 35.12 MB
CDS: on
MetaspaceReclaimPolicy: balanced
 - commit_granule_bytes: 65536.
 - commit_granule_words: 8192.
 - virtual_space_node_default_size: 8388608.
 - enlarge_chunks_in_place: 1.
 - new_chunks_are_fully_committed: 0.
 - uncommit_free_chunks: 1.
 - use_allocation_guard: 0.


Internal statistics:

num_allocs_failed_limit: 3.
num_arena_births: 378.
num_arena_deaths: 0.
num_vsnodes_births: 2.
num_vsnodes_deaths: 0.
num_space_committed: 373.
num_space_uncommitted: 0.
num_chunks_returned_to_freelist: 3.
num_chunks_taken_from_freelist: 1022.
num_chunk_merges: 3.
num_chunk_splits: 686.
num_chunks_enlarged: 506.
num_inconsistent_stats: 0.

CodeHeap 'non-profiled nmethods': size=120000Kb used=894Kb max_used=894Kb free=119105Kb
 bounds [0x0000022fc2850000, 0x0000022fc2ac0000, 0x0000022fc9d80000]
CodeHeap 'profiled nmethods': size=120000Kb used=4871Kb max_used=4871Kb free=115128Kb
 bounds [0x0000022fbb320000, 0x0000022fbb7f0000, 0x0000022fc2850000]
CodeHeap 'non-nmethods': size=5760Kb used=1362Kb max_used=1379Kb free=4397Kb
 bounds [0x0000022fbad80000, 0x0000022fbaff0000, 0x0000022fbb320000]
 total_blobs=3097 nmethods=2495 adapters=514
 compilation: enabled
              stopped_count=0, restarted_count=0
 full_count=0

Compilation events (20 events):
Event: 124.171 Thread 0x0000022fd15f96c0 2486       3       java.util.concurrent.ConcurrentHashMap$ValueIterator::<init> (12 bytes)
Event: 124.171 Thread 0x0000022fd15f96c0 nmethod 2486 0x0000022fbb7dd210 code [0x0000022fbb7dd3a0, 0x0000022fbb7dd528]
Event: 127.468 Thread 0x0000022fd15f96c0 2487       3       java.util.concurrent.ConcurrentLinkedDeque::first (65 bytes)
Event: 127.469 Thread 0x0000022fd15f96c0 nmethod 2487 0x0000022fbb7dd610 code [0x0000022fbb7dd8e0, 0x0000022fbb7de8f8]
Event: 128.574 Thread 0x0000022fd15f96c0 2488       1       io.netty.util.HashedWheelTimer$HashedWheelTimeout::task (5 bytes)
Event: 128.574 Thread 0x0000022fd15f96c0 nmethod 2488 0x0000022fc292e790 code [0x0000022fc292e920, 0x0000022fc292e9f8]
Event: 128.773 Thread 0x0000022fd15f6620 2489       4       io.netty.util.HashedWheelTimer::access$600 (4 bytes)
Event: 128.774 Thread 0x0000022fd15f6620 nmethod 2489 0x0000022fc292ea90 code [0x0000022fc292ec00, 0x0000022fc292ec58]
Event: 131.867 Thread 0x0000022fd15f96c0 2490       1       io.netty.util.HashedWheelTimer$HashedWheelTimeout::access$1300 (5 bytes)
Event: 131.867 Thread 0x0000022fd15f96c0 nmethod 2490 0x0000022fc292ed90 code [0x0000022fc292ef20, 0x0000022fc292efd8]
Event: 137.371 Thread 0x0000022fd15f96c0 2491       1       io.netty.util.HashedWheelTimer::access$1200 (5 bytes)
Event: 137.371 Thread 0x0000022fd15f96c0 nmethod 2491 0x0000022fc292f090 code [0x0000022fc292f220, 0x0000022fc292f2d8]
Event: 141.768 Thread 0x0000022fd15f96c0 2492       1       org.asynchttpclient.netty.channel.DefaultChannelPool::access$700 (5 bytes)
Event: 141.768 Thread 0x0000022fd15f96c0 nmethod 2492 0x0000022fc292f390 code [0x0000022fc292f520, 0x0000022fc292f5d8]
Event: 141.768 Thread 0x0000022fd15f96c0 2494       3       org.asynchttpclient.netty.channel.DefaultChannelPool$IdleChannelDetector::expiredChannels (176 bytes)
Event: 141.769 Thread 0x0000022fd15f96c0 nmethod 2494 0x0000022fbb7def10 code [0x0000022fbb7df280, 0x0000022fbb7e10e8]
Event: 141.769 Thread 0x0000022fd15f96c0 2493       1       org.asynchttpclient.netty.channel.DefaultChannelPool::access$800 (5 bytes)
Event: 141.769 Thread 0x0000022fd15f96c0 nmethod 2493 0x0000022fc292f690 code [0x0000022fc292f820, 0x0000022fc292f8d8]
Event: 145.167 Thread 0x0000022fd15f96c0 2495       3       io.netty.util.internal.shaded.org.jctools.queues.BaseMpscLinkedArrayQueueConsumerFields::soConsumerIndex (12 bytes)
Event: 145.168 Thread 0x0000022fd15f96c0 nmethod 2495 0x0000022fbb7e1a90 code [0x0000022fbb7e1c40, 0x0000022fbb7e1e88]

GC Heap History (6 events):
Event: 0.725 GC heap before
{Heap before GC invocations=0 (full 0):
 garbage-first heap   total 131072K, used 25600K [0x0000000081800000, 0x0000000100000000)
  region size 1024K, 23 young (23552K), 0 survivors (0K)
 Metaspace       used 8688K, committed 8960K, reserved 1114112K
  class space    used 968K, committed 1088K, reserved 1048576K
}
Event: 0.730 GC heap after
{Heap after GC invocations=1 (full 0):
 garbage-first heap   total 131072K, used 6496K [0x0000000081800000, 0x0000000100000000)
  region size 1024K, 3 young (3072K), 3 survivors (3072K)
 Metaspace       used 8688K, committed 8960K, reserved 1114112K
  class space    used 968K, committed 1088K, reserved 1048576K
}
Event: 1.278 GC heap before
{Heap before GC invocations=1 (full 0):
 garbage-first heap   total 131072K, used 34144K [0x0000000081800000, 0x0000000100000000)
  region size 1024K, 30 young (30720K), 3 survivors (3072K)
 Metaspace       used 19076K, committed 19456K, reserved 1114112K
  class space    used 2258K, committed 2432K, reserved 1048576K
}
Event: 1.284 GC heap after
{Heap after GC invocations=2 (full 0):
 garbage-first heap   total 131072K, used 10051K [0x0000000081800000, 0x0000000100000000)
  region size 1024K, 4 young (4096K), 4 survivors (4096K)
 Metaspace       used 19076K, committed 19456K, reserved 1114112K
  class space    used 2258K, committed 2432K, reserved 1048576K
}
Event: 1.395 GC heap before
{Heap before GC invocations=2 (full 0):
 garbage-first heap   total 131072K, used 15171K [0x0000000081800000, 0x0000000100000000)
  region size 1024K, 10 young (10240K), 4 survivors (4096K)
 Metaspace       used 21188K, committed 21504K, reserved 1114112K
  class space    used 2545K, committed 2688K, reserved 1048576K
}
Event: 1.397 GC heap after
{Heap after GC invocations=3 (full 0):
 garbage-first heap   total 131072K, used 10565K [0x0000000081800000, 0x0000000100000000)
  region size 1024K, 4 young (4096K), 4 survivors (4096K)
 Metaspace       used 21188K, committed 21504K, reserved 1114112K
  class space    used 2545K, committed 2688K, reserved 1048576K
}

Deoptimization events (20 events):
Event: 1.967 Thread 0x0000022fb34439b0 DEOPT PACKING pc=0x0000022fc28c3024 sp=0x0000006b09afe220
Event: 1.967 Thread 0x0000022fb34439b0 DEOPT UNPACKING pc=0x0000022fbadd23a3 sp=0x0000006b09afe1b0 mode 2
Event: 5.447 Thread 0x0000022fb34439b0 DEOPT PACKING pc=0x0000022fbb69d234 sp=0x0000006b09afe6a0
Event: 5.447 Thread 0x0000022fb34439b0 DEOPT UNPACKING pc=0x0000022fbadd2b43 sp=0x0000006b09afdbe8 mode 1
Event: 5.465 Thread 0x0000022fb34439b0 DEOPT PACKING pc=0x0000022fbb69d234 sp=0x0000006b09afdf80
Event: 5.465 Thread 0x0000022fb34439b0 DEOPT UNPACKING pc=0x0000022fbadd2b43 sp=0x0000006b09afd4c8 mode 1
Event: 5.470 Thread 0x0000022fb34439b0 DEOPT PACKING pc=0x0000022fbb69d234 sp=0x0000006b09afe030
Event: 5.470 Thread 0x0000022fb34439b0 DEOPT UNPACKING pc=0x0000022fbadd2b43 sp=0x0000006b09afd560 mode 1
Event: 5.470 Thread 0x0000022fb34439b0 DEOPT PACKING pc=0x0000022fbb759ea4 sp=0x0000006b09afe140
Event: 5.470 Thread 0x0000022fb34439b0 DEOPT UNPACKING pc=0x0000022fbadd2b43 sp=0x0000006b09afd688 mode 1
Event: 10.023 Thread 0x0000022fb34439b0 DEOPT PACKING pc=0x0000022fbb69d234 sp=0x0000006b09afdf80
Event: 10.023 Thread 0x0000022fb34439b0 DEOPT UNPACKING pc=0x0000022fbadd2b43 sp=0x0000006b09afd4c8 mode 1
Event: 10.025 Thread 0x0000022fb34439b0 DEOPT PACKING pc=0x0000022fbb69d234 sp=0x0000006b09afdf80
Event: 10.025 Thread 0x0000022fb34439b0 DEOPT UNPACKING pc=0x0000022fbadd2b43 sp=0x0000006b09afd4c8 mode 1
Event: 10.027 Thread 0x0000022fb34439b0 DEOPT PACKING pc=0x0000022fbb69d234 sp=0x0000006b09afdfd0
Event: 10.027 Thread 0x0000022fb34439b0 DEOPT UNPACKING pc=0x0000022fbadd2b43 sp=0x0000006b09afd500 mode 1
Event: 10.027 Thread 0x0000022fb34439b0 DEOPT PACKING pc=0x0000022fbb759ea4 sp=0x0000006b09afe0e0
Event: 10.027 Thread 0x0000022fb34439b0 DEOPT UNPACKING pc=0x0000022fbadd2b43 sp=0x0000006b09afd628 mode 1
Event: 165.024 Thread 0x0000022fb34439b0 DEOPT PACKING pc=0x0000022fbb676fa4 sp=0x0000006b09afdee0
Event: 165.024 Thread 0x0000022fb34439b0 DEOPT UNPACKING pc=0x0000022fbadd2b43 sp=0x0000006b09afd398 mode 0

Classes loaded (20 events):
Event: 2.010 Loading class java/util/stream/SortedOps$AbstractRefSortingSink done
Event: 2.010 Loading class java/util/stream/SortedOps$SizedRefSortingSink done
Event: 2.070 Loading class java/util/concurrent/ConcurrentLinkedDeque$Itr
Event: 2.070 Loading class java/util/concurrent/ConcurrentLinkedDeque$AbstractItr
Event: 2.070 Loading class java/util/concurrent/ConcurrentLinkedDeque$AbstractItr done
Event: 2.070 Loading class java/util/concurrent/ConcurrentLinkedDeque$Itr done
Event: 5.466 Loading class jdk/internal/reflect/MethodHandleLongFieldAccessorImpl
Event: 5.466 Loading class jdk/internal/reflect/MethodHandleLongFieldAccessorImpl done
Event: 5.474 Loading class java/lang/annotation/ElementType
Event: 5.474 Loading class java/lang/annotation/ElementType done
Event: 5.481 Loading class java/util/AbstractList$ListItr
Event: 5.481 Loading class java/util/AbstractList$ListItr done
Event: 8.500 Loading class java/net/URLEncoder
Event: 8.500 Loading class java/net/URLEncoder done
Event: 8.500 Loading class java/io/CharArrayWriter
Event: 8.500 Loading class java/io/CharArrayWriter done
Event: 10.024 Loading class java/util/concurrent/ConcurrentLinkedQueue$Itr
Event: 10.024 Loading class java/util/concurrent/ConcurrentLinkedQueue$Itr done
Event: 10.027 Loading class java/lang/invoke/WrongMethodTypeException
Event: 10.027 Loading class java/lang/invoke/WrongMethodTypeException done

Classes unloaded (0 events):
No events

Classes redefined (2 events):
Event: 129.299 Thread 0x0000022fd15cbdd0 redefined class name=rajeshTestCases.SourceSetTestCase, count=1
Event: 165.036 Thread 0x0000022fd15cbdd0 redefined class name=rajeshObjects.SourceSetObject, count=1

Internal exceptions (20 events):
Event: 1.146 Thread 0x0000022fd58d4b70 Exception <a 'java/lang/NoSuchMethodError'{0x00000000882e7698}: 'java.lang.Object java.lang.invoke.DirectMethodHandle$Holder.invokeStaticInit(java.lang.Object, java.lang.Object, long, java.lang.Object)'> (0x00000000882e7698) 
thrown [s\open\src\hotspot\share\interpreter\linkResolver.cpp, line 759]
Event: 1.147 Thread 0x0000022fd58d4b70 Exception <a 'java/lang/NoSuchMethodError'{0x00000000882ed6e0}: 'java.lang.Object java.lang.invoke.DirectMethodHandle$Holder.newInvokeSpecial(java.lang.Object, java.lang.Object, long)'> (0x00000000882ed6e0) 
thrown [s\open\src\hotspot\share\interpreter\linkResolver.cpp, line 759]
Event: 1.148 Thread 0x0000022fd58d6850 Exception <a 'java/net/ConnectException'{0x0000000088107bc8}: Connection refused: no further information> (0x0000000088107bc8) 
thrown [s\open\src\hotspot\share\prims\jni.cpp, line 535]
Event: 1.148 Thread 0x0000022fd58d6850 Exception <a 'java/net/SocketException'{0x0000000088107f00}: Socket is not connected: shutdown> (0x0000000088107f00) 
thrown [s\open\src\hotspot\share\prims\jni.cpp, line 535]
Event: 1.160 Thread 0x0000022fd58d6850 Exception <a 'java/net/ConnectException'{0x0000000088108f68}: Connection refused: no further information> (0x0000000088108f68) 
thrown [s\open\src\hotspot\share\prims\jni.cpp, line 535]
Event: 1.160 Thread 0x0000022fd58d6850 Exception <a 'java/net/SocketException'{0x00000000881092a0}: Socket is not connected: shutdown> (0x00000000881092a0) 
thrown [s\open\src\hotspot\share\prims\jni.cpp, line 535]
Event: 1.202 Thread 0x0000022fb34439b0 Exception <a 'java/lang/NoSuchMethodError'{0x00000000881b30a8}: 'double java.lang.invoke.DirectMethodHandle$Holder.invokeVirtual(java.lang.Object, java.lang.Object)'> (0x00000000881b30a8) 
thrown [s\open\src\hotspot\share\interpreter\linkResolver.cpp, line 759]
Event: 1.203 Thread 0x0000022fb34439b0 Exception <a 'java/lang/NoSuchMethodError'{0x00000000881b9730}: 'float java.lang.invoke.DirectMethodHandle$Holder.invokeVirtual(java.lang.Object, java.lang.Object)'> (0x00000000881b9730) 
thrown [s\open\src\hotspot\share\interpreter\linkResolver.cpp, line 759]
Event: 1.203 Thread 0x0000022fb34439b0 Exception <a 'java/lang/NoSuchMethodError'{0x00000000881c2898}: 'long java.lang.invoke.DirectMethodHandle$Holder.invokeVirtual(java.lang.Object, java.lang.Object)'> (0x00000000881c2898) 
thrown [s\open\src\hotspot\share\interpreter\linkResolver.cpp, line 759]
Event: 1.206 Thread 0x0000022fb34439b0 Exception <a 'java/lang/NoSuchMethodError'{0x00000000881ee860}: 'java.lang.Object java.lang.invoke.DirectMethodHandle$Holder.invokeVirtual(java.lang.Object, java.lang.Object, java.lang.Object)'> (0x00000000881ee860) 
thrown [s\open\src\hotspot\share\interpreter\linkResolver.cpp, line 759]
Event: 1.225 Thread 0x0000022fb34439b0 Exception <a 'java/lang/NoSuchMethodError'{0x0000000087dfc9b0}: 'void java.lang.invoke.DirectMethodHandle$Holder.invokeSpecial(java.lang.Object, java.lang.Object, java.lang.Object, java.lang.Object, java.lang.Object)'> (0x0000000087dfc9b0) 
thrown [s\open\src\hotspot\share\interpreter\linkResolver.cpp, line 759]
Event: 1.226 Thread 0x0000022fb34439b0 Exception <a 'java/lang/NoSuchMethodError'{0x0000000087c03c68}: 'void java.lang.invoke.DirectMethodHandle$Holder.invokeStatic(java.lang.Object, java.lang.Object, int)'> (0x0000000087c03c68) 
thrown [s\open\src\hotspot\share\interpreter\linkResolver.cpp, line 759]
Event: 1.258 Thread 0x0000022fb34439b0 Exception <a 'java/lang/NoSuchMethodError'{0x0000000087a01dc0}: 'int java.lang.invoke.DirectMethodHandle$Holder.invokeSpecialIFC(java.lang.Object, java.lang.Object, java.lang.Object)'> (0x0000000087a01dc0) 
thrown [s\open\src\hotspot\share\interpreter\linkResolver.cpp, line 759]
Event: 1.318 Thread 0x0000022fb34439b0 Exception <a 'java/lang/NoSuchMethodError'{0x000000008952a210}: 'void java.lang.invoke.DirectMethodHandle$Holder.invokeSpecial(java.lang.Object, java.lang.Object, java.lang.Object, java.lang.Object, java.lang.Object, java.lang.Object)'> (0x000000008952a210) 
thrown [s\open\src\hotspot\share\interpreter\linkResolver.cpp, line 759]
Event: 1.956 Thread 0x0000022fb34439b0 Exception <a 'java/lang/NoSuchMethodError'{0x0000000083951dc8}: 'java.lang.Object java.lang.invoke.DirectMethodHandle$Holder.invokeSpecialIFC(java.lang.Object, java.lang.Object, java.lang.Object)'> (0x0000000083951dc8) 
thrown [s\open\src\hotspot\share\interpreter\linkResolver.cpp, line 759]
Event: 5.457 Thread 0x0000022fb34439b0 Exception <a 'java/lang/NoSuchMethodError'{0x0000000083326eb0}: 'void java.lang.invoke.DirectMethodHandle$Holder.invokeInterface(java.lang.Object, java.lang.Object)'> (0x0000000083326eb0) 
thrown [s\open\src\hotspot\share\interpreter\linkResolver.cpp, line 759]
Event: 5.466 Thread 0x0000022fb34439b0 Exception <a 'java/lang/NoSuchMethodError'{0x00000000833b1b90}: 'long java.lang.invoke.DelegatingMethodHandle$Holder.reinvoke_L(java.lang.Object, java.lang.Object)'> (0x00000000833b1b90) 
thrown [s\open\src\hotspot\share\interpreter\linkResolver.cpp, line 759]
Event: 5.467 Thread 0x0000022fb34439b0 Exception <a 'java/lang/NoSuchMethodError'{0x00000000833bbe68}: 'void java.lang.invoke.DelegatingMethodHandle$Holder.reinvoke_L(java.lang.Object, java.lang.Object, long)'> (0x00000000833bbe68) 
thrown [s\open\src\hotspot\share\interpreter\linkResolver.cpp, line 759]
Event: 5.467 Thread 0x0000022fb34439b0 Exception <a 'java/lang/NoSuchMethodError'{0x00000000833c2cc0}: 'long java.lang.invoke.Invokers$Holder.invokeExact_MT(java.lang.Object, java.lang.Object, java.lang.Object)'> (0x00000000833c2cc0) 
thrown [s\open\src\hotspot\share\interpreter\linkResolver.cpp, line 759]
Event: 5.480 Thread 0x0000022fb34439b0 Exception <a 'java/lang/NoSuchMethodError'{0x000000008327ffd0}: 'void java.lang.invoke.Invokers$Holder.invokeExact_MT(java.lang.Object, java.lang.Object, java.lang.Object)'> (0x000000008327ffd0) 
thrown [s\open\src\hotspot\share\interpreter\linkResolver.cpp, line 759]

VM Operations (20 events):
Event: 145.442 Executing VM operation: get/set locals
Event: 145.442 Executing VM operation: get/set locals done
Event: 145.442 Executing VM operation: get/set locals
Event: 145.442 Executing VM operation: get/set locals done
Event: 145.443 Executing VM operation: get/set locals
Event: 145.443 Executing VM operation: get/set locals done
Event: 145.443 Executing VM operation: get/set locals
Event: 145.443 Executing VM operation: get/set locals done
Event: 145.443 Executing VM operation: get/set locals
Event: 145.444 Executing VM operation: get/set locals done
Event: 145.444 Executing VM operation: get/set locals
Event: 145.444 Executing VM operation: get/set locals done
Event: 165.024 Executing VM operation: ChangeSingleStep
Event: 165.024 Executing VM operation: ChangeSingleStep done
Event: 165.024 Executing VM operation: ChangeSingleStep
Event: 165.024 Executing VM operation: ChangeSingleStep done
Event: 165.032 Executing VM operation: RedefineClasses
Event: 165.043 Executing VM operation: RedefineClasses done
Event: 165.045 Executing VM operation: ChangeSingleStep
Event: 165.045 Executing VM operation: ChangeSingleStep done

Events (20 events):
Event: 0.851 Loaded shared library C:\Program Files\Java\jdk-18.0.2.1\bin\management_ext.dll
Event: 0.866 Thread 0x0000022fd58d41d0 Thread added: 0x0000022fd58d41d0
Event: 0.897 Loaded shared library C:\Program Files\Java\jdk-18.0.2.1\bin\sunmscapi.dll
Event: 0.953 Thread 0x0000022fd6a7d070 Thread added: 0x0000022fd6a7d070
Event: 1.138 Thread 0x0000022fd58d4b70 Thread added: 0x0000022fd58d4b70
Event: 1.140 Thread 0x0000022fd58d5040 Thread added: 0x0000022fd58d5040
Event: 1.140 Thread 0x0000022fd58d5510 Thread added: 0x0000022fd58d5510
Event: 1.142 Thread 0x0000022fd58d6850 Thread added: 0x0000022fd58d6850
Event: 1.149 Thread 0x0000022fd58d3360 Thread added: 0x0000022fd58d3360
Event: 1.149 Thread 0x0000022fd58d3830 Thread added: 0x0000022fd58d3830
Event: 1.194 Thread 0x0000022fd67863e0 Thread added: 0x0000022fd67863e0
Event: 1.215 Thread 0x0000022fd6a7d070 Thread exited: 0x0000022fd6a7d070
Event: 1.366 Thread 0x0000022fd677fa00 Thread added: 0x0000022fd677fa00
Event: 1.925 Thread 0x0000022fd5b78760 Thread exited: 0x0000022fd5b78760
Event: 1.977 Thread 0x0000022fd6780d40 Thread added: 0x0000022fd6780d40
Event: 1.987 Thread 0x0000022fd677f060 Thread added: 0x0000022fd677f060
Event: 6.207 Thread 0x0000022fd67863e0 Thread exited: 0x0000022fd67863e0
Event: 61.198 Thread 0x0000022fd58d6850 Thread exited: 0x0000022fd58d6850
Event: 61.988 Thread 0x0000022fd58d46a0 Thread exited: 0x0000022fd58d46a0
Event: 121.991 Thread 0x0000022fd58d2e90 Thread exited: 0x0000022fd58d2e90


Dynamic libraries:
0x00007ff6b4540000 - 0x00007ff6b4550000 	C:\Program Files\Java\jdk-18.0.2.1\bin\javaw.exe
0x00007ff818510000 - 0x00007ff818708000 	C:\Windows\SYSTEM32\ntdll.dll
0x00007ff8171c0000 - 0x00007ff81727d000 	C:\Windows\System32\KERNEL32.DLL
0x00007ff816200000 - 0x00007ff8164d3000 	C:\Windows\System32\KERNELBASE.dll
0x00007ff815d70000 - 0x00007ff815e70000 	C:\Windows\System32\ucrtbase.dll
0x00007ff808320000 - 0x00007ff80833a000 	C:\Program Files\Java\jdk-18.0.2.1\bin\VCRUNTIME140.dll
0x00007ff809d70000 - 0x00007ff809d88000 	C:\Program Files\Java\jdk-18.0.2.1\bin\jli.dll
0x00007ff818090000 - 0x00007ff81813e000 	C:\Windows\System32\ADVAPI32.dll
0x00007ff817280000 - 0x00007ff81731e000 	C:\Windows\System32\msvcrt.dll
0x00007ff817110000 - 0x00007ff8171ac000 	C:\Windows\System32\sechost.dll
0x00007ff816a50000 - 0x00007ff816b75000 	C:\Windows\System32\RPCRT4.dll
0x00007ff817ef0000 - 0x00007ff81808e000 	C:\Windows\System32\USER32.dll
0x00007ff816100000 - 0x00007ff816122000 	C:\Windows\System32\win32u.dll
0x00007ff805c80000 - 0x00007ff805f1a000 	C:\Windows\WinSxS\amd64_microsoft.windows.common-controls_6595b64144ccf1df_6.0.19041.1110_none_60b5254171f9507e\COMCTL32.dll
0x00007ff8173c0000 - 0x00007ff8173ec000 	C:\Windows\System32\GDI32.dll
0x00007ff815f30000 - 0x00007ff816044000 	C:\Windows\System32\gdi32full.dll
0x00007ff816160000 - 0x00007ff8161fd000 	C:\Windows\System32\msvcp_win.dll
0x00007ff80d0f0000 - 0x00007ff80d0fa000 	C:\Windows\SYSTEM32\VERSION.dll
0x00007ff818340000 - 0x00007ff818370000 	C:\Windows\System32\IMM32.DLL
0x00007ff80edd0000 - 0x00007ff80eddc000 	C:\Program Files\Java\jdk-18.0.2.1\bin\vcruntime140_1.dll
0x00007ffffabb0000 - 0x00007ffffac3d000 	C:\Program Files\Java\jdk-18.0.2.1\bin\msvcp140.dll
0x00007fffb7120000 - 0x00007fffb7d31000 	C:\Program Files\Java\jdk-18.0.2.1\bin\server\jvm.dll
0x00007ff816c30000 - 0x00007ff816c38000 	C:\Windows\System32\PSAPI.DLL
0x00007ff80ec70000 - 0x00007ff80ec79000 	C:\Windows\SYSTEM32\WSOCK32.dll
0x00007ff80cf00000 - 0x00007ff80cf27000 	C:\Windows\SYSTEM32\WINMM.dll
0x00007ff8181a0000 - 0x00007ff81820b000 	C:\Windows\System32\WS2_32.dll
0x00007ff813af0000 - 0x00007ff813b02000 	C:\Windows\SYSTEM32\kernel.appcore.dll
0x00007ff8087a0000 - 0x00007ff8087aa000 	C:\Program Files\Java\jdk-18.0.2.1\bin\jimage.dll
0x00007ff80f970000 - 0x00007ff80fb54000 	C:\Windows\SYSTEM32\DBGHELP.DLL
0x00007ff80f910000 - 0x00007ff80f93c000 	C:\Windows\SYSTEM32\dbgcore.DLL
0x00007ff8164e0000 - 0x00007ff816562000 	C:\Windows\System32\bcryptPrimitives.dll
0x00007ff80f790000 - 0x00007ff80f7cb000 	C:\Program Files\Java\jdk-18.0.2.1\bin\jdwp.dll
0x00007ff807db0000 - 0x00007ff807dd5000 	C:\Program Files\Java\jdk-18.0.2.1\bin\java.dll
0x00007ffffa390000 - 0x00007ffffa466000 	C:\Program Files\Java\jdk-18.0.2.1\bin\jsvml.dll
0x00007ff817670000 - 0x00007ff817db3000 	C:\Windows\System32\SHELL32.dll
0x00007ff813cf0000 - 0x00007ff814484000 	C:\Windows\SYSTEM32\windows.storage.dll
0x00007ff8166f0000 - 0x00007ff816a44000 	C:\Windows\System32\combase.dll
0x00007ff815670000 - 0x00007ff8156a0000 	C:\Windows\SYSTEM32\Wldp.dll
0x00007ff816b80000 - 0x00007ff816c2d000 	C:\Windows\System32\SHCORE.dll
0x00007ff818140000 - 0x00007ff818195000 	C:\Windows\System32\shlwapi.dll
0x00007ff815b50000 - 0x00007ff815b6f000 	C:\Windows\SYSTEM32\profapi.dll
0x00007ff80ede0000 - 0x00007ff80edec000 	C:\Program Files\Java\jdk-18.0.2.1\bin\dt_socket.dll
0x00007ff815070000 - 0x00007ff8150ab000 	C:\Windows\SYSTEM32\IPHLPAPI.DLL
0x00007ff8153d0000 - 0x00007ff81543a000 	C:\Windows\system32\mswsock.dll
0x00007ff8150b0000 - 0x00007ff81517a000 	C:\Windows\SYSTEM32\DNSAPI.dll
0x00007ff8173b0000 - 0x00007ff8173b8000 	C:\Windows\System32\NSI.dll
0x00007ff810490000 - 0x00007ff81049a000 	C:\Windows\System32\rasadhlp.dll
0x00007ff8100f0000 - 0x00007ff810170000 	C:\Windows\System32\fwpuclnt.dll
0x00007ff816130000 - 0x00007ff816157000 	C:\Windows\System32\bcrypt.dll
0x00007ff807d90000 - 0x00007ff807da3000 	C:\Program Files\Java\jdk-18.0.2.1\bin\net.dll
0x00007ff810500000 - 0x00007ff81060d000 	C:\Windows\SYSTEM32\WINHTTP.dll
0x00007ff806580000 - 0x00007ff806596000 	C:\Program Files\Java\jdk-18.0.2.1\bin\nio.dll
0x00007ff806070000 - 0x00007ff806088000 	C:\Program Files\Java\jdk-18.0.2.1\bin\zip.dll
0x00007ff807d80000 - 0x00007ff807d90000 	C:\Program Files\Java\jdk-18.0.2.1\bin\verify.dll
0x00007ff8155c0000 - 0x00007ff8155d8000 	C:\Windows\SYSTEM32\CRYPTSP.dll
0x00007ff814c80000 - 0x00007ff814cb4000 	C:\Windows\system32\rsaenh.dll
0x00007ff815b10000 - 0x00007ff815b3e000 	C:\Windows\SYSTEM32\USERENV.dll
0x00007ff8155e0000 - 0x00007ff8155ec000 	C:\Windows\SYSTEM32\CRYPTBASE.dll
0x00007ff811020000 - 0x00007ff811037000 	C:\Windows\SYSTEM32\dhcpcsvc6.DLL
0x00007ff811000000 - 0x00007ff81101d000 	C:\Windows\SYSTEM32\dhcpcsvc.DLL
0x00007ff811920000 - 0x00007ff811929000 	C:\Program Files\Java\jdk-18.0.2.1\bin\management.dll
0x00007ff811910000 - 0x00007ff81191b000 	C:\Program Files\Java\jdk-18.0.2.1\bin\management_ext.dll
0x00007ff807cd0000 - 0x00007ff807cde000 	C:\Program Files\Java\jdk-18.0.2.1\bin\sunmscapi.dll
0x00007ff815c10000 - 0x00007ff815d66000 	C:\Windows\System32\CRYPT32.dll
0x00007ff8156e0000 - 0x00007ff815707000 	C:\Windows\SYSTEM32\ncrypt.dll
0x00007ff8156a0000 - 0x00007ff8156db000 	C:\Windows\SYSTEM32\NTASN1.dll
0x00007ff808450000 - 0x00007ff808467000 	C:\Windows\system32\napinsp.dll
0x00007ff808140000 - 0x00007ff80815b000 	C:\Windows\system32\pnrpnsp.dll
0x00007ff809190000 - 0x00007ff8091a5000 	C:\Windows\system32\wshbth.dll
0x00007ff8110c0000 - 0x00007ff8110dd000 	C:\Windows\system32\NLAapi.dll
0x00007ff807cb0000 - 0x00007ff807cc2000 	C:\Windows\System32\winrnr.dll

dbghelp: loaded successfully - version: 4.0.5 - missing functions: none
symbol engine: initialized successfully - sym options: 0x614 - pdb path: .;C:\Program Files\Java\jdk-18.0.2.1\bin;C:\Windows\SYSTEM32;C:\Windows\WinSxS\amd64_microsoft.windows.common-controls_6595b64144ccf1df_6.0.19041.1110_none_60b5254171f9507e;C:\Program Files\Java\jdk-18.0.2.1\bin\server

VM Arguments:
jvm_args: -XX:+ShowCodeDetailsInExceptionMessages -agentlib:jdwp=transport=dt_socket,suspend=y,address=localhost:61272 -ea -Dfile.encoding=UTF-8 
java_command: org.testng.remote.RemoteTestNG -serport 61271 -protocol json -d C:\Users\CodeTez\eclipse-workspace\RajeshAdvisory\test-output C:\Users\CodeTez\AppData\Local\Temp\testng-eclipse--646039680\testng-customsuite.xml
java_class_path (initial): C:\Users\CodeTez\eclipse\java-2022-06\eclipse\configuration\org.eclipse.osgi\429\0\.cp\lib\testng-remote.jar;C:\Users\CodeTez\eclipse-workspace\RajeshAdvisory\bin;C:\Users\CodeTez\eclipse-workspace\RajeshAdvisory\Jars\ExtentReport\bson-3.3.0.jar;C:\Users\CodeTez\eclipse-workspace\RajeshAdvisory\Jars\ExtentReport\commons-codec-1.9.jar;C:\Users\CodeTez\eclipse-workspace\RajeshAdvisory\Jars\ExtentReport\commons-logging-1.2.jar;C:\Users\CodeTez\eclipse-workspace\RajeshAdvisory\Jars\ExtentReport\extentreports-3.1.2.jar;C:\Users\CodeTez\eclipse-workspace\RajeshAdvisory\Jars\ExtentReport\freemarker-2.3.23.jar;C:\Users\CodeTez\eclipse-workspace\RajeshAdvisory\Jars\ExtentReport\gson-2.8.0.jar;C:\Users\CodeTez\eclipse-workspace\RajeshAdvisory\Jars\ExtentReport\httpclient-4.5.2.jar;C:\Users\CodeTez\eclipse-workspace\RajeshAdvisory\Jars\ExtentReport\httpcore-4.4.4.jar;C:\Users\CodeTez\eclipse-workspace\RajeshAdvisory\Jars\ExtentReport\httpmime-4.5.2.jar;C:\Users\CodeTez\eclipse-workspace\RajeshAdvisory\Jars\ExtentReport\jsoup-1.9.2.jar;C:\Users\CodeTez\eclipse-workspace\RajeshAdvisory\Jars\ExtentReport\mongodb-driver-3.3.0.jar;C:\Users\CodeTez\eclipse-workspace\RajeshAdvisory\Jars\ExtentReport\mongodb-driver-core-3.3.0.jar;C:\Users\CodeTez\eclipse-workspace\RajeshAdvisory\Jars\TestNG\jcommander-1.82.jar;C:\Users\CodeTez\eclipse-workspace\RajeshAdvisory\Jars\TestNG\jquery-3.6.0.jar;C:\Users\CodeTez\eclipse-workspace\RajeshAdvisory\Jars\TestNG\jsr305-3.0.2.jar;C:\Users\CodeTez\eclipse-workspace\RajeshAdvisory\Jars\TestNG\slf4j-api-1.7.36.jar;C:\Users\CodeTez\eclipse-workspace\RajeshAdvisory\Jars\TestNG\testng-7.6.0.jar;C:\Users\CodeTez\eclipse-workspace\RajeshAdvisory\Jars\Selenium\selenium-server-4.4.0.jar
Launcher Type: SUN_STANDARD

[Global flags]
     intx CICompilerCount                          = 4                                         {product} {ergonomic}
     uint ConcGCThreads                            = 2                                         {product} {ergonomic}
     uint G1ConcRefinementThreads                  = 8                                         {product} {ergonomic}
   size_t G1HeapRegionSize                         = 1048576                                   {product} {ergonomic}
    uintx GCDrainStackTargetSize                   = 64                                        {product} {ergonomic}
   size_t InitialHeapSize                          = 134217728                                 {product} {ergonomic}
   size_t MarkStackSize                            = 4194304                                   {product} {ergonomic}
   size_t MaxHeapSize                              = 2122317824                                {product} {ergonomic}
   size_t MaxNewSize                               = 1272971264                                {product} {ergonomic}
   size_t MinHeapDeltaBytes                        = 1048576                                   {product} {ergonomic}
   size_t MinHeapSize                              = 8388608                                   {product} {ergonomic}
    uintx NonNMethodCodeHeapSize                   = 5839372                                {pd product} {ergonomic}
    uintx NonProfiledCodeHeapSize                  = 122909434                              {pd product} {ergonomic}
    uintx ProfiledCodeHeapSize                     = 122909434                              {pd product} {ergonomic}
    uintx ReservedCodeCacheSize                    = 251658240                              {pd product} {ergonomic}
     bool SegmentedCodeCache                       = true                                      {product} {ergonomic}
     bool ShowCodeDetailsInExceptionMessages       = true                                   {manageable} {command line}
   size_t SoftMaxHeapSize                          = 2122317824                             {manageable} {ergonomic}
     bool UseCompressedClassPointers               = true                           {product lp64_product} {ergonomic}
     bool UseCompressedOops                        = true                           {product lp64_product} {ergonomic}
     bool UseG1GC                                  = true                                      {product} {ergonomic}
     bool UseLargePagesIndividualAllocation        = false                                  {pd product} {ergonomic}

Logging:
Log output configuration:
 #0: stdout all=warning uptime,level,tags foldmultilines=false
 #1: stderr all=off uptime,level,tags foldmultilines=false

Environment Variables:
JAVA_HOME=C:\Program Files\Java\jdk-18.0.2.1
PATH=C:\Program Files\Common Files\Oracle\Java\javapath;C:\Program Files (x86)\NVIDIA Corporation\PhysX\Common;C:\Windows\system32;C:\Windows;C:\Windows\System32\Wbem;C:\Windows\System32\WindowsPowerShell\v1.0\;C:\Windows\System32\OpenSSH\;C:\Program Files\Java\jdk-18.0.2.1\bin;C:\Program Files\Java\jdk-18.0.2.1\bin;C:\Users\CodeTez\AppData\Local\Microsoft\WindowsApps;
USERNAME=CodeTez
OS=Windows_NT
PROCESSOR_IDENTIFIER=Intel64 Family 6 Model 165 Stepping 3, GenuineIntel



---------------  S Y S T E M  ---------------

OS:
 Windows 10 , 64 bit Build 19041 (10.0.19041.1889)
OS uptime: 8 days 0:46 hours

CPU: total 8 (initial active 8) (4 cores per cpu, 2 threads per core) family 6 model 165 stepping 3 microcode 0xe0, cx8, cmov, fxsr, ht, mmx, 3dnowpref, sse, sse2, sse3, ssse3, sse4.1, sse4.2, popcnt, lzcnt, tsc, tscinvbit, avx, avx2, aes, erms, clmul, bmi1, bmi2, adx, fma, vzeroupper, clflush, clflushopt

Memory: 4k page, system-wide physical 8089M (2106M free)
TotalPageFile size 14104M (AvailPageFile size 4179M)
current process WorkingSet (physical memory assigned to process): 113M, peak: 126M
current process commit charge ("private bytes"): 168M, peak: 258M

vm_info: Java HotSpot(TM) 64-Bit Server VM (18.0.2.1+1-1) for windows-amd64 JRE (18.0.2.1+1-1), built on Aug 16 2022 01:46:33 by "mach5one" with MS VC++ 16.8 / 16.9 (VS2019)

END.
