#
# A fatal error has been detected by the Java Runtime Environment:
#
#  EXCEPTION_ACCESS_VIOLATION (0xc0000005) at pc=0x0000024a1c1205ac, pid=21820, tid=24116
#
# JRE version: Java(TM) SE Runtime Environment (18.0.2.1+1) (build 18.0.2.1+1-1)
# Java VM: Java HotSpot(TM) 64-Bit Server VM (18.0.2.1+1-1, mixed mode, sharing, tiered, compressed oops, compressed class ptrs, g1 gc, windows-amd64)
# Problematic frame:
# v  ~BufferBlob::MethodHandles adapters
#
# No core dump will be written. Minidumps are not enabled by default on client versions of Windows
#
# If you would like to submit a bug report, please visit:
#   https://bugreport.java.com/bugreport/crash.jsp
#

---------------  S U M M A R Y ------------

Command Line: -XX:+ShowCodeDetailsInExceptionMessages -agentlib:jdwp=transport=dt_socket,suspend=y,address=localhost:61463 -ea -Dfile.encoding=UTF-8 org.testng.remote.RemoteTestNG -serport 61462 -protocol json -d C:\Users\CodeTez\eclipse-workspace\RajeshAdvisory\test-output C:\Users\CodeTez\AppData\Local\Temp\testng-eclipse-264812564\testng-customsuite.xml

Host: Intel(R) Core(TM) i3-10105F CPU @ 3.70GHz, 8 cores, 7G,  Windows 10 , 64 bit Build 19041 (10.0.19041.1889)
Time: Thu Oct 13 18:20:38 2022 India Standard Time elapsed time: 31.249313 seconds (0d 0h 0m 31s)

---------------  T H R E A D  ---------------

Current thread (0x0000024a147a2bb0):  JavaThread "main" [_thread_in_Java, id=24116, stack(0x000000aaec700000,0x000000aaec800000)]

Stack: [0x000000aaec700000,0x000000aaec800000],  sp=0x000000aaec7fddb8,  free space=1015k
Native frames: (J=compiled Java code, j=interpreted, Vv=VM code, C=native code)
C  0x0000024a1c1205ac


siginfo: EXCEPTION_ACCESS_VIOLATION (0xc0000005), reading address 0xffffffffffffffff


Register to memory mapping:

RIP=0x0000024a1c1205ac is at begin+68 in a stub
MethodHandle::interpreter_entry::_linkToSpecial [0x0000024a1c120568, 0x0000024a1c1205b7] (79 bytes)
RAX=0x0000024a1c0e9efa is at code_begin+3482 in an Interpreter codelet
return entry points  [0x0000024a1c0e9160, 0x0000024a1c0eb380]  8736 bytes
RBX=0x831fe1d000000000 is an unknown value
RCX=0x000000aaec7fddc0 is pointing into the stack for thread: 0x0000024a147a2bb0
RDX=0x0000000000000002 is an unknown value
RSP=0x000000aaec7fddb8 is pointing into the stack for thread: 0x0000024a147a2bb0
RBP=0x000000aaec7fde08 is pointing into the stack for thread: 0x0000024a147a2bb0
RSI=0x0000024a380f4b28 points into unknown readable memory: 0x88000f00decc9bb8 | b8 9b cc de 00 0f 00 88
RDI=0x0000024a384783e0 points into unknown readable memory: 0x0000001800000070 | 70 00 00 00 18 00 00 00
R8 =0x0000000000000002 is an unknown value
R9 =0x0000000000000002 is an unknown value
R10=0x0000000800000000 is pointing into metadata
R11={method} {0x00000008000c8c50} 'newInvokeSpecial' '(Ljava/lang/Object;)Ljava/lang/Object;' in 'java/lang/invoke/DirectMethodHandle$Holder'
R12=0x0 is NULL
R13=0x000000aaec7fddb8 is pointing into the stack for thread: 0x0000024a147a2bb0
R14=0x000000aaec7fde28 is pointing into the stack for thread: 0x0000024a147a2bb0
R15=0x0000024a147a2bb0 is a thread


Registers:
RAX=0x0000024a1c0e9efa, RBX=0x831fe1d000000000, RCX=0x000000aaec7fddc0, RDX=0x0000000000000002
RSP=0x000000aaec7fddb8, RBP=0x000000aaec7fde08, RSI=0x0000024a380f4b28, RDI=0x0000024a384783e0
R8 =0x0000000000000002, R9 =0x0000000000000002, R10=0x0000000800000000, R11=0x00000008000c8c48
R12=0x0000000000000000, R13=0x000000aaec7fddb8, R14=0x000000aaec7fde28, R15=0x0000024a147a2bb0
RIP=0x0000024a1c1205ac, EFLAGS=0x0000000000010202

Top of Stack: (sp=0x000000aaec7fddb8)
0x000000aaec7fddb8:   0000024a1c0e9efa 000000aaec7fddc0
0x000000aaec7fddc8:   00000008006df1ef 000000aaec7fde28
0x000000aaec7fddd8:   00000008000c4a00 0000024a3368c598
0x000000aaec7fdde8:   0000000081b5f0f0 00000008000c8c48
0x000000aaec7fddf8:   000000aaec7fddb8 000000aaec7fde30
0x000000aaec7fde08:   000000aaec7fe118 0000024a1c9eb236
0x000000aaec7fde18:   00000000831fe0d8 00000000831fe180
0x000000aaec7fde28:   00000000831fe138 0000000000000000
0x000000aaec7fde38:   000000aaec7fde50 000000aaec7fdea8
0x000000aaec7fde48:   0000024a1c0ea42c 00000000831fe138
0x000000aaec7fde58:   00000000831fe168 000000aaec7fde60
0x000000aaec7fde68:   00000008007e899e 00000000831fe168
0x000000aaec7fde78:   0000000000000000 000000aaec7fde80
0x000000aaec7fde88:   00000008006250d8 000000aaec7fdee8
0x000000aaec7fde98:   0000000800046d90 0000000000000000
0x000000aaec7fdea8:   0000000081b65508 00000008000488a0 

Instructions: (pc=0x0000024a1c1205ac)
0x0000024a1c1204ac:   8b 59 14 8b 5b 28 8b 5b 24 48 8b 5b 10 48 85 db
0x0000024a1c1204bc:   0f 84 10 00 00 00 41 80 bf 80 04 00 00 00 74 03
0x0000024a1c1204cc:   ff 63 38 ff 63 50 e9 29 16 00 00 66 0f 1f 84 00
0x0000024a1c1204dc:   00 00 00 00 48 8b 53 08 0f b7 52 2c 48 8b 0c d4
0x0000024a1c1204ec:   58 5b 50 44 8b 51 08 49 bb 00 00 00 00 08 00 00
0x0000024a1c1204fc:   00 4d 03 d3 4c 8b 5b 10 4b 8b 9c da b8 01 00 00
0x0000024a1c12050c:   48 85 db 0f 84 10 00 00 00 41 80 bf 80 04 00 00
0x0000024a1c12051c:   00 74 03 ff 63 38 ff 63 50 e9 d6 15 00 00 66 66
0x0000024a1c12052c:   66 0f 1f 84 00 00 00 00 00 66 66 66 90 0f 1f 80
0x0000024a1c12053c:   00 00 00 00 58 5b 50 8b 5b 24 48 8b 5b 10 48 85
0x0000024a1c12054c:   db 0f 84 10 00 00 00 41 80 bf 80 04 00 00 00 74
0x0000024a1c12055c:   03 ff 63 38 ff 63 50 e9 98 15 00 00 66 66 66 0f
0x0000024a1c12056c:   1f 84 00 00 00 00 00 66 66 66 90 66 0f 1f 84 00
0x0000024a1c12057c:   00 00 00 00 48 8b 53 08 0f b7 52 2c 48 8b 0c d4
0x0000024a1c12058c:   58 5b 50 48 3b 01 8b 5b 24 48 8b 5b 10 48 85 db
0x0000024a1c12059c:   0f 84 10 00 00 00 41 80 bf 80 04 00 00 00 74 03
0x0000024a1c1205ac:   ff 63 38 ff 63 50 e9 49 15 00 00 66 0f 1f 84 00
0x0000024a1c1205bc:   00 00 00 00 48 8b 53 08 0f b7 52 2c 48 8b 0c d4
0x0000024a1c1205cc:   58 5b 50 44 8b 51 08 49 bb 00 00 00 00 08 00 00
0x0000024a1c1205dc:   00 4d 03 d3 8b 43 18 48 8b 40 10 48 8b 5b 10 45
0x0000024a1c1205ec:   8b 9a a0 00 00 00 4f 8d 9c da b8 01 00 00 4d 8d
0x0000024a1c1205fc:   14 da 49 8b 1b 48 3b c3 74 15 48 85 db 0f 84 32
0x0000024a1c12060c:   00 00 00 49 83 c3 10 49 8b 1b 48 3b c3 75 eb 45
0x0000024a1c12061c:   8b 5b 08 4b 8b 1c 1a 48 85 db 0f 84 10 00 00 00
0x0000024a1c12062c:   41 80 bf 80 04 00 00 00 74 03 ff 63 38 ff 63 50
0x0000024a1c12063c:   e9 bf 14 00 00 e9 ba 11 00 00 f4 00 00 00 00 00
0x0000024a1c12064c:   00 00 00 00 00 00 00 00 00 00 00 00 00 00 00 00
0x0000024a1c12065c:   00 00 00 00 00 00 00 00 00 00 00 00 00 00 00 00
0x0000024a1c12066c:   00 00 00 00 00 00 00 00 00 00 00 00 00 00 00 00
0x0000024a1c12067c:   00 00 00 00 00 00 00 00 00 00 00 00 00 00 00 00
0x0000024a1c12068c:   00 00 00 00 00 00 00 00 00 00 00 00 00 00 00 00
0x0000024a1c12069c:   00 00 00 00 00 00 00 00 00 00 00 00 00 00 00 00 


Stack slot to memory mapping:
stack at sp + 0 slots: 0x0000024a1c0e9efa is at code_begin+3482 in an Interpreter codelet
return entry points  [0x0000024a1c0e9160, 0x0000024a1c0eb380]  8736 bytes
stack at sp + 1 slots: 0x000000aaec7fddc0 is pointing into the stack for thread: 0x0000024a147a2bb0
stack at sp + 2 slots: 0x00000008006df1ef is pointing into metadata
stack at sp + 3 slots: 0x000000aaec7fde28 is pointing into the stack for thread: 0x0000024a147a2bb0
stack at sp + 4 slots: 0x00000008000c4a00 is pointing into metadata
stack at sp + 5 slots: 0x0000024a3368c598 is pointing into metadata
stack at sp + 6 slots: 0x0000000081b5f0f0 is an oop: java.lang.Class 
{0x0000000081b5f0f0} - klass: 'java/lang/Class'
 - ---- fields (total size 14 words):
 - private volatile transient 'classRedefinedCount' 'I' @12  0
 - abstract internal 'klass' 'J' @16  34360542752 (c4620 8)
 - abstract internal 'array_klass' 'J' @24  0 (0 0)
 - abstract internal 'oop_size' 'I' @32  14 (e)
 - abstract internal 'static_oop_field_count' 'I' @36  0
 - private volatile transient 'cachedConstructor' 'Ljava/lang/reflect/Constructor;' @40  NULL (0)
 - private transient 'name' 'Ljava/lang/String;' @44  NULL (0)
 - private transient 'module' 'Ljava/lang/Module;' @48  a 'java/lang/Module'{0x0000000081b8d698} (81b8d698)
 - private final 'classLoader' 'Ljava/lang/ClassLoader;' @52  NULL (0)
 - private transient 'classData' 'Ljava/lang/Object;' @56  NULL (0)
 - private transient 'packageName' 'Ljava/lang/String;' @60  NULL (0)
 - private final 'componentType' 'Ljava/lang/Class;' @64  NULL (0)
 - private volatile transient 'reflectionData' 'Ljava/lang/ref/SoftReference;' @68  NULL (0)
 - private volatile transient 'genericInfo' 'Lsun/reflect/generics/repository/ClassRepository;' @72  NULL (0)
 - private volatile transient 'enumConstants' '[Ljava/lang/Object;' @76  NULL (0)
 - private volatile transient 'enumConstantDirectory' 'Ljava/util/Map;' @80  NULL (0)
 - private volatile transient 'annotationData' 'Ljava/lang/Class$AnnotationData;' @84  NULL (0)
 - private volatile transient 'annotationType' 'Lsun/reflect/annotation/AnnotationType;' @88  NULL (0)
 - transient 'classValueMap' 'Ljava/lang/ClassValue$ClassValueMap;' @92  NULL (0)
 - abstract internal 'protection_domain' 'Ljava/lang/Object;' @96  NULL (0)
 - abstract internal 'signers_name' 'Ljava/lang/Object;' @100  NULL (0)
 - abstract internal 'source_file' 'Ljava/lang/Object;' @104  NULL (0)
 - signature: Ljava/lang/invoke/DirectMethodHandle$Holder;
 - ---- static fields (0):
stack at sp + 7 slots: {method} {0x00000008000c8c50} 'newInvokeSpecial' '(Ljava/lang/Object;)Ljava/lang/Object;' in 'java/lang/invoke/DirectMethodHandle$Holder'

MethodHandle::interpreter_entry::_linkToSpecial [0x0000024a1c120568, 0x0000024a1c1205b7] (79 bytes)
[MachCode]
  0x0000024a1c120568: 6666 660f | 1f84 0000 | 0000 0066 | 6666 9066 | 0f1f 8400 | 0000 0000 | 488b 5308 | 0fb7 522c 
  0x0000024a1c120588: 488b 0cd4 | 585b 5048 | 3b01 8b5b | 2448 8b5b | 1048 85db | 0f84 1000 | 0000 4180 | bf80 0400 
  0x0000024a1c1205a8: 0000 7403 | ff63 38ff | 6350 e949 | 
[/MachCode]

---------------  P R O C E S S  ---------------

Threads class SMR info:
_java_thread_list=0x0000024a384a2fd0, length=28, elements={
0x0000024a147a2bb0, 0x0000024a3291bba0, 0x0000024a3291d140, 0x0000024a32939e80,
0x0000024a3293a730, 0x0000024a3293b8d0, 0x0000024a32940340, 0x0000024a32942fb0,
0x0000024a329481a0, 0x0000024a3295aa00, 0x0000024a36cc1e90, 0x0000024a36cc2940,
0x0000024a36cc8150, 0x0000024a36cce130, 0x0000024a36cd0670, 0x0000024a373426b0,
0x0000024a37cd0010, 0x0000024a37cd04d0, 0x0000024a37c6ba70, 0x0000024a37d377f0,
0x0000024a37c9dee0, 0x0000024a37ca1ba0, 0x0000024a37ae2940, 0x0000024a36de6960,
0x0000024a36de5af0, 0x0000024a36de47b0, 0x0000024a36de4c80, 0x0000024a36de5fc0
}

Java Threads: ( => current thread )
=>0x0000024a147a2bb0 JavaThread "main" [_thread_in_Java, id=24116, stack(0x000000aaec700000,0x000000aaec800000)]
  0x0000024a3291bba0 JavaThread "Reference Handler" daemon [_thread_blocked, id=18808, stack(0x000000aaece00000,0x000000aaecf00000)]
  0x0000024a3291d140 JavaThread "Finalizer" daemon [_thread_blocked, id=36248, stack(0x000000aaecf00000,0x000000aaed000000)]
  0x0000024a32939e80 JavaThread "Signal Dispatcher" daemon [_thread_blocked, id=5780, stack(0x000000aaed000000,0x000000aaed100000)]
  0x0000024a3293a730 JavaThread "Attach Listener" daemon [_thread_blocked, id=12936, stack(0x000000aaed100000,0x000000aaed200000)]
  0x0000024a3293b8d0 JavaThread "Service Thread" daemon [_thread_blocked, id=5500, stack(0x000000aaed200000,0x000000aaed300000)]
  0x0000024a32940340 JavaThread "Monitor Deflation Thread" daemon [_thread_blocked, id=13264, stack(0x000000aaed300000,0x000000aaed400000)]
  0x0000024a32942fb0 JavaThread "C2 CompilerThread0" daemon [_thread_blocked, id=27372, stack(0x000000aaed400000,0x000000aaed500000)]
  0x0000024a329481a0 JavaThread "C1 CompilerThread0" daemon [_thread_blocked, id=37016, stack(0x000000aaed500000,0x000000aaed600000)]
  0x0000024a3295aa00 JavaThread "Sweeper thread" daemon [_thread_blocked, id=17044, stack(0x000000aaed600000,0x000000aaed700000)]
  0x0000024a36cc1e90 JavaThread "JDWP Transport Listener: dt_socket" daemon [_thread_blocked, id=11604, stack(0x000000aaed700000,0x000000aaed800000)]
  0x0000024a36cc2940 JavaThread "JDWP Event Helper Thread" daemon [_thread_blocked, id=38780, stack(0x000000aaed800000,0x000000aaed900000)]
  0x0000024a36cc8150 JavaThread "JDWP Command Reader" daemon [_thread_in_native, id=32244, stack(0x000000aaed900000,0x000000aaeda00000)]
  0x0000024a36cce130 JavaThread "Notification Thread" daemon [_thread_blocked, id=32484, stack(0x000000aaeda00000,0x000000aaedb00000)]
  0x0000024a36cd0670 JavaThread "Common-Cleaner" daemon [_thread_blocked, id=16844, stack(0x000000aaedc00000,0x000000aaedd00000)]
  0x0000024a373426b0 JavaThread "ReaderThread" [_thread_in_native, id=25676, stack(0x000000aaede00000,0x000000aaedf00000)]
  0x0000024a37cd0010 JavaThread "ForkJoinPool.commonPool-worker-1" daemon [_thread_blocked, id=22592, stack(0x000000aaee000000,0x000000aaee100000)]
  0x0000024a37cd04d0 JavaThread "ForkJoinPool.commonPool-worker-2" daemon [_thread_blocked, id=17392, stack(0x000000aaee100000,0x000000aaee200000)]
  0x0000024a37c6ba70 JavaThread "AsyncHttpClient-1-1" daemon [_thread_blocked, id=23300, stack(0x000000aaee900000,0x000000aaeea00000)]
  0x0000024a37d377f0 JavaThread "Exec Default Executor" daemon [_thread_in_native, id=22896, stack(0x000000aaeeb00000,0x000000aaeec00000)]
  0x0000024a37c9dee0 JavaThread "Driver Service Executor" daemon [_thread_blocked, id=31760, stack(0x000000aaeec00000,0x000000aaeed00000)]
  0x0000024a37ca1ba0 JavaThread "Driver Service Executor" daemon [_thread_blocked, id=22748, stack(0x000000aaeed00000,0x000000aaeee00000)]
  0x0000024a37ae2940 JavaThread "UrlChecker-2" daemon [_thread_blocked, id=36348, stack(0x000000aaeee00000,0x000000aaeef00000)]
  0x0000024a36de6960 JavaThread "Exec Stream Pumper" daemon [_thread_in_native, id=26524, stack(0x000000aaeef00000,0x000000aaef000000)]
  0x0000024a36de5af0 JavaThread "Exec Stream Pumper" daemon [_thread_in_native, id=11976, stack(0x000000aaef000000,0x000000aaef100000)]
  0x0000024a36de47b0 JavaThread "AsyncHttpClient-1-2" daemon [_thread_in_native, id=20132, stack(0x000000aaedf00000,0x000000aaee000000)]
  0x0000024a36de4c80 JavaThread "AsyncHttpClient-1-3" daemon [_thread_in_native, id=23984, stack(0x000000aaef200000,0x000000aaef300000)]
  0x0000024a36de5fc0 JavaThread "AsyncHttpClient-1-4" daemon [_thread_in_native, id=13916, stack(0x000000aaef300000,0x000000aaef400000)]

Other Threads:
  0x0000024a329183a0 VMThread "VM Thread" [stack: 0x000000aaecd00000,0x000000aaece00000] [id=24652]
  0x0000024a36ccf620 WatcherThread "VM Periodic Task Thread" [stack: 0x000000aaedb00000,0x000000aaedc00000] [id=1068]
  0x0000024a14802400 WorkerThread "GC Thread#0" [stack: 0x000000aaec800000,0x000000aaec900000] [id=12436]
  0x0000024a37a29f50 WorkerThread "GC Thread#1" [stack: 0x000000aaee200000,0x000000aaee300000] [id=14368]
  0x0000024a376ffee0 WorkerThread "GC Thread#2" [stack: 0x000000aaee300000,0x000000aaee400000] [id=33944]
  0x0000024a37700180 WorkerThread "GC Thread#3" [stack: 0x000000aaee400000,0x000000aaee500000] [id=37552]
  0x0000024a37cb2cc0 WorkerThread "GC Thread#4" [stack: 0x000000aaee500000,0x000000aaee600000] [id=13288]
  0x0000024a37bd41b0 WorkerThread "GC Thread#5" [stack: 0x000000aaee600000,0x000000aaee700000] [id=14300]
  0x0000024a37bd4450 WorkerThread "GC Thread#6" [stack: 0x000000aaee700000,0x000000aaee800000] [id=3012]
  0x0000024a376f0fc0 WorkerThread "GC Thread#7" [stack: 0x000000aaee800000,0x000000aaee900000] [id=39852]
  0x0000024a14814840 ConcurrentGCThread "G1 Main Marker" [stack: 0x000000aaec900000,0x000000aaeca00000] [id=1724]
  0x0000024a14815140 WorkerThread "G1 Conc#0" [stack: 0x000000aaeca00000,0x000000aaecb00000] [id=37724]
  0x0000024a37e455a0 WorkerThread "G1 Conc#1" [stack: 0x000000aaef100000,0x000000aaef200000] [id=34008]
  0x0000024a14865c30 ConcurrentGCThread "G1 Refine#0" [stack: 0x000000aaecb00000,0x000000aaecc00000] [id=23332]
  0x0000024a14867460 ConcurrentGCThread "G1 Service" [stack: 0x000000aaecc00000,0x000000aaecd00000] [id=27776]

Threads with active compile tasks:

VM state: not at safepoint (normal execution)

VM Mutex/Monitor currently owned by a thread: None

Heap address: 0x0000000081800000, size: 2024 MB, Compressed Oops mode: 32-bit

CDS archive(s) mapped at: [0x0000000800000000-0x0000000800ba0000-0x0000000800ba0000), size 12189696, SharedBaseAddress: 0x0000000800000000, ArchiveRelocationMode: 0.
Compressed class space mapped at: 0x0000000800c00000-0x0000000840c00000, reserved size: 1073741824
Narrow klass base: 0x0000000800000000, Narrow klass shift: 0, Narrow klass range: 0x100000000

GC Precious Log:
 CardTable entry size: 512
 Card Set container configuration: InlinePtr #cards 5 size 8 Array Of Cards #cards 12 size 40 Howl #buckets 4 coarsen threshold 1843 Howl Bitmap #cards 512 size 80 coarsen threshold 460 Card regions per heap region 1 cards per card region 2048
 CPUs: 8 total, 8 available
 Memory: 8089M
 Large Page Support: Disabled
 NUMA Support: Disabled
 Compressed Oops: Enabled (32-bit)
 Heap Region Size: 1M
 Heap Min Capacity: 8M
 Heap Initial Capacity: 128M
 Heap Max Capacity: 2024M
 Pre-touch: Disabled
 Parallel Workers: 8
 Concurrent Workers: 2
 Concurrent Refinement Workers: 8
 Periodic GC: Disabled

Heap:
 garbage-first heap   total 40960K, used 26862K [0x0000000081800000, 0x0000000100000000)
  region size 1024K, 16 young (16384K), 4 survivors (4096K)
 Metaspace       used 23480K, committed 23872K, reserved 1114112K
  class space    used 2885K, committed 3072K, reserved 1048576K

Heap Regions: E=young(eden), S=young(survivor), O=old, HS=humongous(starts), HC=humongous(continues), CS=collection set, F=free, OA=open archive, CA=closed archive, TAMS=top-at-mark-start (previous, next)
|   0|0x0000000081800000, 0x0000000081900000, 0x0000000081900000|100%|HS|  |TAMS 0x0000000081900000, 0x0000000081800000| Complete 
|   1|0x0000000081900000, 0x0000000081a00000, 0x0000000081a00000|100%|HC|  |TAMS 0x0000000081a00000, 0x0000000081900000| Complete 
|   2|0x0000000081a00000, 0x0000000081b00000, 0x0000000081b00000|100%| O|  |TAMS 0x0000000081b00000, 0x0000000081a00000| Untracked 
|   3|0x0000000081b00000, 0x0000000081c00000, 0x0000000081c00000|100%| O|  |TAMS 0x0000000081c00000, 0x0000000081b00000| Untracked 
|   4|0x0000000081c00000, 0x0000000081d00000, 0x0000000081d00000|100%| O|  |TAMS 0x0000000081d00000, 0x0000000081c00000| Untracked 
|   5|0x0000000081d00000, 0x0000000081e00000, 0x0000000081e00000|100%| O|  |TAMS 0x0000000081e00000, 0x0000000081d00000| Untracked 
|   6|0x0000000081e00000, 0x0000000081e81600, 0x0000000081f00000| 50%| O|  |TAMS 0x0000000081e81600, 0x0000000081e00000| Untracked 
|   7|0x0000000081f00000, 0x0000000082000000, 0x0000000082000000|100%|HS|  |TAMS 0x0000000081f00000, 0x0000000081f00000| Complete 
|   8|0x0000000082000000, 0x0000000082100000, 0x0000000082100000|100%|HC|  |TAMS 0x0000000082000000, 0x0000000082000000| Complete 
|   9|0x0000000082100000, 0x0000000082200000, 0x0000000082200000|100%|HC|  |TAMS 0x0000000082100000, 0x0000000082100000| Complete 
|  10|0x0000000082200000, 0x0000000082300000, 0x0000000082300000|100%|HC|  |TAMS 0x0000000082200000, 0x0000000082200000| Complete 
|  11|0x0000000082300000, 0x0000000082400000, 0x0000000082400000|100%|HC|  |TAMS 0x0000000082300000, 0x0000000082300000| Complete 
|  12|0x0000000082400000, 0x0000000082400000, 0x0000000082500000|  0%| F|  |TAMS 0x0000000082400000, 0x0000000082400000| Untracked 
|  13|0x0000000082500000, 0x0000000082500000, 0x0000000082600000|  0%| F|  |TAMS 0x0000000082500000, 0x0000000082500000| Untracked 
|  14|0x0000000082600000, 0x0000000082600000, 0x0000000082700000|  0%| F|  |TAMS 0x0000000082600000, 0x0000000082600000| Untracked 
|  15|0x0000000082700000, 0x0000000082700000, 0x0000000082800000|  0%| F|  |TAMS 0x0000000082700000, 0x0000000082700000| Untracked 
|  16|0x0000000082800000, 0x0000000082800000, 0x0000000082900000|  0%| F|  |TAMS 0x0000000082800000, 0x0000000082800000| Untracked 
|  17|0x0000000082900000, 0x0000000082900000, 0x0000000082a00000|  0%| F|  |TAMS 0x0000000082900000, 0x0000000082900000| Untracked 
|  18|0x0000000082a00000, 0x0000000082a00000, 0x0000000082b00000|  0%| F|  |TAMS 0x0000000082a00000, 0x0000000082a00000| Untracked 
|  19|0x0000000082b00000, 0x0000000082b00000, 0x0000000082c00000|  0%| F|  |TAMS 0x0000000082b00000, 0x0000000082b00000| Untracked 
|  20|0x0000000082c00000, 0x0000000082c00000, 0x0000000082d00000|  0%| F|  |TAMS 0x0000000082c00000, 0x0000000082c00000| Untracked 
|  21|0x0000000082d00000, 0x0000000082d00000, 0x0000000082e00000|  0%| F|  |TAMS 0x0000000082d00000, 0x0000000082d00000| Untracked 
|  22|0x0000000082e00000, 0x0000000082e00000, 0x0000000082f00000|  0%| F|  |TAMS 0x0000000082e00000, 0x0000000082e00000| Untracked 
|  23|0x0000000082f00000, 0x0000000082f00000, 0x0000000083000000|  0%| F|  |TAMS 0x0000000082f00000, 0x0000000082f00000| Untracked 
|  24|0x0000000083000000, 0x00000000830dcaa0, 0x0000000083100000| 86%| E|  |TAMS 0x0000000083000000, 0x0000000083000000| Complete 
|  25|0x0000000083100000, 0x0000000083200000, 0x0000000083200000|100%| E|CS|TAMS 0x0000000083100000, 0x0000000083100000| Complete 
|  26|0x0000000083200000, 0x0000000083300000, 0x0000000083300000|100%| E|CS|TAMS 0x0000000083200000, 0x0000000083200000| Complete 
|  27|0x0000000083300000, 0x0000000083400000, 0x0000000083400000|100%| E|CS|TAMS 0x0000000083300000, 0x0000000083300000| Complete 
|  28|0x0000000083400000, 0x0000000083500000, 0x0000000083500000|100%| E|CS|TAMS 0x0000000083400000, 0x0000000083400000| Complete 
|  29|0x0000000083500000, 0x0000000083600000, 0x0000000083600000|100%| E|CS|TAMS 0x0000000083500000, 0x0000000083500000| Complete 
|  30|0x0000000083600000, 0x0000000083700000, 0x0000000083700000|100%| E|CS|TAMS 0x0000000083600000, 0x0000000083600000| Complete 
|  31|0x0000000083700000, 0x0000000083800000, 0x0000000083800000|100%| E|CS|TAMS 0x0000000083700000, 0x0000000083700000| Complete 
|  32|0x0000000083800000, 0x0000000083900000, 0x0000000083900000|100%| E|CS|TAMS 0x0000000083800000, 0x0000000083800000| Complete 
|  33|0x0000000083900000, 0x0000000083a00000, 0x0000000083a00000|100%| E|CS|TAMS 0x0000000083900000, 0x0000000083900000| Complete 
|  34|0x0000000083a00000, 0x0000000083b00000, 0x0000000083b00000|100%| E|CS|TAMS 0x0000000083a00000, 0x0000000083a00000| Complete 
| 118|0x0000000088e00000, 0x0000000088eba590, 0x0000000088f00000| 72%| S|CS|TAMS 0x0000000088e00000, 0x0000000088e00000| Complete 
| 119|0x0000000088f00000, 0x0000000089000000, 0x0000000089000000|100%| S|CS|TAMS 0x0000000088f00000, 0x0000000088f00000| Complete 
| 120|0x0000000089000000, 0x0000000089100000, 0x0000000089100000|100%| S|CS|TAMS 0x0000000089000000, 0x0000000089000000| Complete 
| 121|0x0000000089100000, 0x0000000089200000, 0x0000000089200000|100%| S|CS|TAMS 0x0000000089100000, 0x0000000089100000| Complete 
| 127|0x0000000089700000, 0x0000000089800000, 0x0000000089800000|100%| E|CS|TAMS 0x0000000089700000, 0x0000000089700000| Complete 

Card table byte_map: [0x0000024a2b820000,0x0000024a2bc20000] _byte_map_base: 0x0000024a2b414000

Marking Bits (Prev, Next): (CMBitMap*) 0x0000024a14803960, (CMBitMap*) 0x0000024a14803920
 Prev Bits: [0x0000024a2dfc0000, 0x0000024a2ff60000)
 Next Bits: [0x0000024a2c020000, 0x0000024a2dfc0000)

Polling page: 0x0000024a12920000

Metaspace:

Usage:
  Non-class:     20.11 MB used.
      Class:      2.82 MB used.
       Both:     22.93 MB used.

Virtual space:
  Non-class space:       64.00 MB reserved,      20.31 MB ( 32%) committed,  1 nodes.
      Class space:        1.00 GB reserved,       3.00 MB ( <1%) committed,  1 nodes.
             Both:        1.06 GB reserved,      23.31 MB (  2%) committed. 

Chunk freelists:
   Non-Class:  3.59 MB
       Class:  998.00 KB
        Both:  4.57 MB

MaxMetaspaceSize: unlimited
CompressedClassSpaceSize: 1.00 GB
Initial GC threshold: 21.00 MB
Current GC threshold: 35.12 MB
CDS: on
MetaspaceReclaimPolicy: balanced
 - commit_granule_bytes: 65536.
 - commit_granule_words: 8192.
 - virtual_space_node_default_size: 8388608.
 - enlarge_chunks_in_place: 1.
 - new_chunks_are_fully_committed: 0.
 - uncommit_free_chunks: 1.
 - use_allocation_guard: 0.


Internal statistics:

num_allocs_failed_limit: 3.
num_arena_births: 380.
num_arena_deaths: 0.
num_vsnodes_births: 2.
num_vsnodes_deaths: 0.
num_space_committed: 373.
num_space_uncommitted: 0.
num_chunks_returned_to_freelist: 3.
num_chunks_taken_from_freelist: 1011.
num_chunk_merges: 3.
num_chunk_splits: 689.
num_chunks_enlarged: 514.
num_inconsistent_stats: 0.

CodeHeap 'non-profiled nmethods': size=120000Kb used=907Kb max_used=907Kb free=119092Kb
 bounds [0x0000024a23bb0000, 0x0000024a23e20000, 0x0000024a2b0e0000]
CodeHeap 'profiled nmethods': size=120000Kb used=4750Kb max_used=4750Kb free=115249Kb
 bounds [0x0000024a1c680000, 0x0000024a1cb30000, 0x0000024a23bb0000]
CodeHeap 'non-nmethods': size=5760Kb used=1362Kb max_used=1379Kb free=4397Kb
 bounds [0x0000024a1c0e0000, 0x0000024a1c350000, 0x0000024a1c680000]
 total_blobs=3037 nmethods=2435 adapters=514
 compilation: enabled
              stopped_count=0, restarted_count=0
 full_count=0

Compilation events (20 events):
Event: 11.543 Thread 0x0000024a329481a0 2425       1       io.netty.util.HashedWheelTimer::access$700 (5 bytes)
Event: 11.543 Thread 0x0000024a329481a0 nmethod 2425 0x0000024a23c91f90 code [0x0000024a23c92120, 0x0000024a23c921d8]
Event: 11.947 Thread 0x0000024a329481a0 2426       1       io.netty.util.HashedWheelTimer::access$900 (5 bytes)
Event: 11.947 Thread 0x0000024a329481a0 nmethod 2426 0x0000024a23c92290 code [0x0000024a23c92420, 0x0000024a23c924d8]
Event: 12.040 Thread 0x0000024a329481a0 2427       1       io.netty.util.HashedWheelTimer::access$400 (5 bytes)
Event: 12.040 Thread 0x0000024a329481a0 nmethod 2427 0x0000024a23c92590 code [0x0000024a23c92720, 0x0000024a23c927d8]
Event: 13.732 Thread 0x0000024a329481a0 2429       3       io.netty.util.internal.PlatformDependent::isWindows (4 bytes)
Event: 13.732 Thread 0x0000024a329481a0 nmethod 2429 0x0000024a1cb1e910 code [0x0000024a1cb1eaa0, 0x0000024a1cb1eb98]
Event: 23.142 Thread 0x0000024a329481a0 2430       3       java.util.concurrent.atomic.AtomicIntegerFieldUpdater$AtomicIntegerFieldUpdaterImpl::get (17 bytes)
Event: 23.142 Thread 0x0000024a329481a0 nmethod 2430 0x0000024a1cb1ec10 code [0x0000024a1cb1edc0, 0x0000024a1cb1efe8]
Event: 26.545 Thread 0x0000024a329481a0 2431   !   3       io.netty.util.HashedWheelTimer$Worker::waitForNextTick (120 bytes)
Event: 26.546 Thread 0x0000024a329481a0 nmethod 2431 0x0000024a1cb1f110 code [0x0000024a1cb1f320, 0x0000024a1cb1fa58]
Event: 26.641 Thread 0x0000024a329481a0 2432   !   3       io.netty.util.HashedWheelTimer$Worker::processCancelledTasks (57 bytes)
Event: 26.642 Thread 0x0000024a329481a0 nmethod 2432 0x0000024a1cb1fd90 code [0x0000024a1cb20000, 0x0000024a1cb20b68]
Event: 26.642 Thread 0x0000024a329481a0 2433       3       io.netty.util.HashedWheelTimer$Worker::transferTimeoutsToBuckets (124 bytes)
Event: 26.642 Thread 0x0000024a329481a0 nmethod 2433 0x0000024a1cb21110 code [0x0000024a1cb21300, 0x0000024a1cb219b8]
Event: 26.642 Thread 0x0000024a329481a0 2434       3       io.netty.util.HashedWheelTimer$HashedWheelBucket::expireTimeouts (115 bytes)
Event: 26.643 Thread 0x0000024a329481a0 nmethod 2434 0x0000024a1cb21d90 code [0x0000024a1cb22080, 0x0000024a1cb23148]
Event: 29.742 Thread 0x0000024a329481a0 2435       3       io.netty.channel.socket.nio.NioSocketChannel::javaChannel (8 bytes)
Event: 29.742 Thread 0x0000024a329481a0 nmethod 2435 0x0000024a1cb23710 code [0x0000024a1cb238a0, 0x0000024a1cb23ab8]

GC Heap History (6 events):
Event: 0.855 GC heap before
{Heap before GC invocations=0 (full 0):
 garbage-first heap   total 131072K, used 25600K [0x0000000081800000, 0x0000000100000000)
  region size 1024K, 23 young (23552K), 0 survivors (0K)
 Metaspace       used 8673K, committed 8896K, reserved 1114112K
  class space    used 967K, committed 1088K, reserved 1048576K
}
Event: 0.862 GC heap after
{Heap after GC invocations=1 (full 0):
 garbage-first heap   total 131072K, used 6512K [0x0000000081800000, 0x0000000100000000)
  region size 1024K, 3 young (3072K), 3 survivors (3072K)
 Metaspace       used 8673K, committed 8896K, reserved 1114112K
  class space    used 967K, committed 1088K, reserved 1048576K
}
Event: 1.440 GC heap before
{Heap before GC invocations=1 (full 0):
 garbage-first heap   total 131072K, used 34160K [0x0000000081800000, 0x0000000100000000)
  region size 1024K, 31 young (31744K), 3 survivors (3072K)
 Metaspace       used 19347K, committed 19648K, reserved 1114112K
  class space    used 2292K, committed 2432K, reserved 1048576K
}
Event: 1.446 GC heap after
{Heap after GC invocations=2 (full 0):
 garbage-first heap   total 131072K, used 10098K [0x0000000081800000, 0x0000000100000000)
  region size 1024K, 4 young (4096K), 4 survivors (4096K)
 Metaspace       used 19347K, committed 19648K, reserved 1114112K
  class space    used 2292K, committed 2432K, reserved 1048576K
}
Event: 1.541 GC heap before
{Heap before GC invocations=2 (full 0):
 garbage-first heap   total 131072K, used 15218K [0x0000000081800000, 0x0000000100000000)
  region size 1024K, 10 young (10240K), 4 survivors (4096K)
 Metaspace       used 21181K, committed 21504K, reserved 1114112K
  class space    used 2544K, committed 2688K, reserved 1048576K
}
Event: 1.544 GC heap after
{Heap after GC invocations=3 (full 0):
 garbage-first heap   total 131072K, used 10478K [0x0000000081800000, 0x0000000100000000)
  region size 1024K, 4 young (4096K), 4 survivors (4096K)
 Metaspace       used 21181K, committed 21504K, reserved 1114112K
  class space    used 2544K, committed 2688K, reserved 1048576K
}

Deoptimization events (20 events):
Event: 5.698 Thread 0x0000024a147a2bb0 DEOPT PACKING pc=0x0000024a1caaed24 sp=0x000000aaec7fe020
Event: 5.698 Thread 0x0000024a147a2bb0 DEOPT UNPACKING pc=0x0000024a1c132b43 sp=0x000000aaec7fd568 mode 1
Event: 10.207 Thread 0x0000024a147a2bb0 DEOPT PACKING pc=0x0000024a1ca07c34 sp=0x000000aaec7fde60
Event: 10.207 Thread 0x0000024a147a2bb0 DEOPT UNPACKING pc=0x0000024a1c132b43 sp=0x000000aaec7fd3a8 mode 1
Event: 10.208 Thread 0x0000024a147a2bb0 Uncommon trap: trap_request=0xffffffde fr.pc=0x0000024a23c0f4c4 relative=0x0000000000000fa4
Event: 10.208 Thread 0x0000024a147a2bb0 Uncommon trap: reason=class_check action=maybe_recompile pc=0x0000024a23c0f4c4 method=java.util.concurrent.ConcurrentHashMap.putVal(Ljava/lang/Object;Ljava/lang/Object;Z)Ljava/lang/Object; @ 242 c2
Event: 10.208 Thread 0x0000024a147a2bb0 DEOPT PACKING pc=0x0000024a23c0f4c4 sp=0x000000aaec7fdd40
Event: 10.208 Thread 0x0000024a147a2bb0 DEOPT UNPACKING pc=0x0000024a1c1323a3 sp=0x000000aaec7fdcd0 mode 2
Event: 10.210 Thread 0x0000024a147a2bb0 DEOPT PACKING pc=0x0000024a1ca07c34 sp=0x000000aaec7fde60
Event: 10.210 Thread 0x0000024a147a2bb0 DEOPT UNPACKING pc=0x0000024a1c132b43 sp=0x000000aaec7fd3a8 mode 1
Event: 10.210 Thread 0x0000024a147a2bb0 Uncommon trap: trap_request=0xffffffde fr.pc=0x0000024a23c0f4c4 relative=0x0000000000000fa4
Event: 10.210 Thread 0x0000024a147a2bb0 Uncommon trap: reason=class_check action=maybe_recompile pc=0x0000024a23c0f4c4 method=java.util.concurrent.ConcurrentHashMap.putVal(Ljava/lang/Object;Ljava/lang/Object;Z)Ljava/lang/Object; @ 242 c2
Event: 10.210 Thread 0x0000024a147a2bb0 DEOPT PACKING pc=0x0000024a23c0f4c4 sp=0x000000aaec7fdd30
Event: 10.210 Thread 0x0000024a147a2bb0 DEOPT UNPACKING pc=0x0000024a1c1323a3 sp=0x000000aaec7fdcc0 mode 2
Event: 10.211 Thread 0x0000024a147a2bb0 DEOPT PACKING pc=0x0000024a1ca07c34 sp=0x000000aaec7fdeb0
Event: 10.211 Thread 0x0000024a147a2bb0 DEOPT UNPACKING pc=0x0000024a1c132b43 sp=0x000000aaec7fd3e0 mode 1
Event: 10.211 Thread 0x0000024a147a2bb0 DEOPT PACKING pc=0x0000024a1caaed24 sp=0x000000aaec7fdfc0
Event: 10.211 Thread 0x0000024a147a2bb0 DEOPT UNPACKING pc=0x0000024a1c132b43 sp=0x000000aaec7fd508 mode 1
Event: 31.195 Thread 0x0000024a147a2bb0 DEOPT PACKING pc=0x0000024a1c9dd024 sp=0x000000aaec7fddc0
Event: 31.195 Thread 0x0000024a147a2bb0 DEOPT UNPACKING pc=0x0000024a1c132b43 sp=0x000000aaec7fd278 mode 0

Classes loaded (20 events):
Event: 2.222 Loading class java/util/stream/SortedOps$AbstractRefSortingSink done
Event: 2.222 Loading class java/util/stream/SortedOps$SizedRefSortingSink done
Event: 2.241 Loading class java/util/concurrent/ConcurrentLinkedDeque$Itr
Event: 2.241 Loading class java/util/concurrent/ConcurrentLinkedDeque$AbstractItr
Event: 2.241 Loading class java/util/concurrent/ConcurrentLinkedDeque$AbstractItr done
Event: 2.241 Loading class java/util/concurrent/ConcurrentLinkedDeque$Itr done
Event: 5.693 Loading class jdk/internal/reflect/MethodHandleLongFieldAccessorImpl
Event: 5.693 Loading class jdk/internal/reflect/MethodHandleLongFieldAccessorImpl done
Event: 5.703 Loading class java/lang/annotation/ElementType
Event: 5.703 Loading class java/lang/annotation/ElementType done
Event: 5.708 Loading class java/util/AbstractList$ListItr
Event: 5.708 Loading class java/util/AbstractList$ListItr done
Event: 8.732 Loading class java/net/URLEncoder
Event: 8.733 Loading class java/net/URLEncoder done
Event: 8.733 Loading class java/io/CharArrayWriter
Event: 8.733 Loading class java/io/CharArrayWriter done
Event: 10.208 Loading class java/util/concurrent/ConcurrentLinkedQueue$Itr
Event: 10.208 Loading class java/util/concurrent/ConcurrentLinkedQueue$Itr done
Event: 10.211 Loading class java/lang/invoke/WrongMethodTypeException
Event: 10.211 Loading class java/lang/invoke/WrongMethodTypeException done

Classes unloaded (0 events):
No events

Classes redefined (1 events):
Event: 31.227 Thread 0x0000024a329183a0 redefined class name=rajeshObjects.SourceSetObject, count=1

Internal exceptions (20 events):
Event: 1.294 Thread 0x0000024a37d377f0 Exception <a 'java/lang/NoSuchMethodError'{0x00000000882e7760}: 'java.lang.Object java.lang.invoke.DirectMethodHandle$Holder.invokeStaticInit(java.lang.Object, java.lang.Object, long, java.lang.Object)'> (0x00000000882e7760) 
thrown [s\open\src\hotspot\share\interpreter\linkResolver.cpp, line 759]
Event: 1.294 Thread 0x0000024a37d377f0 Exception <a 'java/lang/NoSuchMethodError'{0x00000000882ed7a8}: 'java.lang.Object java.lang.invoke.DirectMethodHandle$Holder.newInvokeSpecial(java.lang.Object, java.lang.Object, long)'> (0x00000000882ed7a8) 
thrown [s\open\src\hotspot\share\interpreter\linkResolver.cpp, line 759]
Event: 1.295 Thread 0x0000024a37ae2940 Exception <a 'java/net/ConnectException'{0x0000000088107bc8}: Connection refused: no further information> (0x0000000088107bc8) 
thrown [s\open\src\hotspot\share\prims\jni.cpp, line 535]
Event: 1.295 Thread 0x0000024a37ae2940 Exception <a 'java/net/SocketException'{0x0000000088107f00}: Socket is not connected: shutdown> (0x0000000088107f00) 
thrown [s\open\src\hotspot\share\prims\jni.cpp, line 535]
Event: 1.316 Thread 0x0000024a37ae2940 Exception <a 'java/net/ConnectException'{0x0000000088108f68}: Connection refused: no further information> (0x0000000088108f68) 
thrown [s\open\src\hotspot\share\prims\jni.cpp, line 535]
Event: 1.316 Thread 0x0000024a37ae2940 Exception <a 'java/net/SocketException'{0x00000000881092a0}: Socket is not connected: shutdown> (0x00000000881092a0) 
thrown [s\open\src\hotspot\share\prims\jni.cpp, line 535]
Event: 1.357 Thread 0x0000024a147a2bb0 Exception <a 'java/lang/NoSuchMethodError'{0x00000000881ac1c0}: 'double java.lang.invoke.DirectMethodHandle$Holder.invokeVirtual(java.lang.Object, java.lang.Object)'> (0x00000000881ac1c0) 
thrown [s\open\src\hotspot\share\interpreter\linkResolver.cpp, line 759]
Event: 1.358 Thread 0x0000024a147a2bb0 Exception <a 'java/lang/NoSuchMethodError'{0x00000000881b2848}: 'float java.lang.invoke.DirectMethodHandle$Holder.invokeVirtual(java.lang.Object, java.lang.Object)'> (0x00000000881b2848) 
thrown [s\open\src\hotspot\share\interpreter\linkResolver.cpp, line 759]
Event: 1.358 Thread 0x0000024a147a2bb0 Exception <a 'java/lang/NoSuchMethodError'{0x00000000881bb9b0}: 'long java.lang.invoke.DirectMethodHandle$Holder.invokeVirtual(java.lang.Object, java.lang.Object)'> (0x00000000881bb9b0) 
thrown [s\open\src\hotspot\share\interpreter\linkResolver.cpp, line 759]
Event: 1.361 Thread 0x0000024a147a2bb0 Exception <a 'java/lang/NoSuchMethodError'{0x00000000881e7978}: 'java.lang.Object java.lang.invoke.DirectMethodHandle$Holder.invokeVirtual(java.lang.Object, java.lang.Object, java.lang.Object)'> (0x00000000881e7978) 
thrown [s\open\src\hotspot\share\interpreter\linkResolver.cpp, line 759]
Event: 1.377 Thread 0x0000024a147a2bb0 Exception <a 'java/lang/NoSuchMethodError'{0x0000000087df69e0}: 'void java.lang.invoke.DirectMethodHandle$Holder.invokeSpecial(java.lang.Object, java.lang.Object, java.lang.Object, java.lang.Object, java.lang.Object)'> (0x0000000087df69e0) 
thrown [s\open\src\hotspot\share\interpreter\linkResolver.cpp, line 759]
Event: 1.377 Thread 0x0000024a147a2bb0 Exception <a 'java/lang/NoSuchMethodError'{0x0000000087dfd7f8}: 'void java.lang.invoke.DirectMethodHandle$Holder.invokeStatic(java.lang.Object, java.lang.Object, int)'> (0x0000000087dfd7f8) 
thrown [s\open\src\hotspot\share\interpreter\linkResolver.cpp, line 759]
Event: 1.406 Thread 0x0000024a147a2bb0 Exception <a 'java/lang/NoSuchMethodError'{0x0000000087bfd2b8}: 'int java.lang.invoke.DirectMethodHandle$Holder.invokeSpecialIFC(java.lang.Object, java.lang.Object, java.lang.Object)'> (0x0000000087bfd2b8) 
thrown [s\open\src\hotspot\share\interpreter\linkResolver.cpp, line 759]
Event: 1.466 Thread 0x0000024a147a2bb0 Exception <a 'java/lang/NoSuchMethodError'{0x00000000896586e8}: 'void java.lang.invoke.DirectMethodHandle$Holder.invokeSpecial(java.lang.Object, java.lang.Object, java.lang.Object, java.lang.Object, java.lang.Object, java.lang.Object)'> (0x00000000896586e8) 
thrown [s\open\src\hotspot\share\interpreter\linkResolver.cpp, line 759]
Event: 2.158 Thread 0x0000024a147a2bb0 Exception <a 'java/lang/NoSuchMethodError'{0x000000008392e3c0}: 'java.lang.Object java.lang.invoke.DirectMethodHandle$Holder.invokeSpecialIFC(java.lang.Object, java.lang.Object, java.lang.Object)'> (0x000000008392e3c0) 
thrown [s\open\src\hotspot\share\interpreter\linkResolver.cpp, line 759]
Event: 5.684 Thread 0x0000024a147a2bb0 Exception <a 'java/lang/NoSuchMethodError'{0x0000000083346c60}: 'void java.lang.invoke.DirectMethodHandle$Holder.invokeInterface(java.lang.Object, java.lang.Object)'> (0x0000000083346c60) 
thrown [s\open\src\hotspot\share\interpreter\linkResolver.cpp, line 759]
Event: 5.693 Thread 0x0000024a147a2bb0 Exception <a 'java/lang/NoSuchMethodError'{0x00000000833d1950}: 'long java.lang.invoke.DelegatingMethodHandle$Holder.reinvoke_L(java.lang.Object, java.lang.Object)'> (0x00000000833d1950) 
thrown [s\open\src\hotspot\share\interpreter\linkResolver.cpp, line 759]
Event: 5.694 Thread 0x0000024a147a2bb0 Exception <a 'java/lang/NoSuchMethodError'{0x00000000833dbc28}: 'void java.lang.invoke.DelegatingMethodHandle$Holder.reinvoke_L(java.lang.Object, java.lang.Object, long)'> (0x00000000833dbc28) 
thrown [s\open\src\hotspot\share\interpreter\linkResolver.cpp, line 759]
Event: 5.694 Thread 0x0000024a147a2bb0 Exception <a 'java/lang/NoSuchMethodError'{0x00000000833e2a80}: 'long java.lang.invoke.Invokers$Holder.invokeExact_MT(java.lang.Object, java.lang.Object, java.lang.Object)'> (0x00000000833e2a80) 
thrown [s\open\src\hotspot\share\interpreter\linkResolver.cpp, line 759]
Event: 5.708 Thread 0x0000024a147a2bb0 Exception <a 'java/lang/NoSuchMethodError'{0x000000008329f7e8}: 'void java.lang.invoke.Invokers$Holder.invokeExact_MT(java.lang.Object, java.lang.Object, java.lang.Object)'> (0x000000008329f7e8) 
thrown [s\open\src\hotspot\share\interpreter\linkResolver.cpp, line 759]

VM Operations (20 events):
Event: 1.551 Executing VM operation: G1Concurrent
Event: 1.552 Executing VM operation: G1Concurrent done
Event: 2.554 Executing VM operation: Cleanup
Event: 2.554 Executing VM operation: Cleanup done
Event: 3.565 Executing VM operation: Cleanup
Event: 3.565 Executing VM operation: Cleanup done
Event: 6.580 Executing VM operation: Cleanup
Event: 6.580 Executing VM operation: Cleanup done
Event: 9.593 Executing VM operation: Cleanup
Event: 9.593 Executing VM operation: Cleanup done
Event: 10.608 Executing VM operation: Cleanup
Event: 10.608 Executing VM operation: Cleanup done
Event: 31.194 Executing VM operation: ChangeSingleStep
Event: 31.194 Executing VM operation: ChangeSingleStep done
Event: 31.195 Executing VM operation: ChangeSingleStep
Event: 31.195 Executing VM operation: ChangeSingleStep done
Event: 31.222 Executing VM operation: RedefineClasses
Event: 31.240 Executing VM operation: RedefineClasses done
Event: 31.247 Executing VM operation: ChangeSingleStep
Event: 31.247 Executing VM operation: ChangeSingleStep done

Events (20 events):
Event: 0.680 Thread 0x0000024a37cd0010 Thread added: 0x0000024a37cd0010
Event: 0.681 Thread 0x0000024a37cd04d0 Thread added: 0x0000024a37cd04d0
Event: 1.020 Loaded shared library C:\Program Files\Java\jdk-18.0.2.1\bin\management.dll
Event: 1.024 Loaded shared library C:\Program Files\Java\jdk-18.0.2.1\bin\management_ext.dll
Event: 1.040 Thread 0x0000024a37c6ba70 Thread added: 0x0000024a37c6ba70
Event: 1.061 Loaded shared library C:\Program Files\Java\jdk-18.0.2.1\bin\sunmscapi.dll
Event: 1.111 Thread 0x0000024a380a8a90 Thread added: 0x0000024a380a8a90
Event: 1.285 Thread 0x0000024a37d377f0 Thread added: 0x0000024a37d377f0
Event: 1.287 Thread 0x0000024a37c9dee0 Thread added: 0x0000024a37c9dee0
Event: 1.288 Thread 0x0000024a37ca1ba0 Thread added: 0x0000024a37ca1ba0
Event: 1.290 Thread 0x0000024a37ae2940 Thread added: 0x0000024a37ae2940
Event: 1.296 Thread 0x0000024a36de6960 Thread added: 0x0000024a36de6960
Event: 1.296 Thread 0x0000024a36de5af0 Thread added: 0x0000024a36de5af0
Event: 1.317 Thread 0x0000024a380a8a90 Thread exited: 0x0000024a380a8a90
Event: 1.350 Thread 0x0000024a36de5150 Thread added: 0x0000024a36de5150
Event: 1.378 Thread 0x0000024a374317d0 Thread exited: 0x0000024a374317d0
Event: 1.512 Thread 0x0000024a36de47b0 Thread added: 0x0000024a36de47b0
Event: 2.185 Thread 0x0000024a36de4c80 Thread added: 0x0000024a36de4c80
Event: 2.196 Thread 0x0000024a36de5fc0 Thread added: 0x0000024a36de5fc0
Event: 6.362 Thread 0x0000024a36de5150 Thread exited: 0x0000024a36de5150


Dynamic libraries:
0x00007ff6b4540000 - 0x00007ff6b4550000 	C:\Program Files\Java\jdk-18.0.2.1\bin\javaw.exe
0x00007ff818510000 - 0x00007ff818708000 	C:\Windows\SYSTEM32\ntdll.dll
0x00007ff8171c0000 - 0x00007ff81727d000 	C:\Windows\System32\KERNEL32.DLL
0x00007ff816200000 - 0x00007ff8164d3000 	C:\Windows\System32\KERNELBASE.dll
0x00007ff815d70000 - 0x00007ff815e70000 	C:\Windows\System32\ucrtbase.dll
0x00007ff809d70000 - 0x00007ff809d88000 	C:\Program Files\Java\jdk-18.0.2.1\bin\jli.dll
0x00007ff808320000 - 0x00007ff80833a000 	C:\Program Files\Java\jdk-18.0.2.1\bin\VCRUNTIME140.dll
0x00007ff818090000 - 0x00007ff81813e000 	C:\Windows\System32\ADVAPI32.dll
0x00007ff817280000 - 0x00007ff81731e000 	C:\Windows\System32\msvcrt.dll
0x00007ff817110000 - 0x00007ff8171ac000 	C:\Windows\System32\sechost.dll
0x00007ff816a50000 - 0x00007ff816b75000 	C:\Windows\System32\RPCRT4.dll
0x00007ff817ef0000 - 0x00007ff81808e000 	C:\Windows\System32\USER32.dll
0x00007ff816100000 - 0x00007ff816122000 	C:\Windows\System32\win32u.dll
0x00007ff805c80000 - 0x00007ff805f1a000 	C:\Windows\WinSxS\amd64_microsoft.windows.common-controls_6595b64144ccf1df_6.0.19041.1110_none_60b5254171f9507e\COMCTL32.dll
0x00007ff8173c0000 - 0x00007ff8173ec000 	C:\Windows\System32\GDI32.dll
0x00007ff815f30000 - 0x00007ff816044000 	C:\Windows\System32\gdi32full.dll
0x00007ff816160000 - 0x00007ff8161fd000 	C:\Windows\System32\msvcp_win.dll
0x00007ff80d0f0000 - 0x00007ff80d0fa000 	C:\Windows\SYSTEM32\VERSION.dll
0x00007ff818340000 - 0x00007ff818370000 	C:\Windows\System32\IMM32.DLL
0x00007ff80edd0000 - 0x00007ff80eddc000 	C:\Program Files\Java\jdk-18.0.2.1\bin\vcruntime140_1.dll
0x00007ffffabb0000 - 0x00007ffffac3d000 	C:\Program Files\Java\jdk-18.0.2.1\bin\msvcp140.dll
0x00007fffb7120000 - 0x00007fffb7d31000 	C:\Program Files\Java\jdk-18.0.2.1\bin\server\jvm.dll
0x00007ff816c30000 - 0x00007ff816c38000 	C:\Windows\System32\PSAPI.DLL
0x00007ff80ec70000 - 0x00007ff80ec79000 	C:\Windows\SYSTEM32\WSOCK32.dll
0x00007ff80cf00000 - 0x00007ff80cf27000 	C:\Windows\SYSTEM32\WINMM.dll
0x00007ff8181a0000 - 0x00007ff81820b000 	C:\Windows\System32\WS2_32.dll
0x00007ff813af0000 - 0x00007ff813b02000 	C:\Windows\SYSTEM32\kernel.appcore.dll
0x00007ff8087a0000 - 0x00007ff8087aa000 	C:\Program Files\Java\jdk-18.0.2.1\bin\jimage.dll
0x00007ff80f970000 - 0x00007ff80fb54000 	C:\Windows\SYSTEM32\DBGHELP.DLL
0x00007ff80f910000 - 0x00007ff80f93c000 	C:\Windows\SYSTEM32\dbgcore.DLL
0x00007ff8164e0000 - 0x00007ff816562000 	C:\Windows\System32\bcryptPrimitives.dll
0x00007ff80f790000 - 0x00007ff80f7cb000 	C:\Program Files\Java\jdk-18.0.2.1\bin\jdwp.dll
0x00007ff807db0000 - 0x00007ff807dd5000 	C:\Program Files\Java\jdk-18.0.2.1\bin\java.dll
0x00007ffffa390000 - 0x00007ffffa466000 	C:\Program Files\Java\jdk-18.0.2.1\bin\jsvml.dll
0x00007ff817670000 - 0x00007ff817db3000 	C:\Windows\System32\SHELL32.dll
0x00007ff813cf0000 - 0x00007ff814484000 	C:\Windows\SYSTEM32\windows.storage.dll
0x00007ff8166f0000 - 0x00007ff816a44000 	C:\Windows\System32\combase.dll
0x00007ff815670000 - 0x00007ff8156a0000 	C:\Windows\SYSTEM32\Wldp.dll
0x00007ff816b80000 - 0x00007ff816c2d000 	C:\Windows\System32\SHCORE.dll
0x00007ff818140000 - 0x00007ff818195000 	C:\Windows\System32\shlwapi.dll
0x00007ff815b50000 - 0x00007ff815b6f000 	C:\Windows\SYSTEM32\profapi.dll
0x00007ff80ede0000 - 0x00007ff80edec000 	C:\Program Files\Java\jdk-18.0.2.1\bin\dt_socket.dll
0x00007ff815070000 - 0x00007ff8150ab000 	C:\Windows\SYSTEM32\IPHLPAPI.DLL
0x00007ff8153d0000 - 0x00007ff81543a000 	C:\Windows\system32\mswsock.dll
0x00007ff8150b0000 - 0x00007ff81517a000 	C:\Windows\SYSTEM32\DNSAPI.dll
0x00007ff8173b0000 - 0x00007ff8173b8000 	C:\Windows\System32\NSI.dll
0x00007ff810490000 - 0x00007ff81049a000 	C:\Windows\System32\rasadhlp.dll
0x00007ff8100f0000 - 0x00007ff810170000 	C:\Windows\System32\fwpuclnt.dll
0x00007ff816130000 - 0x00007ff816157000 	C:\Windows\System32\bcrypt.dll
0x00007ff807d90000 - 0x00007ff807da3000 	C:\Program Files\Java\jdk-18.0.2.1\bin\net.dll
0x00007ff810500000 - 0x00007ff81060d000 	C:\Windows\SYSTEM32\WINHTTP.dll
0x00007ff806580000 - 0x00007ff806596000 	C:\Program Files\Java\jdk-18.0.2.1\bin\nio.dll
0x00007ff806070000 - 0x00007ff806088000 	C:\Program Files\Java\jdk-18.0.2.1\bin\zip.dll
0x00007ff807d80000 - 0x00007ff807d90000 	C:\Program Files\Java\jdk-18.0.2.1\bin\verify.dll
0x00007ff8155c0000 - 0x00007ff8155d8000 	C:\Windows\SYSTEM32\CRYPTSP.dll
0x00007ff814c80000 - 0x00007ff814cb4000 	C:\Windows\system32\rsaenh.dll
0x00007ff815b10000 - 0x00007ff815b3e000 	C:\Windows\SYSTEM32\USERENV.dll
0x00007ff8155e0000 - 0x00007ff8155ec000 	C:\Windows\SYSTEM32\CRYPTBASE.dll
0x00007ff811020000 - 0x00007ff811037000 	C:\Windows\SYSTEM32\dhcpcsvc6.DLL
0x00007ff811000000 - 0x00007ff81101d000 	C:\Windows\SYSTEM32\dhcpcsvc.DLL
0x00007ff811920000 - 0x00007ff811929000 	C:\Program Files\Java\jdk-18.0.2.1\bin\management.dll
0x00007ff811910000 - 0x00007ff81191b000 	C:\Program Files\Java\jdk-18.0.2.1\bin\management_ext.dll
0x00007ff807cd0000 - 0x00007ff807cde000 	C:\Program Files\Java\jdk-18.0.2.1\bin\sunmscapi.dll
0x00007ff815c10000 - 0x00007ff815d66000 	C:\Windows\System32\CRYPT32.dll
0x00007ff8156e0000 - 0x00007ff815707000 	C:\Windows\SYSTEM32\ncrypt.dll
0x00007ff8156a0000 - 0x00007ff8156db000 	C:\Windows\SYSTEM32\NTASN1.dll
0x00007ff808450000 - 0x00007ff808467000 	C:\Windows\system32\napinsp.dll
0x00007ff808140000 - 0x00007ff80815b000 	C:\Windows\system32\pnrpnsp.dll
0x00007ff809190000 - 0x00007ff8091a5000 	C:\Windows\system32\wshbth.dll
0x00007ff8110c0000 - 0x00007ff8110dd000 	C:\Windows\system32\NLAapi.dll
0x00007ff807cb0000 - 0x00007ff807cc2000 	C:\Windows\System32\winrnr.dll

dbghelp: loaded successfully - version: 4.0.5 - missing functions: none
symbol engine: initialized successfully - sym options: 0x614 - pdb path: .;C:\Program Files\Java\jdk-18.0.2.1\bin;C:\Windows\SYSTEM32;C:\Windows\WinSxS\amd64_microsoft.windows.common-controls_6595b64144ccf1df_6.0.19041.1110_none_60b5254171f9507e;C:\Program Files\Java\jdk-18.0.2.1\bin\server

VM Arguments:
jvm_args: -XX:+ShowCodeDetailsInExceptionMessages -agentlib:jdwp=transport=dt_socket,suspend=y,address=localhost:61463 -ea -Dfile.encoding=UTF-8 
java_command: org.testng.remote.RemoteTestNG -serport 61462 -protocol json -d C:\Users\CodeTez\eclipse-workspace\RajeshAdvisory\test-output C:\Users\CodeTez\AppData\Local\Temp\testng-eclipse-264812564\testng-customsuite.xml
java_class_path (initial): C:\Users\CodeTez\eclipse\java-2022-06\eclipse\configuration\org.eclipse.osgi\429\0\.cp\lib\testng-remote.jar;C:\Users\CodeTez\eclipse-workspace\RajeshAdvisory\bin;C:\Users\CodeTez\eclipse-workspace\RajeshAdvisory\Jars\ExtentReport\bson-3.3.0.jar;C:\Users\CodeTez\eclipse-workspace\RajeshAdvisory\Jars\ExtentReport\commons-codec-1.9.jar;C:\Users\CodeTez\eclipse-workspace\RajeshAdvisory\Jars\ExtentReport\commons-logging-1.2.jar;C:\Users\CodeTez\eclipse-workspace\RajeshAdvisory\Jars\ExtentReport\extentreports-3.1.2.jar;C:\Users\CodeTez\eclipse-workspace\RajeshAdvisory\Jars\ExtentReport\freemarker-2.3.23.jar;C:\Users\CodeTez\eclipse-workspace\RajeshAdvisory\Jars\ExtentReport\gson-2.8.0.jar;C:\Users\CodeTez\eclipse-workspace\RajeshAdvisory\Jars\ExtentReport\httpclient-4.5.2.jar;C:\Users\CodeTez\eclipse-workspace\RajeshAdvisory\Jars\ExtentReport\httpcore-4.4.4.jar;C:\Users\CodeTez\eclipse-workspace\RajeshAdvisory\Jars\ExtentReport\httpmime-4.5.2.jar;C:\Users\CodeTez\eclipse-workspace\RajeshAdvisory\Jars\ExtentReport\jsoup-1.9.2.jar;C:\Users\CodeTez\eclipse-workspace\RajeshAdvisory\Jars\ExtentReport\mongodb-driver-3.3.0.jar;C:\Users\CodeTez\eclipse-workspace\RajeshAdvisory\Jars\ExtentReport\mongodb-driver-core-3.3.0.jar;C:\Users\CodeTez\eclipse-workspace\RajeshAdvisory\Jars\TestNG\jcommander-1.82.jar;C:\Users\CodeTez\eclipse-workspace\RajeshAdvisory\Jars\TestNG\jquery-3.6.0.jar;C:\Users\CodeTez\eclipse-workspace\RajeshAdvisory\Jars\TestNG\jsr305-3.0.2.jar;C:\Users\CodeTez\eclipse-workspace\RajeshAdvisory\Jars\TestNG\slf4j-api-1.7.36.jar;C:\Users\CodeTez\eclipse-workspace\RajeshAdvisory\Jars\TestNG\testng-7.6.0.jar;C:\Users\CodeTez\eclipse-workspace\RajeshAdvisory\Jars\Selenium\selenium-server-4.4.0.jar
Launcher Type: SUN_STANDARD

[Global flags]
     intx CICompilerCount                          = 4                                         {product} {ergonomic}
     uint ConcGCThreads                            = 2                                         {product} {ergonomic}
     uint G1ConcRefinementThreads                  = 8                                         {product} {ergonomic}
   size_t G1HeapRegionSize                         = 1048576                                   {product} {ergonomic}
    uintx GCDrainStackTargetSize                   = 64                                        {product} {ergonomic}
   size_t InitialHeapSize                          = 134217728                                 {product} {ergonomic}
   size_t MarkStackSize                            = 4194304                                   {product} {ergonomic}
   size_t MaxHeapSize                              = 2122317824                                {product} {ergonomic}
   size_t MaxNewSize                               = 1272971264                                {product} {ergonomic}
   size_t MinHeapDeltaBytes                        = 1048576                                   {product} {ergonomic}
   size_t MinHeapSize                              = 8388608                                   {product} {ergonomic}
    uintx NonNMethodCodeHeapSize                   = 5839372                                {pd product} {ergonomic}
    uintx NonProfiledCodeHeapSize                  = 122909434                              {pd product} {ergonomic}
    uintx ProfiledCodeHeapSize                     = 122909434                              {pd product} {ergonomic}
    uintx ReservedCodeCacheSize                    = 251658240                              {pd product} {ergonomic}
     bool SegmentedCodeCache                       = true                                      {product} {ergonomic}
     bool ShowCodeDetailsInExceptionMessages       = true                                   {manageable} {command line}
   size_t SoftMaxHeapSize                          = 2122317824                             {manageable} {ergonomic}
     bool UseCompressedClassPointers               = true                           {product lp64_product} {ergonomic}
     bool UseCompressedOops                        = true                           {product lp64_product} {ergonomic}
     bool UseG1GC                                  = true                                      {product} {ergonomic}
     bool UseLargePagesIndividualAllocation        = false                                  {pd product} {ergonomic}

Logging:
Log output configuration:
 #0: stdout all=warning uptime,level,tags foldmultilines=false
 #1: stderr all=off uptime,level,tags foldmultilines=false

Environment Variables:
JAVA_HOME=C:\Program Files\Java\jdk-18.0.2.1
PATH=C:\Program Files\Common Files\Oracle\Java\javapath;C:\Program Files (x86)\NVIDIA Corporation\PhysX\Common;C:\Windows\system32;C:\Windows;C:\Windows\System32\Wbem;C:\Windows\System32\WindowsPowerShell\v1.0\;C:\Windows\System32\OpenSSH\;C:\Program Files\Java\jdk-18.0.2.1\bin;C:\Program Files\Java\jdk-18.0.2.1\bin;C:\Users\CodeTez\AppData\Local\Microsoft\WindowsApps;
USERNAME=CodeTez
OS=Windows_NT
PROCESSOR_IDENTIFIER=Intel64 Family 6 Model 165 Stepping 3, GenuineIntel



---------------  S Y S T E M  ---------------

OS:
 Windows 10 , 64 bit Build 19041 (10.0.19041.1889)
OS uptime: 8 days 0:46 hours

CPU: total 8 (initial active 8) (4 cores per cpu, 2 threads per core) family 6 model 165 stepping 3 microcode 0xe0, cx8, cmov, fxsr, ht, mmx, 3dnowpref, sse, sse2, sse3, ssse3, sse4.1, sse4.2, popcnt, lzcnt, tsc, tscinvbit, avx, avx2, aes, erms, clmul, bmi1, bmi2, adx, fma, vzeroupper, clflush, clflushopt

Memory: 4k page, system-wide physical 8089M (2265M free)
TotalPageFile size 14104M (AvailPageFile size 4329M)
current process WorkingSet (physical memory assigned to process): 112M, peak: 127M
current process commit charge ("private bytes"): 169M, peak: 258M

vm_info: Java HotSpot(TM) 64-Bit Server VM (18.0.2.1+1-1) for windows-amd64 JRE (18.0.2.1+1-1), built on Aug 16 2022 01:46:33 by "mach5one" with MS VC++ 16.8 / 16.9 (VS2019)

END.
